[0.012s] Invoking command in '/home/pepijn/Desktop/git/DUM-E_ROSCode/ros2_ws/build/arduino_interfaces': CMAKE_PREFIX_PATH=${CMAKE_PREFIX_PATH}:/opt/ros/jazzy DEBUGINFOD_URLS=https://debuginfod.ubuntu.com /usr/bin/cmake --build /home/pepijn/Desktop/git/DUM-E_ROSCode/ros2_ws/build/arduino_interfaces -- -j12 -l12
[0.019s] [0mCMake Error: The current CMakeCache.txt directory /home/pepijn/Desktop/git/DUM-E_ROSCode/ros2_ws/build/arduino_interfaces/CMakeCache.txt is different than the directory /home/pepijn/ros2_ws/build/arduino_interfaces where CMakeCache.txt was created. This may result in binaries being created in the wrong place. If you are not sure, reedit the CMakeCache.txt[0m
[0.058s] [  2%] Built target arduino_interfaces__rosidl_generator_type_description
[0.067s] [  2%] Built target ament_cmake_python_copy_arduino_interfaces
[0.077s] [  4%] Built target arduino_interfaces__cpp
[0.077s] [ 22%] Built target arduino_interfaces__rosidl_generator_c
[0.108s] [ 31%] Built target arduino_interfaces__rosidl_typesupport_fastrtps_c
[0.108s] [ 40%] Built target arduino_interfaces__rosidl_typesupport_c
[0.109s] [ 50%] Built target arduino_interfaces__rosidl_typesupport_cpp
[0.109s] [ 59%] Built target arduino_interfaces__rosidl_typesupport_introspection_c
[0.114s] [ 68%] Built target arduino_interfaces__rosidl_typesupport_introspection_cpp
[0.120s] [ 77%] Built target arduino_interfaces__rosidl_typesupport_fastrtps_cpp
[0.137s] [ 77%] Built target arduino_interfaces
[0.155s] [ 79%] Built target arduino_interfaces__py
[0.175s] [ 86%] Built target arduino_interfaces__rosidl_generator_py
[0.199s] [ 90%] Built target arduino_interfaces_s__rosidl_typesupport_introspection_c
[0.199s] [ 95%] Built target arduino_interfaces_s__rosidl_typesupport_c
[0.199s] [100%] Built target arduino_interfaces_s__rosidl_typesupport_fastrtps_c
[0.277s] running egg_info
[0.296s] writing arduino_interfaces.egg-info/PKG-INFO
[0.296s] writing dependency_links to arduino_interfaces.egg-info/dependency_links.txt
[0.296s] writing top-level names to arduino_interfaces.egg-info/top_level.txt
[0.348s] reading manifest file 'arduino_interfaces.egg-info/SOURCES.txt'
[0.348s] writing manifest file 'arduino_interfaces.egg-info/SOURCES.txt'
[0.377s] [100%] Built target ament_cmake_python_build_arduino_interfaces_egg
[0.389s] Invoked command in '/home/pepijn/Desktop/git/DUM-E_ROSCode/ros2_ws/build/arduino_interfaces' returned '0': CMAKE_PREFIX_PATH=${CMAKE_PREFIX_PATH}:/opt/ros/jazzy DEBUGINFOD_URLS=https://debuginfod.ubuntu.com /usr/bin/cmake --build /home/pepijn/Desktop/git/DUM-E_ROSCode/ros2_ws/build/arduino_interfaces -- -j12 -l12
[0.390s] Invoking command in '/home/pepijn/Desktop/git/DUM-E_ROSCode/ros2_ws/build/arduino_interfaces': CMAKE_PREFIX_PATH=${CMAKE_PREFIX_PATH}:/opt/ros/jazzy DEBUGINFOD_URLS=https://debuginfod.ubuntu.com /usr/bin/cmake --install /home/pepijn/Desktop/git/DUM-E_ROSCode/ros2_ws/build/arduino_interfaces
[0.402s] -- Install configuration: ""
[0.403s] -- Up-to-date: /home/pepijn/ros2_ws/install/arduino_interfaces/share/ament_index/resource_index/rosidl_interfaces/arduino_interfaces
[0.403s] -- Up-to-date: /home/pepijn/ros2_ws/install/arduino_interfaces/share/arduino_interfaces/msg/Num.json
[0.403s] -- Up-to-date: /home/pepijn/ros2_ws/install/arduino_interfaces/share/arduino_interfaces/srv/SetStepperMotorPositions.json
[0.403s] -- Up-to-date: /home/pepijn/ros2_ws/install/arduino_interfaces/include/arduino_interfaces/arduino_interfaces
[0.403s] -- Up-to-date: /home/pepijn/ros2_ws/install/arduino_interfaces/include/arduino_interfaces/arduino_interfaces/srv
[0.403s] -- Up-to-date: /home/pepijn/ros2_ws/install/arduino_interfaces/include/arduino_interfaces/arduino_interfaces/srv/set_stepper_motor_positions.h
[0.403s] -- Up-to-date: /home/pepijn/ros2_ws/install/arduino_interfaces/include/arduino_interfaces/arduino_interfaces/srv/detail
[0.403s] -- Up-to-date: /home/pepijn/ros2_ws/install/arduino_interfaces/include/arduino_interfaces/arduino_interfaces/srv/detail/set_stepper_motor_positions__functions.h
[0.403s] -- Up-to-date: /home/pepijn/ros2_ws/install/arduino_interfaces/include/arduino_interfaces/arduino_interfaces/srv/detail/set_stepper_motor_positions__type_support.h
[0.403s] -- Up-to-date: /home/pepijn/ros2_ws/install/arduino_interfaces/include/arduino_interfaces/arduino_interfaces/srv/detail/set_stepper_motor_positions__functions.c
[0.403s] -- Up-to-date: /home/pepijn/ros2_ws/install/arduino_interfaces/include/arduino_interfaces/arduino_interfaces/srv/detail/set_stepper_motor_positions__type_support.c
[0.403s] -- Up-to-date: /home/pepijn/ros2_ws/install/arduino_interfaces/include/arduino_interfaces/arduino_interfaces/srv/detail/set_stepper_motor_positions__struct.h
[0.403s] -- Up-to-date: /home/pepijn/ros2_ws/install/arduino_interfaces/include/arduino_interfaces/arduino_interfaces/srv/detail/set_stepper_motor_positions__description.c
[0.404s] -- Up-to-date: /home/pepijn/ros2_ws/install/arduino_interfaces/include/arduino_interfaces/arduino_interfaces/msg
[0.404s] -- Up-to-date: /home/pepijn/ros2_ws/install/arduino_interfaces/include/arduino_interfaces/arduino_interfaces/msg/rosidl_generator_c__visibility_control.h
[0.404s] -- Up-to-date: /home/pepijn/ros2_ws/install/arduino_interfaces/include/arduino_interfaces/arduino_interfaces/msg/num.h
[0.404s] -- Up-to-date: /home/pepijn/ros2_ws/install/arduino_interfaces/include/arduino_interfaces/arduino_interfaces/msg/detail
[0.404s] -- Up-to-date: /home/pepijn/ros2_ws/install/arduino_interfaces/include/arduino_interfaces/arduino_interfaces/msg/detail/num__type_support.c
[0.404s] -- Up-to-date: /home/pepijn/ros2_ws/install/arduino_interfaces/include/arduino_interfaces/arduino_interfaces/msg/detail/num__functions.h
[0.404s] -- Up-to-date: /home/pepijn/ros2_ws/install/arduino_interfaces/include/arduino_interfaces/arduino_interfaces/msg/detail/num__type_support.h
[0.404s] -- Up-to-date: /home/pepijn/ros2_ws/install/arduino_interfaces/include/arduino_interfaces/arduino_interfaces/msg/detail/num__description.c
[0.404s] -- Up-to-date: /home/pepijn/ros2_ws/install/arduino_interfaces/include/arduino_interfaces/arduino_interfaces/msg/detail/num__struct.h
[0.404s] -- Up-to-date: /home/pepijn/ros2_ws/install/arduino_interfaces/include/arduino_interfaces/arduino_interfaces/msg/detail/num__functions.c
[0.404s] -- Up-to-date: /home/pepijn/ros2_ws/install/arduino_interfaces/share/arduino_interfaces/environment/library_path.sh
[0.404s] -- Up-to-date: /home/pepijn/ros2_ws/install/arduino_interfaces/share/arduino_interfaces/environment/library_path.dsv
[0.404s] -- Up-to-date: /home/pepijn/ros2_ws/install/arduino_interfaces/lib/libarduino_interfaces__rosidl_generator_c.so
[0.404s] -- Up-to-date: /home/pepijn/ros2_ws/install/arduino_interfaces/include/arduino_interfaces/arduino_interfaces
[0.404s] -- Up-to-date: /home/pepijn/ros2_ws/install/arduino_interfaces/include/arduino_interfaces/arduino_interfaces/srv
[0.405s] -- Up-to-date: /home/pepijn/ros2_ws/install/arduino_interfaces/include/arduino_interfaces/arduino_interfaces/srv/detail
[0.405s] -- Up-to-date: /home/pepijn/ros2_ws/install/arduino_interfaces/include/arduino_interfaces/arduino_interfaces/srv/detail/set_stepper_motor_positions__rosidl_typesupport_fastrtps_c.h
[0.405s] -- Up-to-date: /home/pepijn/ros2_ws/install/arduino_interfaces/include/arduino_interfaces/arduino_interfaces/msg
[0.405s] -- Up-to-date: /home/pepijn/ros2_ws/install/arduino_interfaces/include/arduino_interfaces/arduino_interfaces/msg/rosidl_typesupport_fastrtps_c__visibility_control.h
[0.405s] -- Up-to-date: /home/pepijn/ros2_ws/install/arduino_interfaces/include/arduino_interfaces/arduino_interfaces/msg/detail
[0.405s] -- Up-to-date: /home/pepijn/ros2_ws/install/arduino_interfaces/include/arduino_interfaces/arduino_interfaces/msg/detail/num__rosidl_typesupport_fastrtps_c.h
[0.405s] -- Up-to-date: /home/pepijn/ros2_ws/install/arduino_interfaces/lib/libarduino_interfaces__rosidl_typesupport_fastrtps_c.so
[0.405s] -- Up-to-date: /home/pepijn/ros2_ws/install/arduino_interfaces/include/arduino_interfaces/arduino_interfaces
[0.405s] -- Up-to-date: /home/pepijn/ros2_ws/install/arduino_interfaces/include/arduino_interfaces/arduino_interfaces/srv
[0.405s] -- Up-to-date: /home/pepijn/ros2_ws/install/arduino_interfaces/include/arduino_interfaces/arduino_interfaces/srv/detail
[0.406s] -- Up-to-date: /home/pepijn/ros2_ws/install/arduino_interfaces/include/arduino_interfaces/arduino_interfaces/srv/detail/set_stepper_motor_positions__rosidl_typesupport_introspection_c.h
[0.406s] -- Up-to-date: /home/pepijn/ros2_ws/install/arduino_interfaces/include/arduino_interfaces/arduino_interfaces/srv/detail/set_stepper_motor_positions__type_support.c
[0.406s] -- Up-to-date: /home/pepijn/ros2_ws/install/arduino_interfaces/include/arduino_interfaces/arduino_interfaces/msg
[0.406s] -- Up-to-date: /home/pepijn/ros2_ws/install/arduino_interfaces/include/arduino_interfaces/arduino_interfaces/msg/rosidl_typesupport_introspection_c__visibility_control.h
[0.406s] -- Up-to-date: /home/pepijn/ros2_ws/install/arduino_interfaces/include/arduino_interfaces/arduino_interfaces/msg/detail
[0.406s] -- Up-to-date: /home/pepijn/ros2_ws/install/arduino_interfaces/include/arduino_interfaces/arduino_interfaces/msg/detail/num__type_support.c
[0.406s] -- Up-to-date: /home/pepijn/ros2_ws/install/arduino_interfaces/include/arduino_interfaces/arduino_interfaces/msg/detail/num__rosidl_typesupport_introspection_c.h
[0.407s] -- Up-to-date: /home/pepijn/ros2_ws/install/arduino_interfaces/lib/libarduino_interfaces__rosidl_typesupport_introspection_c.so
[0.407s] -- Up-to-date: /home/pepijn/ros2_ws/install/arduino_interfaces/lib/libarduino_interfaces__rosidl_typesupport_c.so
[0.407s] -- Up-to-date: /home/pepijn/ros2_ws/install/arduino_interfaces/include/arduino_interfaces/arduino_interfaces
[0.407s] -- Up-to-date: /home/pepijn/ros2_ws/install/arduino_interfaces/include/arduino_interfaces/arduino_interfaces/srv
[0.407s] -- Up-to-date: /home/pepijn/ros2_ws/install/arduino_interfaces/include/arduino_interfaces/arduino_interfaces/srv/detail
[0.407s] -- Up-to-date: /home/pepijn/ros2_ws/install/arduino_interfaces/include/arduino_interfaces/arduino_interfaces/srv/detail/set_stepper_motor_positions__struct.hpp
[0.407s] -- Up-to-date: /home/pepijn/ros2_ws/install/arduino_interfaces/include/arduino_interfaces/arduino_interfaces/srv/detail/set_stepper_motor_positions__builder.hpp
[0.407s] -- Up-to-date: /home/pepijn/ros2_ws/install/arduino_interfaces/include/arduino_interfaces/arduino_interfaces/srv/detail/set_stepper_motor_positions__type_support.hpp
[0.407s] -- Up-to-date: /home/pepijn/ros2_ws/install/arduino_interfaces/include/arduino_interfaces/arduino_interfaces/srv/detail/set_stepper_motor_positions__traits.hpp
[0.407s] -- Up-to-date: /home/pepijn/ros2_ws/install/arduino_interfaces/include/arduino_interfaces/arduino_interfaces/srv/set_stepper_motor_positions.hpp
[0.407s] -- Up-to-date: /home/pepijn/ros2_ws/install/arduino_interfaces/include/arduino_interfaces/arduino_interfaces/msg
[0.407s] -- Up-to-date: /home/pepijn/ros2_ws/install/arduino_interfaces/include/arduino_interfaces/arduino_interfaces/msg/num.hpp
[0.407s] -- Up-to-date: /home/pepijn/ros2_ws/install/arduino_interfaces/include/arduino_interfaces/arduino_interfaces/msg/rosidl_generator_cpp__visibility_control.hpp
[0.407s] -- Up-to-date: /home/pepijn/ros2_ws/install/arduino_interfaces/include/arduino_interfaces/arduino_interfaces/msg/detail
[0.407s] -- Up-to-date: /home/pepijn/ros2_ws/install/arduino_interfaces/include/arduino_interfaces/arduino_interfaces/msg/detail/num__builder.hpp
[0.407s] -- Up-to-date: /home/pepijn/ros2_ws/install/arduino_interfaces/include/arduino_interfaces/arduino_interfaces/msg/detail/num__type_support.hpp
[0.407s] -- Up-to-date: /home/pepijn/ros2_ws/install/arduino_interfaces/include/arduino_interfaces/arduino_interfaces/msg/detail/num__traits.hpp
[0.407s] -- Up-to-date: /home/pepijn/ros2_ws/install/arduino_interfaces/include/arduino_interfaces/arduino_interfaces/msg/detail/num__struct.hpp
[0.407s] -- Up-to-date: /home/pepijn/ros2_ws/install/arduino_interfaces/include/arduino_interfaces/arduino_interfaces
[0.408s] -- Up-to-date: /home/pepijn/ros2_ws/install/arduino_interfaces/include/arduino_interfaces/arduino_interfaces/srv
[0.408s] -- Up-to-date: /home/pepijn/ros2_ws/install/arduino_interfaces/include/arduino_interfaces/arduino_interfaces/srv/detail
[0.408s] -- Up-to-date: /home/pepijn/ros2_ws/install/arduino_interfaces/include/arduino_interfaces/arduino_interfaces/srv/detail/dds_fastrtps
[0.408s] -- Up-to-date: /home/pepijn/ros2_ws/install/arduino_interfaces/include/arduino_interfaces/arduino_interfaces/srv/detail/set_stepper_motor_positions__rosidl_typesupport_fastrtps_cpp.hpp
[0.408s] -- Up-to-date: /home/pepijn/ros2_ws/install/arduino_interfaces/include/arduino_interfaces/arduino_interfaces/msg
[0.408s] -- Up-to-date: /home/pepijn/ros2_ws/install/arduino_interfaces/include/arduino_interfaces/arduino_interfaces/msg/detail
[0.408s] -- Up-to-date: /home/pepijn/ros2_ws/install/arduino_interfaces/include/arduino_interfaces/arduino_interfaces/msg/detail/dds_fastrtps
[0.408s] -- Up-to-date: /home/pepijn/ros2_ws/install/arduino_interfaces/include/arduino_interfaces/arduino_interfaces/msg/detail/num__rosidl_typesupport_fastrtps_cpp.hpp
[0.408s] -- Up-to-date: /home/pepijn/ros2_ws/install/arduino_interfaces/include/arduino_interfaces/arduino_interfaces/msg/rosidl_typesupport_fastrtps_cpp__visibility_control.h
[0.408s] -- Up-to-date: /home/pepijn/ros2_ws/install/arduino_interfaces/lib/libarduino_interfaces__rosidl_typesupport_fastrtps_cpp.so
[0.408s] -- Up-to-date: /home/pepijn/ros2_ws/install/arduino_interfaces/include/arduino_interfaces/arduino_interfaces
[0.408s] -- Up-to-date: /home/pepijn/ros2_ws/install/arduino_interfaces/include/arduino_interfaces/arduino_interfaces/srv
[0.408s] -- Up-to-date: /home/pepijn/ros2_ws/install/arduino_interfaces/include/arduino_interfaces/arduino_interfaces/srv/detail
[0.408s] -- Up-to-date: /home/pepijn/ros2_ws/install/arduino_interfaces/include/arduino_interfaces/arduino_interfaces/srv/detail/set_stepper_motor_positions__rosidl_typesupport_introspection_cpp.hpp
[0.408s] -- Up-to-date: /home/pepijn/ros2_ws/install/arduino_interfaces/include/arduino_interfaces/arduino_interfaces/srv/detail/set_stepper_motor_positions__type_support.cpp
[0.408s] -- Up-to-date: /home/pepijn/ros2_ws/install/arduino_interfaces/include/arduino_interfaces/arduino_interfaces/msg
[0.408s] -- Up-to-date: /home/pepijn/ros2_ws/install/arduino_interfaces/include/arduino_interfaces/arduino_interfaces/msg/detail
[0.408s] -- Up-to-date: /home/pepijn/ros2_ws/install/arduino_interfaces/include/arduino_interfaces/arduino_interfaces/msg/detail/num__type_support.cpp
[0.408s] -- Up-to-date: /home/pepijn/ros2_ws/install/arduino_interfaces/include/arduino_interfaces/arduino_interfaces/msg/detail/num__rosidl_typesupport_introspection_cpp.hpp
[0.409s] -- Up-to-date: /home/pepijn/ros2_ws/install/arduino_interfaces/lib/libarduino_interfaces__rosidl_typesupport_introspection_cpp.so
[0.409s] -- Up-to-date: /home/pepijn/ros2_ws/install/arduino_interfaces/lib/libarduino_interfaces__rosidl_typesupport_cpp.so
[0.409s] -- Up-to-date: /home/pepijn/ros2_ws/install/arduino_interfaces/share/arduino_interfaces/environment/pythonpath.sh
[0.409s] -- Up-to-date: /home/pepijn/ros2_ws/install/arduino_interfaces/share/arduino_interfaces/environment/pythonpath.dsv
[0.409s] -- Up-to-date: /home/pepijn/ros2_ws/install/arduino_interfaces/lib/python3.12/site-packages/arduino_interfaces-0.0.0-py3.12.egg-info
[0.409s] -- Installing: /home/pepijn/ros2_ws/install/arduino_interfaces/lib/python3.12/site-packages/arduino_interfaces-0.0.0-py3.12.egg-info/top_level.txt
[0.409s] -- Installing: /home/pepijn/ros2_ws/install/arduino_interfaces/lib/python3.12/site-packages/arduino_interfaces-0.0.0-py3.12.egg-info/PKG-INFO
[0.409s] -- Installing: /home/pepijn/ros2_ws/install/arduino_interfaces/lib/python3.12/site-packages/arduino_interfaces-0.0.0-py3.12.egg-info/dependency_links.txt
[0.409s] -- Installing: /home/pepijn/ros2_ws/install/arduino_interfaces/lib/python3.12/site-packages/arduino_interfaces-0.0.0-py3.12.egg-info/SOURCES.txt
[0.409s] -- Up-to-date: /home/pepijn/ros2_ws/install/arduino_interfaces/lib/python3.12/site-packages/arduino_interfaces
[0.409s] -- Up-to-date: /home/pepijn/ros2_ws/install/arduino_interfaces/lib/python3.12/site-packages/arduino_interfaces/srv
[0.409s] -- Up-to-date: /home/pepijn/ros2_ws/install/arduino_interfaces/lib/python3.12/site-packages/arduino_interfaces/srv/_set_stepper_motor_positions_s.c
[0.409s] -- Up-to-date: /home/pepijn/ros2_ws/install/arduino_interfaces/lib/python3.12/site-packages/arduino_interfaces/srv/_set_stepper_motor_positions.py
[0.409s] -- Up-to-date: /home/pepijn/ros2_ws/install/arduino_interfaces/lib/python3.12/site-packages/arduino_interfaces/srv/__init__.py
[0.409s] -- Up-to-date: /home/pepijn/ros2_ws/install/arduino_interfaces/lib/python3.12/site-packages/arduino_interfaces/_arduino_interfaces_s.ep.rosidl_typesupport_fastrtps_c.c
[0.409s] -- Up-to-date: /home/pepijn/ros2_ws/install/arduino_interfaces/lib/python3.12/site-packages/arduino_interfaces/arduino_interfaces_s__rosidl_typesupport_fastrtps_c.so
[0.409s] -- Up-to-date: /home/pepijn/ros2_ws/install/arduino_interfaces/lib/python3.12/site-packages/arduino_interfaces/_arduino_interfaces_s.ep.rosidl_typesupport_introspection_c.c
[0.409s] -- Up-to-date: /home/pepijn/ros2_ws/install/arduino_interfaces/lib/python3.12/site-packages/arduino_interfaces/arduino_interfaces_s__rosidl_typesupport_c.so
[0.409s] -- Up-to-date: /home/pepijn/ros2_ws/install/arduino_interfaces/lib/python3.12/site-packages/arduino_interfaces/__init__.py
[0.409s] -- Up-to-date: /home/pepijn/ros2_ws/install/arduino_interfaces/lib/python3.12/site-packages/arduino_interfaces/msg
[0.410s] -- Up-to-date: /home/pepijn/ros2_ws/install/arduino_interfaces/lib/python3.12/site-packages/arduino_interfaces/msg/_num.py
[0.410s] -- Up-to-date: /home/pepijn/ros2_ws/install/arduino_interfaces/lib/python3.12/site-packages/arduino_interfaces/msg/_num_s.c
[0.410s] -- Up-to-date: /home/pepijn/ros2_ws/install/arduino_interfaces/lib/python3.12/site-packages/arduino_interfaces/msg/__init__.py
[0.410s] -- Up-to-date: /home/pepijn/ros2_ws/install/arduino_interfaces/lib/python3.12/site-packages/arduino_interfaces/_arduino_interfaces_s.ep.rosidl_typesupport_c.c
[0.410s] -- Up-to-date: /home/pepijn/ros2_ws/install/arduino_interfaces/lib/python3.12/site-packages/arduino_interfaces/arduino_interfaces_s__rosidl_typesupport_introspection_c.so
[0.436s] Listing '/home/pepijn/ros2_ws/install/arduino_interfaces/lib/python3.12/site-packages/arduino_interfaces'...
[0.436s] Listing '/home/pepijn/ros2_ws/install/arduino_interfaces/lib/python3.12/site-packages/arduino_interfaces/msg'...
[0.436s] Listing '/home/pepijn/ros2_ws/install/arduino_interfaces/lib/python3.12/site-packages/arduino_interfaces/srv'...
[0.441s] -- Up-to-date: /home/pepijn/ros2_ws/install/arduino_interfaces/lib/python3.12/site-packages/arduino_interfaces/arduino_interfaces_s__rosidl_typesupport_fastrtps_c.so
[0.441s] -- Up-to-date: /home/pepijn/ros2_ws/install/arduino_interfaces/lib/python3.12/site-packages/arduino_interfaces/arduino_interfaces_s__rosidl_typesupport_introspection_c.so
[0.441s] -- Up-to-date: /home/pepijn/ros2_ws/install/arduino_interfaces/lib/python3.12/site-packages/arduino_interfaces/arduino_interfaces_s__rosidl_typesupport_c.so
[0.442s] -- Up-to-date: /home/pepijn/ros2_ws/install/arduino_interfaces/lib/libarduino_interfaces__rosidl_generator_py.so
[0.442s] -- Up-to-date: /home/pepijn/ros2_ws/install/arduino_interfaces/share/arduino_interfaces/msg/Num.idl
[0.442s] -- Up-to-date: /home/pepijn/ros2_ws/install/arduino_interfaces/share/arduino_interfaces/srv/SetStepperMotorPositions.idl
[0.442s] -- Up-to-date: /home/pepijn/ros2_ws/install/arduino_interfaces/share/arduino_interfaces/msg/Num.msg
[0.442s] -- Up-to-date: /home/pepijn/ros2_ws/install/arduino_interfaces/share/arduino_interfaces/srv/SetStepperMotorPositions.srv
[0.442s] -- Up-to-date: /home/pepijn/ros2_ws/install/arduino_interfaces/share/ament_index/resource_index/package_run_dependencies/arduino_interfaces
[0.442s] -- Up-to-date: /home/pepijn/ros2_ws/install/arduino_interfaces/share/ament_index/resource_index/parent_prefix_path/arduino_interfaces
[0.442s] -- Up-to-date: /home/pepijn/ros2_ws/install/arduino_interfaces/share/arduino_interfaces/environment/ament_prefix_path.sh
[0.442s] -- Up-to-date: /home/pepijn/ros2_ws/install/arduino_interfaces/share/arduino_interfaces/environment/ament_prefix_path.dsv
[0.442s] -- Up-to-date: /home/pepijn/ros2_ws/install/arduino_interfaces/share/arduino_interfaces/environment/path.sh
[0.442s] -- Up-to-date: /home/pepijn/ros2_ws/install/arduino_interfaces/share/arduino_interfaces/environment/path.dsv
[0.443s] -- Up-to-date: /home/pepijn/ros2_ws/install/arduino_interfaces/share/arduino_interfaces/local_setup.bash
[0.443s] -- Up-to-date: /home/pepijn/ros2_ws/install/arduino_interfaces/share/arduino_interfaces/local_setup.sh
[0.443s] -- Up-to-date: /home/pepijn/ros2_ws/install/arduino_interfaces/share/arduino_interfaces/local_setup.zsh
[0.443s] -- Up-to-date: /home/pepijn/ros2_ws/install/arduino_interfaces/share/arduino_interfaces/local_setup.dsv
[0.443s] -- Up-to-date: /home/pepijn/ros2_ws/install/arduino_interfaces/share/arduino_interfaces/package.dsv
[0.443s] -- Up-to-date: /home/pepijn/ros2_ws/install/arduino_interfaces/share/ament_index/resource_index/packages/arduino_interfaces
[0.443s] -- Up-to-date: /home/pepijn/ros2_ws/install/arduino_interfaces/share/arduino_interfaces/cmake/export_arduino_interfaces__rosidl_generator_cExport.cmake
[0.443s] -- Up-to-date: /home/pepijn/ros2_ws/install/arduino_interfaces/share/arduino_interfaces/cmake/export_arduino_interfaces__rosidl_generator_cExport-noconfig.cmake
[0.443s] -- Up-to-date: /home/pepijn/ros2_ws/install/arduino_interfaces/share/arduino_interfaces/cmake/export_arduino_interfaces__rosidl_typesupport_fastrtps_cExport.cmake
[0.443s] -- Up-to-date: /home/pepijn/ros2_ws/install/arduino_interfaces/share/arduino_interfaces/cmake/export_arduino_interfaces__rosidl_typesupport_fastrtps_cExport-noconfig.cmake
[0.443s] -- Up-to-date: /home/pepijn/ros2_ws/install/arduino_interfaces/share/arduino_interfaces/cmake/arduino_interfaces__rosidl_typesupport_introspection_cExport.cmake
[0.443s] -- Up-to-date: /home/pepijn/ros2_ws/install/arduino_interfaces/share/arduino_interfaces/cmake/arduino_interfaces__rosidl_typesupport_introspection_cExport-noconfig.cmake
[0.444s] -- Up-to-date: /home/pepijn/ros2_ws/install/arduino_interfaces/share/arduino_interfaces/cmake/arduino_interfaces__rosidl_typesupport_cExport.cmake
[0.444s] -- Up-to-date: /home/pepijn/ros2_ws/install/arduino_interfaces/share/arduino_interfaces/cmake/arduino_interfaces__rosidl_typesupport_cExport-noconfig.cmake
[0.444s] -- Up-to-date: /home/pepijn/ros2_ws/install/arduino_interfaces/share/arduino_interfaces/cmake/export_arduino_interfaces__rosidl_generator_cppExport.cmake
[0.444s] -- Up-to-date: /home/pepijn/ros2_ws/install/arduino_interfaces/share/arduino_interfaces/cmake/export_arduino_interfaces__rosidl_typesupport_fastrtps_cppExport.cmake
[0.444s] -- Up-to-date: /home/pepijn/ros2_ws/install/arduino_interfaces/share/arduino_interfaces/cmake/export_arduino_interfaces__rosidl_typesupport_fastrtps_cppExport-noconfig.cmake
[0.444s] -- Up-to-date: /home/pepijn/ros2_ws/install/arduino_interfaces/share/arduino_interfaces/cmake/arduino_interfaces__rosidl_typesupport_introspection_cppExport.cmake
[0.444s] -- Up-to-date: /home/pepijn/ros2_ws/install/arduino_interfaces/share/arduino_interfaces/cmake/arduino_interfaces__rosidl_typesupport_introspection_cppExport-noconfig.cmake
[0.444s] -- Up-to-date: /home/pepijn/ros2_ws/install/arduino_interfaces/share/arduino_interfaces/cmake/arduino_interfaces__rosidl_typesupport_cppExport.cmake
[0.444s] -- Up-to-date: /home/pepijn/ros2_ws/install/arduino_interfaces/share/arduino_interfaces/cmake/arduino_interfaces__rosidl_typesupport_cppExport-noconfig.cmake
[0.444s] -- Up-to-date: /home/pepijn/ros2_ws/install/arduino_interfaces/share/arduino_interfaces/cmake/export_arduino_interfaces__rosidl_generator_pyExport.cmake
[0.444s] -- Up-to-date: /home/pepijn/ros2_ws/install/arduino_interfaces/share/arduino_interfaces/cmake/export_arduino_interfaces__rosidl_generator_pyExport-noconfig.cmake
[0.444s] -- Up-to-date: /home/pepijn/ros2_ws/install/arduino_interfaces/share/arduino_interfaces/cmake/rosidl_cmake-extras.cmake
[0.444s] -- Up-to-date: /home/pepijn/ros2_ws/install/arduino_interfaces/share/arduino_interfaces/cmake/ament_cmake_export_dependencies-extras.cmake
[0.444s] -- Up-to-date: /home/pepijn/ros2_ws/install/arduino_interfaces/share/arduino_interfaces/cmake/ament_cmake_export_include_directories-extras.cmake
[0.445s] -- Up-to-date: /home/pepijn/ros2_ws/install/arduino_interfaces/share/arduino_interfaces/cmake/ament_cmake_export_libraries-extras.cmake
[0.445s] -- Up-to-date: /home/pepijn/ros2_ws/install/arduino_interfaces/share/arduino_interfaces/cmake/ament_cmake_export_targets-extras.cmake
[0.445s] -- Up-to-date: /home/pepijn/ros2_ws/install/arduino_interfaces/share/arduino_interfaces/cmake/rosidl_cmake_export_typesupport_targets-extras.cmake
[0.445s] -- Up-to-date: /home/pepijn/ros2_ws/install/arduino_interfaces/share/arduino_interfaces/cmake/rosidl_cmake_export_typesupport_libraries-extras.cmake
[0.445s] -- Up-to-date: /home/pepijn/ros2_ws/install/arduino_interfaces/share/arduino_interfaces/cmake/arduino_interfacesConfig.cmake
[0.445s] -- Up-to-date: /home/pepijn/ros2_ws/install/arduino_interfaces/share/arduino_interfaces/cmake/arduino_interfacesConfig-version.cmake
[0.445s] -- Up-to-date: /home/pepijn/ros2_ws/install/arduino_interfaces/share/arduino_interfaces/package.xml
[0.462s] Invoked command in '/home/pepijn/Desktop/git/DUM-E_ROSCode/ros2_ws/build/arduino_interfaces' returned '0': CMAKE_PREFIX_PATH=${CMAKE_PREFIX_PATH}:/opt/ros/jazzy DEBUGINFOD_URLS=https://debuginfod.ubuntu.com /usr/bin/cmake --install /home/pepijn/Desktop/git/DUM-E_ROSCode/ros2_ws/build/arduino_interfaces
