[0.505s] Invoking command in '/home/pepijn/ros2_ws/src/py_srvcli': DEBUGINFOD_URLS=https://debuginfod.ubuntu.com PYTHONPATH=/home/pepijn/ros2_ws/build/py_srvcli/prefix_override:/usr/lib/python3/dist-packages/colcon_core/task/python/colcon_distutils_commands:/home/pepijn/ros2_ws/install/py_srvcli/lib/python3.12/site-packages:${PYTHONPATH} /usr/bin/python3 -W ignore:setup.py install is deprecated -W ignore:easy_install command is deprecated setup.py egg_info --egg-base ../../build/py_srvcli build --build-base /home/pepijn/ros2_ws/build/py_srvcli/build install --record /home/pepijn/ros2_ws/build/py_srvcli/install.log --single-version-externally-managed install_data
[0.667s] running egg_info
[0.676s] writing ../../build/py_srvcli/py_srvcli.egg-info/PKG-INFO
[0.676s] writing dependency_links to ../../build/py_srvcli/py_srvcli.egg-info/dependency_links.txt
[0.676s] writing entry points to ../../build/py_srvcli/py_srvcli.egg-info/entry_points.txt
[0.676s] writing requirements to ../../build/py_srvcli/py_srvcli.egg-info/requires.txt
[0.676s] writing top-level names to ../../build/py_srvcli/py_srvcli.egg-info/top_level.txt
[0.696s] reading manifest file '../../build/py_srvcli/py_srvcli.egg-info/SOURCES.txt'
[0.696s] adding license file 'LICENSE'
[0.696s] writing manifest file '../../build/py_srvcli/py_srvcli.egg-info/SOURCES.txt'
[0.696s] running build
[0.696s] running build_py
[0.697s] running install
[0.701s] running install_lib
[0.712s] running install_data
[0.712s] running install_egg_info
[0.722s] removing '/home/pepijn/ros2_ws/install/py_srvcli/lib/python3.12/site-packages/py_srvcli-0.0.0-py3.12.egg-info' (and everything under it)
[0.722s] Copying ../../build/py_srvcli/py_srvcli.egg-info to /home/pepijn/ros2_ws/install/py_srvcli/lib/python3.12/site-packages/py_srvcli-0.0.0-py3.12.egg-info
[0.723s] running install_scripts
[0.799s] Installing client script to /home/pepijn/ros2_ws/install/py_srvcli/lib/py_srvcli
[0.800s] Installing service script to /home/pepijn/ros2_ws/install/py_srvcli/lib/py_srvcli
[0.800s] writing list of installed files to '/home/pepijn/ros2_ws/build/py_srvcli/install.log'
[0.823s] Invoked command in '/home/pepijn/ros2_ws/src/py_srvcli' returned '0': DEBUGINFOD_URLS=https://debuginfod.ubuntu.com PYTHONPATH=/home/pepijn/ros2_ws/build/py_srvcli/prefix_override:/usr/lib/python3/dist-packages/colcon_core/task/python/colcon_distutils_commands:/home/pepijn/ros2_ws/install/py_srvcli/lib/python3.12/site-packages:${PYTHONPATH} /usr/bin/python3 -W ignore:setup.py install is deprecated -W ignore:easy_install command is deprecated setup.py egg_info --egg-base ../../build/py_srvcli build --build-base /home/pepijn/ros2_ws/build/py_srvcli/build install --record /home/pepijn/ros2_ws/build/py_srvcli/install.log --single-version-externally-managed install_data
