[0.783s] Invoking command in '/home/pepijn/ros2_ws/src/py_srvcli': CMAKE_PREFIX_PATH=/home/pepijn/ros2_ws/install/tutorial_interfaces:/home/pepijn/ros2_ws/install/arduino_interfaces:/home/pepijn/ros2_ws/install/turtlesim:/opt/ros/jazzy/opt/gz_math_vendor:/opt/ros/jazzy/opt/gz_utils_vendor:/opt/ros/jazzy/opt/gz_cmake_vendor DEBUGINFOD_URLS=https://debuginfod.ubuntu.com LD_LIBRARY_PATH=/home/pepijn/ros2_ws/install/tutorial_interfaces/lib:/home/pepijn/ros2_ws/install/arduino_interfaces/lib:/home/pepijn/ros2_ws/install/turtlesim/lib:/opt/ros/jazzy/opt/rviz_ogre_vendor/lib:/opt/ros/jazzy/lib/x86_64-linux-gnu:/opt/ros/jazzy/opt/gz_math_vendor/lib:/opt/ros/jazzy/opt/gz_utils_vendor/lib:/opt/ros/jazzy/opt/gz_cmake_vendor/lib:/opt/ros/jazzy/lib PYTHONPATH=/home/pepijn/ros2_ws/build/py_srvcli/prefix_override:/usr/lib/python3/dist-packages/colcon_core/task/python/colcon_distutils_commands:/home/pepijn/ros2_ws/install/py_srvcli/lib/python3.12/site-packages:/home/pepijn/ros2_ws/install/tutorial_interfaces/lib/python3.12/site-packages:/home/pepijn/ros2_ws/install/arduino_interfaces/lib/python3.12/site-packages:/home/pepijn/ros2_ws/install/py_srvcli/lib/python3.12/site-packages:/home/pepijn/ros2_ws/install/turtlesim/lib/python3.12/site-packages:/home/pepijn/ros2_ws/install/my_package/lib/python3.12/site-packages:/opt/ros/jazzy/lib/python3.12/site-packages /usr/bin/python3 -W ignore:setup.py install is deprecated -W ignore:easy_install command is deprecated setup.py egg_info --egg-base ../../build/py_srvcli build --build-base /home/pepijn/ros2_ws/build/py_srvcli/build install --record /home/pepijn/ros2_ws/build/py_srvcli/install.log --single-version-externally-managed install_data
[0.999s] running egg_info
[1.016s] writing ../../build/py_srvcli/py_srvcli.egg-info/PKG-INFO
[1.016s] writing dependency_links to ../../build/py_srvcli/py_srvcli.egg-info/dependency_links.txt
[1.016s] writing entry points to ../../build/py_srvcli/py_srvcli.egg-info/entry_points.txt
[1.016s] writing requirements to ../../build/py_srvcli/py_srvcli.egg-info/requires.txt
[1.016s] writing top-level names to ../../build/py_srvcli/py_srvcli.egg-info/top_level.txt
[1.048s] reading manifest file '../../build/py_srvcli/py_srvcli.egg-info/SOURCES.txt'
[1.049s] adding license file 'LICENSE'
[1.049s] writing manifest file '../../build/py_srvcli/py_srvcli.egg-info/SOURCES.txt'
[1.049s] running build
[1.049s] running build_py
[1.050s] running install
[1.054s] running install_lib
[1.071s] running install_data
[1.071s] running install_egg_info
[1.088s] removing '/home/pepijn/ros2_ws/install/py_srvcli/lib/python3.12/site-packages/py_srvcli-0.0.0-py3.12.egg-info' (and everything under it)
[1.089s] Copying ../../build/py_srvcli/py_srvcli.egg-info to /home/pepijn/ros2_ws/install/py_srvcli/lib/python3.12/site-packages/py_srvcli-0.0.0-py3.12.egg-info
[1.090s] running install_scripts
[1.201s] Installing client script to /home/pepijn/ros2_ws/install/py_srvcli/lib/py_srvcli
[1.201s] Installing service script to /home/pepijn/ros2_ws/install/py_srvcli/lib/py_srvcli
[1.201s] writing list of installed files to '/home/pepijn/ros2_ws/build/py_srvcli/install.log'
[1.225s] Invoked command in '/home/pepijn/ros2_ws/src/py_srvcli' returned '0': CMAKE_PREFIX_PATH=/home/pepijn/ros2_ws/install/tutorial_interfaces:/home/pepijn/ros2_ws/install/arduino_interfaces:/home/pepijn/ros2_ws/install/turtlesim:/opt/ros/jazzy/opt/gz_math_vendor:/opt/ros/jazzy/opt/gz_utils_vendor:/opt/ros/jazzy/opt/gz_cmake_vendor DEBUGINFOD_URLS=https://debuginfod.ubuntu.com LD_LIBRARY_PATH=/home/pepijn/ros2_ws/install/tutorial_interfaces/lib:/home/pepijn/ros2_ws/install/arduino_interfaces/lib:/home/pepijn/ros2_ws/install/turtlesim/lib:/opt/ros/jazzy/opt/rviz_ogre_vendor/lib:/opt/ros/jazzy/lib/x86_64-linux-gnu:/opt/ros/jazzy/opt/gz_math_vendor/lib:/opt/ros/jazzy/opt/gz_utils_vendor/lib:/opt/ros/jazzy/opt/gz_cmake_vendor/lib:/opt/ros/jazzy/lib PYTHONPATH=/home/pepijn/ros2_ws/build/py_srvcli/prefix_override:/usr/lib/python3/dist-packages/colcon_core/task/python/colcon_distutils_commands:/home/pepijn/ros2_ws/install/py_srvcli/lib/python3.12/site-packages:/home/pepijn/ros2_ws/install/tutorial_interfaces/lib/python3.12/site-packages:/home/pepijn/ros2_ws/install/arduino_interfaces/lib/python3.12/site-packages:/home/pepijn/ros2_ws/install/py_srvcli/lib/python3.12/site-packages:/home/pepijn/ros2_ws/install/turtlesim/lib/python3.12/site-packages:/home/pepijn/ros2_ws/install/my_package/lib/python3.12/site-packages:/opt/ros/jazzy/lib/python3.12/site-packages /usr/bin/python3 -W ignore:setup.py install is deprecated -W ignore:easy_install command is deprecated setup.py egg_info --egg-base ../../build/py_srvcli build --build-base /home/pepijn/ros2_ws/build/py_srvcli/build install --record /home/pepijn/ros2_ws/build/py_srvcli/install.log --single-version-externally-managed install_data
