[0.008s] Invoking command in '/home/pepijn/ros2_ws/build/turtlesim': CMAKE_PREFIX_PATH=${CMAKE_PREFIX_PATH}:/opt/ros/jazzy DEBUGINFOD_URLS=https://debuginfod.ubuntu.com /usr/bin/cmake /home/pepijn/ros2_ws/src/ros_tutorials/turtlesim -DCMAKE_INSTALL_PREFIX=/home/pepijn/ros2_ws/install/turtlesim
[0.098s] -- The C compiler identification is GNU 13.3.0
[0.147s] -- The CXX compiler identification is GNU 13.3.0
[0.162s] -- Detecting C compiler ABI info
[0.241s] -- Detecting C compiler ABI info - done
[0.248s] -- Check for working C compiler: /usr/bin/cc - skipped
[0.249s] -- Detecting C compile features
[0.249s] -- Detecting C compile features - done
[0.257s] -- Detecting CXX compiler ABI info
[0.342s] -- Detecting CXX compiler ABI info - done
[0.349s] -- Check for working CXX compiler: /usr/bin/c++ - skipped
[0.349s] -- Detecting CXX compile features
[0.349s] -- Detecting CXX compile features - done
[0.352s] -- Found ament_cmake: 2.5.3 (/opt/ros/jazzy/share/ament_cmake/cmake)
[0.470s] -- Found Python3: /usr/bin/python3 (found version "3.12.3") found components: Interpreter 
[0.561s] -- Found ament_index_cpp: 1.8.1 (/opt/ros/jazzy/share/ament_index_cpp/cmake)
[0.563s] -- Found geometry_msgs: 5.3.5 (/opt/ros/jazzy/share/geometry_msgs/cmake)
[0.596s] -- Found rosidl_generator_c: 4.6.5 (/opt/ros/jazzy/share/rosidl_generator_c/cmake)
[0.606s] -- Found rosidl_generator_cpp: 4.6.5 (/opt/ros/jazzy/share/rosidl_generator_cpp/cmake)
[0.619s] -- Using all available rosidl_typesupport_c: rosidl_typesupport_fastrtps_c;rosidl_typesupport_introspection_c
[0.634s] -- Using all available rosidl_typesupport_cpp: rosidl_typesupport_fastrtps_cpp;rosidl_typesupport_introspection_cpp
[0.681s] -- Found rcl_interfaces: 2.0.2 (/opt/ros/jazzy/share/rcl_interfaces/cmake)
[0.715s] -- Found rclcpp: 28.1.6 (/opt/ros/jazzy/share/rclcpp/cmake)
[0.734s] -- Found rmw_implementation_cmake: 7.3.1 (/opt/ros/jazzy/share/rmw_implementation_cmake/cmake)
[0.736s] -- Found rmw_fastrtps_cpp: 8.4.1 (/opt/ros/jazzy/share/rmw_fastrtps_cpp/cmake)
[0.819s] -- Found OpenSSL: /usr/lib/x86_64-linux-gnu/libcrypto.so (found version "3.0.13")  
[0.835s] -- Found FastRTPS: /opt/ros/jazzy/include (Required is at least version "2.13") 
[0.854s] -- Using RMW implementation 'rmw_fastrtps_cpp' as default
[0.912s] -- Found rclcpp_action: 28.1.6 (/opt/ros/jazzy/share/rclcpp_action/cmake)
[0.950s] -- Found rosidl_default_generators: 1.6.0 (/opt/ros/jazzy/share/rosidl_default_generators/cmake)
[0.961s] -- Found rosidl_adapter: 4.6.5 (/opt/ros/jazzy/share/rosidl_adapter/cmake)
[0.964s] -- Found std_srvs: 5.3.5 (/opt/ros/jazzy/share/std_srvs/cmake)
[1.491s] -- Found ament_cmake_ros: 0.12.0 (/opt/ros/jazzy/share/ament_cmake_ros/cmake)
[2.093s] -- Using all available rosidl_typesupport_c: rosidl_typesupport_fastrtps_c;rosidl_typesupport_introspection_c
[2.334s] -- Using all available rosidl_typesupport_cpp: rosidl_typesupport_fastrtps_cpp;rosidl_typesupport_introspection_cpp
[2.337s] -- Found python_cmake_module: 0.11.1 (/opt/ros/jazzy/share/python_cmake_module/cmake)
[2.453s] -- Found PythonExtra: /usr/bin/python3  
[2.820s] -- Found Python3: /usr/bin/python3 (found version "3.12.3") found components: Interpreter Development NumPy Development.Module Development.Embed 
[2.852s] -- Found ament_lint_auto: 0.17.1 (/opt/ros/jazzy/share/ament_lint_auto/cmake)
[2.871s] -- Added test 'copyright' to check source files copyright and LICENSE
[2.873s] -- Added test 'cppcheck' to perform static code analysis on C / C++ code
[2.875s] -- Configured cppcheck include dirs: /home/pepijn/ros2_ws/src/ros_tutorials/turtlesim/include
[2.875s] -- Configured cppcheck exclude dirs and/or files: 
[2.877s] -- Added test 'cpplint' to check C / C++ code against the Google style
[2.877s] -- Configured cpplint exclude dirs and/or files: 
[2.878s] -- Added test 'flake8' to check Python code syntax and style conventions
[2.878s] -- Configured 'flake8' exclude dirs and/or files: 
[2.878s] -- Added test 'lint_cmake' to check CMake code style
[2.879s] -- Added test 'pep257' to check Python code against some of the docstring style conventions in PEP 257
[2.881s] -- Added test 'uncrustify' to check C / C++ code style
[2.881s] -- Configured uncrustify additional arguments: 
[2.882s] -- Added test 'xmllint' to check XML markup files
[2.884s] -- Configuring done (2.9s)
[2.954s] -- Generating done (0.1s)
[2.969s] -- Build files have been written to: /home/pepijn/ros2_ws/build/turtlesim
[2.980s] Invoked command in '/home/pepijn/ros2_ws/build/turtlesim' returned '0': CMAKE_PREFIX_PATH=${CMAKE_PREFIX_PATH}:/opt/ros/jazzy DEBUGINFOD_URLS=https://debuginfod.ubuntu.com /usr/bin/cmake /home/pepijn/ros2_ws/src/ros_tutorials/turtlesim -DCMAKE_INSTALL_PREFIX=/home/pepijn/ros2_ws/install/turtlesim
[2.981s] Invoking command in '/home/pepijn/ros2_ws/build/turtlesim': CMAKE_PREFIX_PATH=${CMAKE_PREFIX_PATH}:/opt/ros/jazzy DEBUGINFOD_URLS=https://debuginfod.ubuntu.com /usr/bin/cmake --build /home/pepijn/ros2_ws/build/turtlesim -- -j12 -l12
[3.029s] [  0%] [34m[1mGenerating type hashes for ROS interfaces[0m
[3.036s] [  0%] Built target ament_cmake_python_copy_turtlesim
[3.219s] running egg_info
[3.219s] creating turtlesim.egg-info
[3.236s] writing turtlesim.egg-info/PKG-INFO
[3.237s] writing dependency_links to turtlesim.egg-info/dependency_links.txt
[3.237s] writing top-level names to turtlesim.egg-info/top_level.txt
[3.237s] writing manifest file 'turtlesim.egg-info/SOURCES.txt'
[3.267s] [  0%] Built target turtlesim__rosidl_generator_type_description
[3.276s] [  1%] [34m[1mGenerating C code for ROS interfaces[0m
[3.286s] [  2%] [34m[1mGenerating C++ code for ROS interfaces[0m
[3.291s] reading manifest file 'turtlesim.egg-info/SOURCES.txt'
[3.292s] writing manifest file 'turtlesim.egg-info/SOURCES.txt'
[3.317s] [  2%] Built target ament_cmake_python_build_turtlesim_egg
[3.987s] [  2%] Built target turtlesim__cpp
[4.133s] [  3%] [32mBuilding C object CMakeFiles/turtlesim__rosidl_generator_c.dir/rosidl_generator_c/turtlesim/srv/detail/kill__functions.c.o[0m
[4.133s] [  6%] [32mBuilding C object CMakeFiles/turtlesim__rosidl_generator_c.dir/rosidl_generator_c/turtlesim/action/detail/rotate_absolute__description.c.o[0m
[4.134s] [  6%] [32mBuilding C object CMakeFiles/turtlesim__rosidl_generator_c.dir/rosidl_generator_c/turtlesim/msg/detail/color__functions.c.o[0m
[4.134s] [  6%] [32mBuilding C object CMakeFiles/turtlesim__rosidl_generator_c.dir/rosidl_generator_c/turtlesim/action/detail/rotate_absolute__type_support.c.o[0m
[4.134s] [  7%] [32mBuilding C object CMakeFiles/turtlesim__rosidl_generator_c.dir/rosidl_generator_c/turtlesim/msg/detail/color__type_support.c.o[0m
[4.134s] [  7%] [32mBuilding C object CMakeFiles/turtlesim__rosidl_generator_c.dir/rosidl_generator_c/turtlesim/msg/detail/pose__description.c.o[0m
[4.134s] [  9%] [32mBuilding C object CMakeFiles/turtlesim__rosidl_generator_c.dir/rosidl_generator_c/turtlesim/msg/detail/pose__functions.c.o[0m
[4.135s] [ 11%] [32mBuilding C object CMakeFiles/turtlesim__rosidl_generator_c.dir/rosidl_generator_c/turtlesim/msg/detail/pose__type_support.c.o[0m
[4.135s] [ 11%] [32mBuilding C object CMakeFiles/turtlesim__rosidl_generator_c.dir/rosidl_generator_c/turtlesim/msg/detail/color__description.c.o[0m
[4.135s] [  9%] [32mBuilding C object CMakeFiles/turtlesim__rosidl_generator_c.dir/rosidl_generator_c/turtlesim/action/detail/rotate_absolute__functions.c.o[0m
[4.135s] [ 12%] [32mBuilding C object CMakeFiles/turtlesim__rosidl_generator_c.dir/rosidl_generator_c/turtlesim/srv/detail/kill__type_support.c.o[0m
[4.136s] [ 13%] [32mBuilding C object CMakeFiles/turtlesim__rosidl_generator_c.dir/rosidl_generator_c/turtlesim/srv/detail/kill__description.c.o[0m
[4.196s] [ 14%] [32mBuilding C object CMakeFiles/turtlesim__rosidl_generator_c.dir/rosidl_generator_c/turtlesim/srv/detail/set_pen__description.c.o[0m
[4.197s] [ 14%] [32mBuilding C object CMakeFiles/turtlesim__rosidl_generator_c.dir/rosidl_generator_c/turtlesim/srv/detail/set_pen__functions.c.o[0m
[4.210s] [ 16%] [32mBuilding C object CMakeFiles/turtlesim__rosidl_generator_c.dir/rosidl_generator_c/turtlesim/srv/detail/spawn__description.c.o[0m
[4.210s] [ 16%] [32mBuilding C object CMakeFiles/turtlesim__rosidl_generator_c.dir/rosidl_generator_c/turtlesim/srv/detail/set_pen__type_support.c.o[0m
[4.212s] [ 17%] [32mBuilding C object CMakeFiles/turtlesim__rosidl_generator_c.dir/rosidl_generator_c/turtlesim/srv/detail/spawn__functions.c.o[0m
[4.214s] [ 18%] [32mBuilding C object CMakeFiles/turtlesim__rosidl_generator_c.dir/rosidl_generator_c/turtlesim/srv/detail/spawn__type_support.c.o[0m
[4.229s] [ 19%] [32mBuilding C object CMakeFiles/turtlesim__rosidl_generator_c.dir/rosidl_generator_c/turtlesim/srv/detail/teleport_absolute__description.c.o[0m
[4.230s] [ 19%] [32mBuilding C object CMakeFiles/turtlesim__rosidl_generator_c.dir/rosidl_generator_c/turtlesim/srv/detail/teleport_absolute__type_support.c.o[0m
[4.236s] [ 20%] [32mBuilding C object CMakeFiles/turtlesim__rosidl_generator_c.dir/rosidl_generator_c/turtlesim/srv/detail/teleport_absolute__functions.c.o[0m
[4.259s] [ 21%] [32mBuilding C object CMakeFiles/turtlesim__rosidl_generator_c.dir/rosidl_generator_c/turtlesim/srv/detail/teleport_relative__description.c.o[0m
[4.278s] [ 22%] [32mBuilding C object CMakeFiles/turtlesim__rosidl_generator_c.dir/rosidl_generator_c/turtlesim/srv/detail/teleport_relative__functions.c.o[0m
[4.278s] [ 23%] [32mBuilding C object CMakeFiles/turtlesim__rosidl_generator_c.dir/rosidl_generator_c/turtlesim/srv/detail/teleport_relative__type_support.c.o[0m
[4.351s] [ 24%] [32m[1mLinking C shared library libturtlesim__rosidl_generator_c.so[0m
[4.390s] [ 24%] Built target turtlesim__rosidl_generator_c
[4.400s] [ 29%] [34m[1mGenerating C++ type support dispatch for ROS interfaces[0m
[4.400s] [ 29%] [34m[1mGenerating C type support dispatch for ROS interfaces[0m
[4.400s] [ 29%] [34m[1mGenerating C introspection for ROS interfaces[0m
[4.400s] [ 29%] [34m[1mGenerating C++ introspection for ROS interfaces[0m
[4.401s] [ 29%] [34m[1mGenerating C++ type support for eProsima Fast-RTPS[0m
[4.401s] [ 29%] [34m[1mGenerating C type support for eProsima Fast-RTPS[0m
[4.903s] [ 31%] [32mBuilding CXX object CMakeFiles/turtlesim__rosidl_typesupport_c.dir/rosidl_typesupport_c/turtlesim/srv/kill__type_support.cpp.o[0m
[4.904s] [ 31%] [32mBuilding CXX object CMakeFiles/turtlesim__rosidl_typesupport_c.dir/rosidl_typesupport_c/turtlesim/srv/teleport_absolute__type_support.cpp.o[0m
[4.904s] [ 32%] [32mBuilding CXX object CMakeFiles/turtlesim__rosidl_typesupport_c.dir/rosidl_typesupport_c/turtlesim/msg/color__type_support.cpp.o[0m
[4.904s] [ 33%] [32mBuilding CXX object CMakeFiles/turtlesim__rosidl_typesupport_c.dir/rosidl_typesupport_c/turtlesim/srv/set_pen__type_support.cpp.o[0m
[4.904s] [ 33%] [32mBuilding CXX object CMakeFiles/turtlesim__rosidl_typesupport_c.dir/rosidl_typesupport_c/turtlesim/srv/spawn__type_support.cpp.o[0m
[4.905s] [ 34%] [32mBuilding CXX object CMakeFiles/turtlesim__rosidl_typesupport_c.dir/rosidl_typesupport_c/turtlesim/action/rotate_absolute__type_support.cpp.o[0m
[4.905s] [ 35%] [32mBuilding CXX object CMakeFiles/turtlesim__rosidl_typesupport_c.dir/rosidl_typesupport_c/turtlesim/msg/pose__type_support.cpp.o[0m
[4.919s] [ 36%] [32mBuilding CXX object CMakeFiles/turtlesim__rosidl_typesupport_cpp.dir/rosidl_typesupport_cpp/turtlesim/action/rotate_absolute__type_support.cpp.o[0m
[4.992s] [ 37%] [32mBuilding CXX object CMakeFiles/turtlesim__rosidl_typesupport_c.dir/rosidl_typesupport_c/turtlesim/srv/teleport_relative__type_support.cpp.o[0m
[4.992s] [ 38%] [32mBuilding CXX object CMakeFiles/turtlesim__rosidl_typesupport_cpp.dir/rosidl_typesupport_cpp/turtlesim/msg/color__type_support.cpp.o[0m
[4.993s] [ 38%] [32mBuilding CXX object CMakeFiles/turtlesim__rosidl_typesupport_cpp.dir/rosidl_typesupport_cpp/turtlesim/srv/kill__type_support.cpp.o[0m
[4.993s] [ 39%] [32mBuilding CXX object CMakeFiles/turtlesim__rosidl_typesupport_cpp.dir/rosidl_typesupport_cpp/turtlesim/msg/pose__type_support.cpp.o[0m
[5.000s] [ 40%] [32mBuilding CXX object CMakeFiles/turtlesim__rosidl_typesupport_cpp.dir/rosidl_typesupport_cpp/turtlesim/srv/set_pen__type_support.cpp.o[0m
[5.012s] [ 41%] [32mBuilding CXX object CMakeFiles/turtlesim__rosidl_typesupport_cpp.dir/rosidl_typesupport_cpp/turtlesim/srv/spawn__type_support.cpp.o[0m
[5.017s] [ 42%] [32mBuilding CXX object CMakeFiles/turtlesim__rosidl_typesupport_cpp.dir/rosidl_typesupport_cpp/turtlesim/srv/teleport_absolute__type_support.cpp.o[0m
[5.078s] [ 43%] [32m[1mLinking CXX shared library libturtlesim__rosidl_typesupport_c.so[0m
[5.162s] [ 43%] Built target turtlesim__rosidl_typesupport_c
[5.212s] [ 44%] [32mBuilding CXX object CMakeFiles/turtlesim__rosidl_typesupport_cpp.dir/rosidl_typesupport_cpp/turtlesim/srv/teleport_relative__type_support.cpp.o[0m
[5.343s] [ 45%] [32mBuilding CXX object CMakeFiles/turtlesim__rosidl_typesupport_introspection_cpp.dir/rosidl_typesupport_introspection_cpp/turtlesim/action/detail/rotate_absolute__type_support.cpp.o[0m
[5.409s] [ 46%] [32mBuilding C object CMakeFiles/turtlesim__rosidl_typesupport_introspection_c.dir/rosidl_typesupport_introspection_c/turtlesim/action/detail/rotate_absolute__type_support.c.o[0m
[5.515s] [ 47%] [32mBuilding CXX object CMakeFiles/turtlesim__rosidl_typesupport_introspection_cpp.dir/rosidl_typesupport_introspection_cpp/turtlesim/msg/detail/color__type_support.cpp.o[0m
[5.520s] [ 48%] [32mBuilding CXX object CMakeFiles/turtlesim__rosidl_typesupport_introspection_cpp.dir/rosidl_typesupport_introspection_cpp/turtlesim/msg/detail/pose__type_support.cpp.o[0m
[5.530s] [ 49%] [32mBuilding C object CMakeFiles/turtlesim__rosidl_typesupport_introspection_c.dir/rosidl_typesupport_introspection_c/turtlesim/msg/detail/color__type_support.c.o[0m
[5.597s] [ 49%] [32mBuilding C object CMakeFiles/turtlesim__rosidl_typesupport_introspection_c.dir/rosidl_typesupport_introspection_c/turtlesim/msg/detail/pose__type_support.c.o[0m
[5.653s] [ 51%] [32mBuilding C object CMakeFiles/turtlesim__rosidl_typesupport_introspection_c.dir/rosidl_typesupport_introspection_c/turtlesim/srv/detail/kill__type_support.c.o[0m
[5.654s] [ 51%] [32mBuilding CXX object CMakeFiles/turtlesim__rosidl_typesupport_introspection_cpp.dir/rosidl_typesupport_introspection_cpp/turtlesim/srv/detail/kill__type_support.cpp.o[0m
[5.667s] [ 52%] [32mBuilding C object CMakeFiles/turtlesim__rosidl_typesupport_introspection_c.dir/rosidl_typesupport_introspection_c/turtlesim/srv/detail/set_pen__type_support.c.o[0m
[5.675s] [ 53%] [32mBuilding CXX object CMakeFiles/turtlesim__rosidl_typesupport_introspection_cpp.dir/rosidl_typesupport_introspection_cpp/turtlesim/srv/detail/set_pen__type_support.cpp.o[0m
[5.694s] [ 54%] [32mBuilding CXX object CMakeFiles/turtlesim__rosidl_typesupport_introspection_cpp.dir/rosidl_typesupport_introspection_cpp/turtlesim/srv/detail/spawn__type_support.cpp.o[0m
[5.739s] [ 54%] [32mBuilding CXX object CMakeFiles/turtlesim__rosidl_typesupport_introspection_cpp.dir/rosidl_typesupport_introspection_cpp/turtlesim/srv/detail/teleport_absolute__type_support.cpp.o[0m
[5.760s] [ 55%] [32mBuilding C object CMakeFiles/turtlesim__rosidl_typesupport_introspection_c.dir/rosidl_typesupport_introspection_c/turtlesim/srv/detail/spawn__type_support.c.o[0m
[5.856s] [ 56%] [32mBuilding C object CMakeFiles/turtlesim__rosidl_typesupport_introspection_c.dir/rosidl_typesupport_introspection_c/turtlesim/srv/detail/teleport_absolute__type_support.c.o[0m
[5.895s] [ 57%] [32mBuilding CXX object CMakeFiles/turtlesim__rosidl_typesupport_introspection_cpp.dir/rosidl_typesupport_introspection_cpp/turtlesim/srv/detail/teleport_relative__type_support.cpp.o[0m
[5.949s] [ 58%] [32mBuilding C object CMakeFiles/turtlesim__rosidl_typesupport_introspection_c.dir/rosidl_typesupport_introspection_c/turtlesim/srv/detail/teleport_relative__type_support.c.o[0m
[6.000s] [ 59%] [32mBuilding CXX object CMakeFiles/turtlesim__rosidl_typesupport_fastrtps_cpp.dir/rosidl_typesupport_fastrtps_cpp/turtlesim/action/detail/dds_fastrtps/rotate_absolute__type_support.cpp.o[0m
[6.029s] [ 60%] [32mBuilding CXX object CMakeFiles/turtlesim__rosidl_typesupport_fastrtps_cpp.dir/rosidl_typesupport_fastrtps_cpp/turtlesim/msg/detail/dds_fastrtps/color__type_support.cpp.o[0m
[6.033s] [ 61%] [32m[1mLinking C shared library libturtlesim__rosidl_typesupport_introspection_c.so[0m
[6.043s] [ 62%] [32mBuilding CXX object CMakeFiles/turtlesim__rosidl_typesupport_fastrtps_cpp.dir/rosidl_typesupport_fastrtps_cpp/turtlesim/msg/detail/dds_fastrtps/pose__type_support.cpp.o[0m
[6.051s] [ 63%] [32m[1mLinking CXX shared library libturtlesim__rosidl_typesupport_cpp.so[0m
[6.091s] [ 63%] Built target turtlesim__rosidl_typesupport_introspection_c
[6.104s] [ 64%] [32mBuilding CXX object CMakeFiles/turtlesim__rosidl_typesupport_fastrtps_cpp.dir/rosidl_typesupport_fastrtps_cpp/turtlesim/srv/detail/dds_fastrtps/kill__type_support.cpp.o[0m
[6.165s] [ 64%] [32mBuilding CXX object CMakeFiles/turtlesim__rosidl_typesupport_fastrtps_c.dir/rosidl_typesupport_fastrtps_c/turtlesim/action/detail/rotate_absolute__type_support_c.cpp.o[0m
[6.235s] [ 64%] Built target turtlesim__rosidl_typesupport_cpp
[6.253s] [ 64%] [32mBuilding CXX object CMakeFiles/turtlesim__rosidl_typesupport_fastrtps_cpp.dir/rosidl_typesupport_fastrtps_cpp/turtlesim/srv/detail/dds_fastrtps/set_pen__type_support.cpp.o[0m
[6.366s] [ 65%] [32mBuilding CXX object CMakeFiles/turtlesim__rosidl_typesupport_fastrtps_cpp.dir/rosidl_typesupport_fastrtps_cpp/turtlesim/srv/detail/dds_fastrtps/spawn__type_support.cpp.o[0m
[6.373s] [ 66%] [32mBuilding CXX object CMakeFiles/turtlesim__rosidl_typesupport_fastrtps_c.dir/rosidl_typesupport_fastrtps_c/turtlesim/msg/detail/color__type_support_c.cpp.o[0m
[6.440s] [ 67%] [32mBuilding CXX object CMakeFiles/turtlesim__rosidl_typesupport_fastrtps_cpp.dir/rosidl_typesupport_fastrtps_cpp/turtlesim/srv/detail/dds_fastrtps/teleport_absolute__type_support.cpp.o[0m
[6.449s] [ 68%] [34m[1mGenerating include/turtlesim/moc_turtle_frame.cpp[0m
[6.562s] [ 69%] [32mBuilding CXX object CMakeFiles/turtlesim__rosidl_typesupport_fastrtps_cpp.dir/rosidl_typesupport_fastrtps_cpp/turtlesim/srv/detail/dds_fastrtps/teleport_relative__type_support.cpp.o[0m
[6.564s] [ 70%] [32m[1mLinking CXX shared library libturtlesim__rosidl_typesupport_introspection_cpp.so[0m
[6.567s] [ 71%] [32mBuilding CXX object CMakeFiles/turtlesim_node.dir/src/turtlesim.cpp.o[0m
[6.752s] [ 71%] Built target turtlesim__rosidl_typesupport_introspection_cpp
[6.769s] [ 72%] [32mBuilding CXX object CMakeFiles/turtlesim_node.dir/src/turtle.cpp.o[0m
[6.834s] [ 73%] [32mBuilding CXX object CMakeFiles/turtle_teleop_key.dir/tutorials/teleop_turtle_key.cpp.o[0m
[6.839s] [ 74%] [32mBuilding CXX object CMakeFiles/turtlesim__rosidl_typesupport_fastrtps_c.dir/rosidl_typesupport_fastrtps_c/turtlesim/msg/detail/pose__type_support_c.cpp.o[0m
[7.088s] [ 75%] [32mBuilding CXX object CMakeFiles/turtlesim_node.dir/src/turtle_frame.cpp.o[0m
[7.151s] [ 75%] [32mBuilding CXX object CMakeFiles/turtlesim_node.dir/include/turtlesim/moc_turtle_frame.cpp.o[0m
[7.167s] [ 75%] [32mBuilding CXX object CMakeFiles/draw_square.dir/tutorials/draw_square.cpp.o[0m
[7.318s] [ 76%] [32mBuilding CXX object CMakeFiles/mimic.dir/tutorials/mimic.cpp.o[0m
[7.381s] [ 77%] [32mBuilding CXX object CMakeFiles/turtlesim__rosidl_typesupport_fastrtps_c.dir/rosidl_typesupport_fastrtps_c/turtlesim/srv/detail/kill__type_support_c.cpp.o[0m
[7.483s] [ 78%] [32mBuilding CXX object CMakeFiles/turtlesim__rosidl_typesupport_fastrtps_c.dir/rosidl_typesupport_fastrtps_c/turtlesim/srv/detail/set_pen__type_support_c.cpp.o[0m
[7.545s] [ 79%] [32mBuilding CXX object CMakeFiles/turtlesim__rosidl_typesupport_fastrtps_c.dir/rosidl_typesupport_fastrtps_c/turtlesim/srv/detail/spawn__type_support_c.cpp.o[0m
[7.567s] [ 80%] [32m[1mLinking CXX shared library libturtlesim__rosidl_typesupport_fastrtps_cpp.so[0m
[7.577s] [ 81%] [32mBuilding CXX object CMakeFiles/turtlesim__rosidl_typesupport_fastrtps_c.dir/rosidl_typesupport_fastrtps_c/turtlesim/srv/detail/teleport_absolute__type_support_c.cpp.o[0m
[7.728s] [ 81%] Built target turtlesim__rosidl_typesupport_fastrtps_cpp
[7.746s] [ 81%] [32mBuilding CXX object CMakeFiles/turtlesim__rosidl_typesupport_fastrtps_c.dir/rosidl_typesupport_fastrtps_c/turtlesim/srv/detail/teleport_relative__type_support_c.cpp.o[0m
[8.564s] [ 82%] [32m[1mLinking CXX shared library libturtlesim__rosidl_typesupport_fastrtps_c.so[0m
[8.715s] [ 82%] Built target turtlesim__rosidl_typesupport_fastrtps_c
[8.751s] [ 82%] Built target turtlesim
[8.787s] [ 82%] [34m[1mGenerating Python code for ROS interfaces[0m
[10.742s] [ 82%] Built target turtlesim__py
[10.772s] [ 86%] [32mBuilding C object CMakeFiles/turtlesim__rosidl_generator_py.dir/rosidl_generator_py/turtlesim/msg/_color_s.c.o[0m
[10.772s] [ 86%] [32mBuilding C object CMakeFiles/turtlesim__rosidl_generator_py.dir/rosidl_generator_py/turtlesim/srv/_kill_s.c.o[0m
[10.772s] [ 86%] [32mBuilding C object CMakeFiles/turtlesim__rosidl_generator_py.dir/rosidl_generator_py/turtlesim/action/_rotate_absolute_s.c.o[0m
[10.772s] [ 86%] [32mBuilding C object CMakeFiles/turtlesim__rosidl_generator_py.dir/rosidl_generator_py/turtlesim/msg/_pose_s.c.o[0m
[10.772s] [ 86%] [32mBuilding C object CMakeFiles/turtlesim__rosidl_generator_py.dir/rosidl_generator_py/turtlesim/srv/_set_pen_s.c.o[0m
[11.027s] [ 87%] [32mBuilding C object CMakeFiles/turtlesim__rosidl_generator_py.dir/rosidl_generator_py/turtlesim/srv/_spawn_s.c.o[0m
[11.030s] [ 88%] [32mBuilding C object CMakeFiles/turtlesim__rosidl_generator_py.dir/rosidl_generator_py/turtlesim/srv/_teleport_absolute_s.c.o[0m
[11.048s] [ 89%] [32mBuilding C object CMakeFiles/turtlesim__rosidl_generator_py.dir/rosidl_generator_py/turtlesim/srv/_teleport_relative_s.c.o[0m
[11.314s] [ 90%] [32m[1mLinking C shared library libturtlesim__rosidl_generator_py.so[0m
[11.395s] [ 90%] Built target turtlesim__rosidl_generator_py
[11.429s] [ 93%] [32mBuilding C object CMakeFiles/turtlesim_s__rosidl_typesupport_introspection_c.dir/rosidl_generator_py/turtlesim/_turtlesim_s.ep.rosidl_typesupport_introspection_c.c.o[0m
[11.430s] [ 93%] [32mBuilding C object CMakeFiles/turtlesim_s__rosidl_typesupport_c.dir/rosidl_generator_py/turtlesim/_turtlesim_s.ep.rosidl_typesupport_c.c.o[0m
[11.430s] [ 93%] [32mBuilding C object CMakeFiles/turtlesim_s__rosidl_typesupport_fastrtps_c.dir/rosidl_generator_py/turtlesim/_turtlesim_s.ep.rosidl_typesupport_fastrtps_c.c.o[0m
[11.750s] [ 94%] [32m[1mLinking C shared module rosidl_generator_py/turtlesim/turtlesim_s__rosidl_typesupport_introspection_c.so[0m
[11.802s] [ 94%] Built target turtlesim_s__rosidl_typesupport_introspection_c
[11.853s] [ 95%] [32m[1mLinking C shared module rosidl_generator_py/turtlesim/turtlesim_s__rosidl_typesupport_c.so[0m
[11.860s] [ 96%] [32m[1mLinking C shared module rosidl_generator_py/turtlesim/turtlesim_s__rosidl_typesupport_fastrtps_c.so[0m
[11.908s] [ 96%] Built target turtlesim_s__rosidl_typesupport_c
[11.912s] [ 96%] Built target turtlesim_s__rosidl_typesupport_fastrtps_c
[14.127s] [ 97%] [32m[1mLinking CXX executable turtle_teleop_key[0m
[14.357s] [ 97%] Built target turtle_teleop_key
[16.785s] [ 98%] [32m[1mLinking CXX executable mimic[0m
[17.047s] [ 98%] Built target mimic
[17.357s] [ 99%] [32m[1mLinking CXX executable draw_square[0m
[17.654s] [ 99%] Built target draw_square
[19.494s] [100%] [32m[1mLinking CXX executable turtlesim_node[0m
[21.059s] [100%] Built target turtlesim_node
[21.072s] Invoked command in '/home/pepijn/ros2_ws/build/turtlesim' returned '0': CMAKE_PREFIX_PATH=${CMAKE_PREFIX_PATH}:/opt/ros/jazzy DEBUGINFOD_URLS=https://debuginfod.ubuntu.com /usr/bin/cmake --build /home/pepijn/ros2_ws/build/turtlesim -- -j12 -l12
[21.081s] Invoking command in '/home/pepijn/ros2_ws/build/turtlesim': CMAKE_PREFIX_PATH=${CMAKE_PREFIX_PATH}:/opt/ros/jazzy DEBUGINFOD_URLS=https://debuginfod.ubuntu.com /usr/bin/cmake --install /home/pepijn/ros2_ws/build/turtlesim
[21.090s] -- Install configuration: ""
[21.090s] -- Installing: /home/pepijn/ros2_ws/install/turtlesim/share/ament_index/resource_index/rosidl_interfaces/turtlesim
[21.090s] -- Installing: /home/pepijn/ros2_ws/install/turtlesim/share/turtlesim/action/RotateAbsolute.json
[21.090s] -- Installing: /home/pepijn/ros2_ws/install/turtlesim/share/turtlesim/msg/Color.json
[21.090s] -- Installing: /home/pepijn/ros2_ws/install/turtlesim/share/turtlesim/msg/Pose.json
[21.090s] -- Installing: /home/pepijn/ros2_ws/install/turtlesim/share/turtlesim/srv/Kill.json
[21.091s] -- Installing: /home/pepijn/ros2_ws/install/turtlesim/share/turtlesim/srv/SetPen.json
[21.091s] -- Installing: /home/pepijn/ros2_ws/install/turtlesim/share/turtlesim/srv/Spawn.json
[21.091s] -- Installing: /home/pepijn/ros2_ws/install/turtlesim/share/turtlesim/srv/TeleportAbsolute.json
[21.091s] -- Installing: /home/pepijn/ros2_ws/install/turtlesim/share/turtlesim/srv/TeleportRelative.json
[21.091s] -- Installing: /home/pepijn/ros2_ws/install/turtlesim/include/turtlesim/turtlesim
[21.091s] -- Installing: /home/pepijn/ros2_ws/install/turtlesim/include/turtlesim/turtlesim/srv
[21.091s] -- Installing: /home/pepijn/ros2_ws/install/turtlesim/include/turtlesim/turtlesim/srv/set_pen.h
[21.091s] -- Installing: /home/pepijn/ros2_ws/install/turtlesim/include/turtlesim/turtlesim/srv/kill.h
[21.092s] -- Installing: /home/pepijn/ros2_ws/install/turtlesim/include/turtlesim/turtlesim/srv/teleport_relative.h
[21.092s] -- Installing: /home/pepijn/ros2_ws/install/turtlesim/include/turtlesim/turtlesim/srv/spawn.h
[21.092s] -- Installing: /home/pepijn/ros2_ws/install/turtlesim/include/turtlesim/turtlesim/srv/teleport_absolute.h
[21.092s] -- Installing: /home/pepijn/ros2_ws/install/turtlesim/include/turtlesim/turtlesim/srv/detail
[21.092s] -- Installing: /home/pepijn/ros2_ws/install/turtlesim/include/turtlesim/turtlesim/srv/detail/spawn__functions.c
[21.092s] -- Installing: /home/pepijn/ros2_ws/install/turtlesim/include/turtlesim/turtlesim/srv/detail/kill__functions.c
[21.092s] -- Installing: /home/pepijn/ros2_ws/install/turtlesim/include/turtlesim/turtlesim/srv/detail/kill__struct.h
[21.092s] -- Installing: /home/pepijn/ros2_ws/install/turtlesim/include/turtlesim/turtlesim/srv/detail/spawn__type_support.c
[21.093s] -- Installing: /home/pepijn/ros2_ws/install/turtlesim/include/turtlesim/turtlesim/srv/detail/kill__type_support.c
[21.093s] -- Installing: /home/pepijn/ros2_ws/install/turtlesim/include/turtlesim/turtlesim/srv/detail/teleport_relative__description.c
[21.093s] -- Installing: /home/pepijn/ros2_ws/install/turtlesim/include/turtlesim/turtlesim/srv/detail/kill__functions.h
[21.093s] -- Installing: /home/pepijn/ros2_ws/install/turtlesim/include/turtlesim/turtlesim/srv/detail/kill__description.c
[21.093s] -- Installing: /home/pepijn/ros2_ws/install/turtlesim/include/turtlesim/turtlesim/srv/detail/teleport_relative__functions.c
[21.093s] -- Installing: /home/pepijn/ros2_ws/install/turtlesim/include/turtlesim/turtlesim/srv/detail/spawn__type_support.h
[21.093s] -- Installing: /home/pepijn/ros2_ws/install/turtlesim/include/turtlesim/turtlesim/srv/detail/set_pen__functions.h
[21.093s] -- Installing: /home/pepijn/ros2_ws/install/turtlesim/include/turtlesim/turtlesim/srv/detail/teleport_absolute__type_support.c
[21.094s] -- Installing: /home/pepijn/ros2_ws/install/turtlesim/include/turtlesim/turtlesim/srv/detail/teleport_absolute__description.c
[21.094s] -- Installing: /home/pepijn/ros2_ws/install/turtlesim/include/turtlesim/turtlesim/srv/detail/teleport_absolute__struct.h
[21.094s] -- Installing: /home/pepijn/ros2_ws/install/turtlesim/include/turtlesim/turtlesim/srv/detail/spawn__description.c
[21.094s] -- Installing: /home/pepijn/ros2_ws/install/turtlesim/include/turtlesim/turtlesim/srv/detail/teleport_relative__type_support.h
[21.094s] -- Installing: /home/pepijn/ros2_ws/install/turtlesim/include/turtlesim/turtlesim/srv/detail/spawn__functions.h
[21.094s] -- Installing: /home/pepijn/ros2_ws/install/turtlesim/include/turtlesim/turtlesim/srv/detail/set_pen__description.c
[21.094s] -- Installing: /home/pepijn/ros2_ws/install/turtlesim/include/turtlesim/turtlesim/srv/detail/teleport_relative__type_support.c
[21.094s] -- Installing: /home/pepijn/ros2_ws/install/turtlesim/include/turtlesim/turtlesim/srv/detail/set_pen__functions.c
[21.094s] -- Installing: /home/pepijn/ros2_ws/install/turtlesim/include/turtlesim/turtlesim/srv/detail/set_pen__type_support.c
[21.095s] -- Installing: /home/pepijn/ros2_ws/install/turtlesim/include/turtlesim/turtlesim/srv/detail/teleport_relative__struct.h
[21.095s] -- Installing: /home/pepijn/ros2_ws/install/turtlesim/include/turtlesim/turtlesim/srv/detail/set_pen__struct.h
[21.095s] -- Installing: /home/pepijn/ros2_ws/install/turtlesim/include/turtlesim/turtlesim/srv/detail/teleport_absolute__functions.c
[21.095s] -- Installing: /home/pepijn/ros2_ws/install/turtlesim/include/turtlesim/turtlesim/srv/detail/spawn__struct.h
[21.095s] -- Installing: /home/pepijn/ros2_ws/install/turtlesim/include/turtlesim/turtlesim/srv/detail/teleport_absolute__functions.h
[21.095s] -- Installing: /home/pepijn/ros2_ws/install/turtlesim/include/turtlesim/turtlesim/srv/detail/teleport_relative__functions.h
[21.095s] -- Installing: /home/pepijn/ros2_ws/install/turtlesim/include/turtlesim/turtlesim/srv/detail/kill__type_support.h
[21.095s] -- Installing: /home/pepijn/ros2_ws/install/turtlesim/include/turtlesim/turtlesim/srv/detail/set_pen__type_support.h
[21.095s] -- Installing: /home/pepijn/ros2_ws/install/turtlesim/include/turtlesim/turtlesim/srv/detail/teleport_absolute__type_support.h
[21.096s] -- Installing: /home/pepijn/ros2_ws/install/turtlesim/include/turtlesim/turtlesim/action
[21.096s] -- Installing: /home/pepijn/ros2_ws/install/turtlesim/include/turtlesim/turtlesim/action/rotate_absolute.h
[21.096s] -- Installing: /home/pepijn/ros2_ws/install/turtlesim/include/turtlesim/turtlesim/action/detail
[21.096s] -- Installing: /home/pepijn/ros2_ws/install/turtlesim/include/turtlesim/turtlesim/action/detail/rotate_absolute__description.c
[21.096s] -- Installing: /home/pepijn/ros2_ws/install/turtlesim/include/turtlesim/turtlesim/action/detail/rotate_absolute__functions.h
[21.096s] -- Installing: /home/pepijn/ros2_ws/install/turtlesim/include/turtlesim/turtlesim/action/detail/rotate_absolute__functions.c
[21.096s] -- Installing: /home/pepijn/ros2_ws/install/turtlesim/include/turtlesim/turtlesim/action/detail/rotate_absolute__type_support.c
[21.096s] -- Installing: /home/pepijn/ros2_ws/install/turtlesim/include/turtlesim/turtlesim/action/detail/rotate_absolute__struct.h
[21.097s] -- Installing: /home/pepijn/ros2_ws/install/turtlesim/include/turtlesim/turtlesim/action/detail/rotate_absolute__type_support.h
[21.097s] -- Installing: /home/pepijn/ros2_ws/install/turtlesim/include/turtlesim/turtlesim/msg
[21.097s] -- Installing: /home/pepijn/ros2_ws/install/turtlesim/include/turtlesim/turtlesim/msg/color.h
[21.097s] -- Installing: /home/pepijn/ros2_ws/install/turtlesim/include/turtlesim/turtlesim/msg/rosidl_generator_c__visibility_control.h
[21.097s] -- Installing: /home/pepijn/ros2_ws/install/turtlesim/include/turtlesim/turtlesim/msg/detail
[21.097s] -- Installing: /home/pepijn/ros2_ws/install/turtlesim/include/turtlesim/turtlesim/msg/detail/color__struct.h
[21.097s] -- Installing: /home/pepijn/ros2_ws/install/turtlesim/include/turtlesim/turtlesim/msg/detail/pose__functions.c
[21.097s] -- Installing: /home/pepijn/ros2_ws/install/turtlesim/include/turtlesim/turtlesim/msg/detail/color__type_support.h
[21.097s] -- Installing: /home/pepijn/ros2_ws/install/turtlesim/include/turtlesim/turtlesim/msg/detail/color__functions.c
[21.098s] -- Installing: /home/pepijn/ros2_ws/install/turtlesim/include/turtlesim/turtlesim/msg/detail/pose__type_support.c
[21.098s] -- Installing: /home/pepijn/ros2_ws/install/turtlesim/include/turtlesim/turtlesim/msg/detail/pose__functions.h
[21.098s] -- Installing: /home/pepijn/ros2_ws/install/turtlesim/include/turtlesim/turtlesim/msg/detail/pose__struct.h
[21.098s] -- Installing: /home/pepijn/ros2_ws/install/turtlesim/include/turtlesim/turtlesim/msg/detail/color__functions.h
[21.098s] -- Installing: /home/pepijn/ros2_ws/install/turtlesim/include/turtlesim/turtlesim/msg/detail/pose__type_support.h
[21.098s] -- Installing: /home/pepijn/ros2_ws/install/turtlesim/include/turtlesim/turtlesim/msg/detail/color__description.c
[21.098s] -- Installing: /home/pepijn/ros2_ws/install/turtlesim/include/turtlesim/turtlesim/msg/detail/color__type_support.c
[21.098s] -- Installing: /home/pepijn/ros2_ws/install/turtlesim/include/turtlesim/turtlesim/msg/detail/pose__description.c
[21.099s] -- Installing: /home/pepijn/ros2_ws/install/turtlesim/include/turtlesim/turtlesim/msg/pose.h
[21.099s] -- Installing: /home/pepijn/ros2_ws/install/turtlesim/share/turtlesim/environment/library_path.sh
[21.099s] -- Installing: /home/pepijn/ros2_ws/install/turtlesim/share/turtlesim/environment/library_path.dsv
[21.099s] -- Installing: /home/pepijn/ros2_ws/install/turtlesim/lib/libturtlesim__rosidl_generator_c.so
[21.100s] -- Set non-toolchain portion of runtime path of "/home/pepijn/ros2_ws/install/turtlesim/lib/libturtlesim__rosidl_generator_c.so" to ""
[21.100s] -- Up-to-date: /home/pepijn/ros2_ws/install/turtlesim/include/turtlesim/turtlesim
[21.100s] -- Up-to-date: /home/pepijn/ros2_ws/install/turtlesim/include/turtlesim/turtlesim/srv
[21.100s] -- Up-to-date: /home/pepijn/ros2_ws/install/turtlesim/include/turtlesim/turtlesim/srv/detail
[21.100s] -- Installing: /home/pepijn/ros2_ws/install/turtlesim/include/turtlesim/turtlesim/srv/detail/teleport_absolute__rosidl_typesupport_fastrtps_c.h
[21.100s] -- Installing: /home/pepijn/ros2_ws/install/turtlesim/include/turtlesim/turtlesim/srv/detail/teleport_relative__rosidl_typesupport_fastrtps_c.h
[21.100s] -- Installing: /home/pepijn/ros2_ws/install/turtlesim/include/turtlesim/turtlesim/srv/detail/spawn__rosidl_typesupport_fastrtps_c.h
[21.101s] -- Installing: /home/pepijn/ros2_ws/install/turtlesim/include/turtlesim/turtlesim/srv/detail/kill__rosidl_typesupport_fastrtps_c.h
[21.101s] -- Installing: /home/pepijn/ros2_ws/install/turtlesim/include/turtlesim/turtlesim/srv/detail/set_pen__rosidl_typesupport_fastrtps_c.h
[21.101s] -- Up-to-date: /home/pepijn/ros2_ws/install/turtlesim/include/turtlesim/turtlesim/action
[21.101s] -- Up-to-date: /home/pepijn/ros2_ws/install/turtlesim/include/turtlesim/turtlesim/action/detail
[21.101s] -- Installing: /home/pepijn/ros2_ws/install/turtlesim/include/turtlesim/turtlesim/action/detail/rotate_absolute__rosidl_typesupport_fastrtps_c.h
[21.101s] -- Up-to-date: /home/pepijn/ros2_ws/install/turtlesim/include/turtlesim/turtlesim/msg
[21.101s] -- Installing: /home/pepijn/ros2_ws/install/turtlesim/include/turtlesim/turtlesim/msg/rosidl_typesupport_fastrtps_c__visibility_control.h
[21.101s] -- Up-to-date: /home/pepijn/ros2_ws/install/turtlesim/include/turtlesim/turtlesim/msg/detail
[21.101s] -- Installing: /home/pepijn/ros2_ws/install/turtlesim/include/turtlesim/turtlesim/msg/detail/color__rosidl_typesupport_fastrtps_c.h
[21.101s] -- Installing: /home/pepijn/ros2_ws/install/turtlesim/include/turtlesim/turtlesim/msg/detail/pose__rosidl_typesupport_fastrtps_c.h
[21.102s] -- Installing: /home/pepijn/ros2_ws/install/turtlesim/lib/libturtlesim__rosidl_typesupport_fastrtps_c.so
[21.102s] -- Set non-toolchain portion of runtime path of "/home/pepijn/ros2_ws/install/turtlesim/lib/libturtlesim__rosidl_typesupport_fastrtps_c.so" to ""
[21.102s] -- Up-to-date: /home/pepijn/ros2_ws/install/turtlesim/include/turtlesim/turtlesim
[21.102s] -- Up-to-date: /home/pepijn/ros2_ws/install/turtlesim/include/turtlesim/turtlesim/srv
[21.102s] -- Installing: /home/pepijn/ros2_ws/install/turtlesim/include/turtlesim/turtlesim/srv/kill.hpp
[21.102s] -- Installing: /home/pepijn/ros2_ws/install/turtlesim/include/turtlesim/turtlesim/srv/set_pen.hpp
[21.102s] -- Installing: /home/pepijn/ros2_ws/install/turtlesim/include/turtlesim/turtlesim/srv/spawn.hpp
[21.102s] -- Installing: /home/pepijn/ros2_ws/install/turtlesim/include/turtlesim/turtlesim/srv/teleport_absolute.hpp
[21.102s] -- Up-to-date: /home/pepijn/ros2_ws/install/turtlesim/include/turtlesim/turtlesim/srv/detail
[21.103s] -- Installing: /home/pepijn/ros2_ws/install/turtlesim/include/turtlesim/turtlesim/srv/detail/teleport_relative__struct.hpp
[21.103s] -- Installing: /home/pepijn/ros2_ws/install/turtlesim/include/turtlesim/turtlesim/srv/detail/spawn__builder.hpp
[21.103s] -- Installing: /home/pepijn/ros2_ws/install/turtlesim/include/turtlesim/turtlesim/srv/detail/teleport_relative__traits.hpp
[21.103s] -- Installing: /home/pepijn/ros2_ws/install/turtlesim/include/turtlesim/turtlesim/srv/detail/kill__type_support.hpp
[21.103s] -- Installing: /home/pepijn/ros2_ws/install/turtlesim/include/turtlesim/turtlesim/srv/detail/set_pen__struct.hpp
[21.103s] -- Installing: /home/pepijn/ros2_ws/install/turtlesim/include/turtlesim/turtlesim/srv/detail/set_pen__traits.hpp
[21.103s] -- Installing: /home/pepijn/ros2_ws/install/turtlesim/include/turtlesim/turtlesim/srv/detail/spawn__struct.hpp
[21.103s] -- Installing: /home/pepijn/ros2_ws/install/turtlesim/include/turtlesim/turtlesim/srv/detail/teleport_absolute__struct.hpp
[21.103s] -- Installing: /home/pepijn/ros2_ws/install/turtlesim/include/turtlesim/turtlesim/srv/detail/kill__traits.hpp
[21.104s] -- Installing: /home/pepijn/ros2_ws/install/turtlesim/include/turtlesim/turtlesim/srv/detail/teleport_absolute__traits.hpp
[21.104s] -- Installing: /home/pepijn/ros2_ws/install/turtlesim/include/turtlesim/turtlesim/srv/detail/teleport_relative__builder.hpp
[21.104s] -- Installing: /home/pepijn/ros2_ws/install/turtlesim/include/turtlesim/turtlesim/srv/detail/spawn__type_support.hpp
[21.104s] -- Installing: /home/pepijn/ros2_ws/install/turtlesim/include/turtlesim/turtlesim/srv/detail/kill__builder.hpp
[21.104s] -- Installing: /home/pepijn/ros2_ws/install/turtlesim/include/turtlesim/turtlesim/srv/detail/kill__struct.hpp
[21.104s] -- Installing: /home/pepijn/ros2_ws/install/turtlesim/include/turtlesim/turtlesim/srv/detail/set_pen__builder.hpp
[21.104s] -- Installing: /home/pepijn/ros2_ws/install/turtlesim/include/turtlesim/turtlesim/srv/detail/teleport_absolute__type_support.hpp
[21.104s] -- Installing: /home/pepijn/ros2_ws/install/turtlesim/include/turtlesim/turtlesim/srv/detail/teleport_relative__type_support.hpp
[21.104s] -- Installing: /home/pepijn/ros2_ws/install/turtlesim/include/turtlesim/turtlesim/srv/detail/teleport_absolute__builder.hpp
[21.105s] -- Installing: /home/pepijn/ros2_ws/install/turtlesim/include/turtlesim/turtlesim/srv/detail/set_pen__type_support.hpp
[21.105s] -- Installing: /home/pepijn/ros2_ws/install/turtlesim/include/turtlesim/turtlesim/srv/detail/spawn__traits.hpp
[21.105s] -- Installing: /home/pepijn/ros2_ws/install/turtlesim/include/turtlesim/turtlesim/srv/teleport_relative.hpp
[21.105s] -- Up-to-date: /home/pepijn/ros2_ws/install/turtlesim/include/turtlesim/turtlesim/action
[21.105s] -- Installing: /home/pepijn/ros2_ws/install/turtlesim/include/turtlesim/turtlesim/action/rotate_absolute.hpp
[21.105s] -- Up-to-date: /home/pepijn/ros2_ws/install/turtlesim/include/turtlesim/turtlesim/action/detail
[21.105s] -- Installing: /home/pepijn/ros2_ws/install/turtlesim/include/turtlesim/turtlesim/action/detail/rotate_absolute__type_support.hpp
[21.105s] -- Installing: /home/pepijn/ros2_ws/install/turtlesim/include/turtlesim/turtlesim/action/detail/rotate_absolute__builder.hpp
[21.105s] -- Installing: /home/pepijn/ros2_ws/install/turtlesim/include/turtlesim/turtlesim/action/detail/rotate_absolute__struct.hpp
[21.106s] -- Installing: /home/pepijn/ros2_ws/install/turtlesim/include/turtlesim/turtlesim/action/detail/rotate_absolute__traits.hpp
[21.106s] -- Up-to-date: /home/pepijn/ros2_ws/install/turtlesim/include/turtlesim/turtlesim/msg
[21.106s] -- Installing: /home/pepijn/ros2_ws/install/turtlesim/include/turtlesim/turtlesim/msg/rosidl_generator_cpp__visibility_control.hpp
[21.106s] -- Installing: /home/pepijn/ros2_ws/install/turtlesim/include/turtlesim/turtlesim/msg/pose.hpp
[21.106s] -- Up-to-date: /home/pepijn/ros2_ws/install/turtlesim/include/turtlesim/turtlesim/msg/detail
[21.106s] -- Installing: /home/pepijn/ros2_ws/install/turtlesim/include/turtlesim/turtlesim/msg/detail/pose__type_support.hpp
[21.106s] -- Installing: /home/pepijn/ros2_ws/install/turtlesim/include/turtlesim/turtlesim/msg/detail/color__traits.hpp
[21.106s] -- Installing: /home/pepijn/ros2_ws/install/turtlesim/include/turtlesim/turtlesim/msg/detail/color__builder.hpp
[21.106s] -- Installing: /home/pepijn/ros2_ws/install/turtlesim/include/turtlesim/turtlesim/msg/detail/pose__builder.hpp
[21.106s] -- Installing: /home/pepijn/ros2_ws/install/turtlesim/include/turtlesim/turtlesim/msg/detail/pose__struct.hpp
[21.107s] -- Installing: /home/pepijn/ros2_ws/install/turtlesim/include/turtlesim/turtlesim/msg/detail/pose__traits.hpp
[21.107s] -- Installing: /home/pepijn/ros2_ws/install/turtlesim/include/turtlesim/turtlesim/msg/detail/color__struct.hpp
[21.107s] -- Installing: /home/pepijn/ros2_ws/install/turtlesim/include/turtlesim/turtlesim/msg/detail/color__type_support.hpp
[21.107s] -- Installing: /home/pepijn/ros2_ws/install/turtlesim/include/turtlesim/turtlesim/msg/color.hpp
[21.107s] -- Up-to-date: /home/pepijn/ros2_ws/install/turtlesim/include/turtlesim/turtlesim
[21.107s] -- Up-to-date: /home/pepijn/ros2_ws/install/turtlesim/include/turtlesim/turtlesim/srv
[21.107s] -- Up-to-date: /home/pepijn/ros2_ws/install/turtlesim/include/turtlesim/turtlesim/srv/detail
[21.107s] -- Installing: /home/pepijn/ros2_ws/install/turtlesim/include/turtlesim/turtlesim/srv/detail/set_pen__rosidl_typesupport_fastrtps_cpp.hpp
[21.107s] -- Installing: /home/pepijn/ros2_ws/install/turtlesim/include/turtlesim/turtlesim/srv/detail/dds_fastrtps
[21.107s] -- Installing: /home/pepijn/ros2_ws/install/turtlesim/include/turtlesim/turtlesim/srv/detail/kill__rosidl_typesupport_fastrtps_cpp.hpp
[21.108s] -- Installing: /home/pepijn/ros2_ws/install/turtlesim/include/turtlesim/turtlesim/srv/detail/teleport_relative__rosidl_typesupport_fastrtps_cpp.hpp
[21.108s] -- Installing: /home/pepijn/ros2_ws/install/turtlesim/include/turtlesim/turtlesim/srv/detail/teleport_absolute__rosidl_typesupport_fastrtps_cpp.hpp
[21.108s] -- Installing: /home/pepijn/ros2_ws/install/turtlesim/include/turtlesim/turtlesim/srv/detail/spawn__rosidl_typesupport_fastrtps_cpp.hpp
[21.108s] -- Up-to-date: /home/pepijn/ros2_ws/install/turtlesim/include/turtlesim/turtlesim/action
[21.108s] -- Up-to-date: /home/pepijn/ros2_ws/install/turtlesim/include/turtlesim/turtlesim/action/detail
[21.108s] -- Installing: /home/pepijn/ros2_ws/install/turtlesim/include/turtlesim/turtlesim/action/detail/dds_fastrtps
[21.108s] -- Installing: /home/pepijn/ros2_ws/install/turtlesim/include/turtlesim/turtlesim/action/detail/rotate_absolute__rosidl_typesupport_fastrtps_cpp.hpp
[21.108s] -- Up-to-date: /home/pepijn/ros2_ws/install/turtlesim/include/turtlesim/turtlesim/msg
[21.108s] -- Up-to-date: /home/pepijn/ros2_ws/install/turtlesim/include/turtlesim/turtlesim/msg/detail
[21.109s] -- Installing: /home/pepijn/ros2_ws/install/turtlesim/include/turtlesim/turtlesim/msg/detail/color__rosidl_typesupport_fastrtps_cpp.hpp
[21.109s] -- Installing: /home/pepijn/ros2_ws/install/turtlesim/include/turtlesim/turtlesim/msg/detail/dds_fastrtps
[21.109s] -- Installing: /home/pepijn/ros2_ws/install/turtlesim/include/turtlesim/turtlesim/msg/detail/pose__rosidl_typesupport_fastrtps_cpp.hpp
[21.109s] -- Installing: /home/pepijn/ros2_ws/install/turtlesim/include/turtlesim/turtlesim/msg/rosidl_typesupport_fastrtps_cpp__visibility_control.h
[21.109s] -- Installing: /home/pepijn/ros2_ws/install/turtlesim/lib/libturtlesim__rosidl_typesupport_fastrtps_cpp.so
[21.109s] -- Set non-toolchain portion of runtime path of "/home/pepijn/ros2_ws/install/turtlesim/lib/libturtlesim__rosidl_typesupport_fastrtps_cpp.so" to ""
[21.109s] -- Up-to-date: /home/pepijn/ros2_ws/install/turtlesim/include/turtlesim/turtlesim
[21.109s] -- Up-to-date: /home/pepijn/ros2_ws/install/turtlesim/include/turtlesim/turtlesim/srv
[21.109s] -- Up-to-date: /home/pepijn/ros2_ws/install/turtlesim/include/turtlesim/turtlesim/srv/detail
[21.110s] -- Installing: /home/pepijn/ros2_ws/install/turtlesim/include/turtlesim/turtlesim/srv/detail/spawn__rosidl_typesupport_introspection_c.h
[21.110s] -- Installing: /home/pepijn/ros2_ws/install/turtlesim/include/turtlesim/turtlesim/srv/detail/set_pen__rosidl_typesupport_introspection_c.h
[21.110s] -- Installing: /home/pepijn/ros2_ws/install/turtlesim/include/turtlesim/turtlesim/srv/detail/spawn__type_support.c
[21.110s] -- Installing: /home/pepijn/ros2_ws/install/turtlesim/include/turtlesim/turtlesim/srv/detail/kill__type_support.c
[21.110s] -- Installing: /home/pepijn/ros2_ws/install/turtlesim/include/turtlesim/turtlesim/srv/detail/teleport_relative__rosidl_typesupport_introspection_c.h
[21.110s] -- Installing: /home/pepijn/ros2_ws/install/turtlesim/include/turtlesim/turtlesim/srv/detail/teleport_absolute__type_support.c
[21.110s] -- Installing: /home/pepijn/ros2_ws/install/turtlesim/include/turtlesim/turtlesim/srv/detail/kill__rosidl_typesupport_introspection_c.h
[21.110s] -- Installing: /home/pepijn/ros2_ws/install/turtlesim/include/turtlesim/turtlesim/srv/detail/teleport_relative__type_support.c
[21.110s] -- Installing: /home/pepijn/ros2_ws/install/turtlesim/include/turtlesim/turtlesim/srv/detail/set_pen__type_support.c
[21.110s] -- Installing: /home/pepijn/ros2_ws/install/turtlesim/include/turtlesim/turtlesim/srv/detail/teleport_absolute__rosidl_typesupport_introspection_c.h
[21.111s] -- Up-to-date: /home/pepijn/ros2_ws/install/turtlesim/include/turtlesim/turtlesim/action
[21.111s] -- Up-to-date: /home/pepijn/ros2_ws/install/turtlesim/include/turtlesim/turtlesim/action/detail
[21.111s] -- Installing: /home/pepijn/ros2_ws/install/turtlesim/include/turtlesim/turtlesim/action/detail/rotate_absolute__rosidl_typesupport_introspection_c.h
[21.111s] -- Installing: /home/pepijn/ros2_ws/install/turtlesim/include/turtlesim/turtlesim/action/detail/rotate_absolute__type_support.c
[21.111s] -- Up-to-date: /home/pepijn/ros2_ws/install/turtlesim/include/turtlesim/turtlesim/msg
[21.111s] -- Installing: /home/pepijn/ros2_ws/install/turtlesim/include/turtlesim/turtlesim/msg/rosidl_typesupport_introspection_c__visibility_control.h
[21.111s] -- Up-to-date: /home/pepijn/ros2_ws/install/turtlesim/include/turtlesim/turtlesim/msg/detail
[21.111s] -- Installing: /home/pepijn/ros2_ws/install/turtlesim/include/turtlesim/turtlesim/msg/detail/color__rosidl_typesupport_introspection_c.h
[21.111s] -- Installing: /home/pepijn/ros2_ws/install/turtlesim/include/turtlesim/turtlesim/msg/detail/pose__type_support.c
[21.112s] -- Installing: /home/pepijn/ros2_ws/install/turtlesim/include/turtlesim/turtlesim/msg/detail/color__type_support.c
[21.112s] -- Installing: /home/pepijn/ros2_ws/install/turtlesim/include/turtlesim/turtlesim/msg/detail/pose__rosidl_typesupport_introspection_c.h
[21.112s] -- Installing: /home/pepijn/ros2_ws/install/turtlesim/lib/libturtlesim__rosidl_typesupport_introspection_c.so
[21.112s] -- Set non-toolchain portion of runtime path of "/home/pepijn/ros2_ws/install/turtlesim/lib/libturtlesim__rosidl_typesupport_introspection_c.so" to ""
[21.112s] -- Installing: /home/pepijn/ros2_ws/install/turtlesim/lib/libturtlesim__rosidl_typesupport_c.so
[21.112s] -- Set non-toolchain portion of runtime path of "/home/pepijn/ros2_ws/install/turtlesim/lib/libturtlesim__rosidl_typesupport_c.so" to ""
[21.112s] -- Up-to-date: /home/pepijn/ros2_ws/install/turtlesim/include/turtlesim/turtlesim
[21.113s] -- Up-to-date: /home/pepijn/ros2_ws/install/turtlesim/include/turtlesim/turtlesim/srv
[21.113s] -- Up-to-date: /home/pepijn/ros2_ws/install/turtlesim/include/turtlesim/turtlesim/srv/detail
[21.113s] -- Installing: /home/pepijn/ros2_ws/install/turtlesim/include/turtlesim/turtlesim/srv/detail/teleport_absolute__rosidl_typesupport_introspection_cpp.hpp
[21.113s] -- Installing: /home/pepijn/ros2_ws/install/turtlesim/include/turtlesim/turtlesim/srv/detail/set_pen__type_support.cpp
[21.113s] -- Installing: /home/pepijn/ros2_ws/install/turtlesim/include/turtlesim/turtlesim/srv/detail/set_pen__rosidl_typesupport_introspection_cpp.hpp
[21.113s] -- Installing: /home/pepijn/ros2_ws/install/turtlesim/include/turtlesim/turtlesim/srv/detail/kill__type_support.cpp
[21.113s] -- Installing: /home/pepijn/ros2_ws/install/turtlesim/include/turtlesim/turtlesim/srv/detail/spawn__type_support.cpp
[21.113s] -- Installing: /home/pepijn/ros2_ws/install/turtlesim/include/turtlesim/turtlesim/srv/detail/kill__rosidl_typesupport_introspection_cpp.hpp
[21.113s] -- Installing: /home/pepijn/ros2_ws/install/turtlesim/include/turtlesim/turtlesim/srv/detail/spawn__rosidl_typesupport_introspection_cpp.hpp
[21.114s] -- Installing: /home/pepijn/ros2_ws/install/turtlesim/include/turtlesim/turtlesim/srv/detail/teleport_relative__rosidl_typesupport_introspection_cpp.hpp
[21.114s] -- Installing: /home/pepijn/ros2_ws/install/turtlesim/include/turtlesim/turtlesim/srv/detail/teleport_relative__type_support.cpp
[21.114s] -- Installing: /home/pepijn/ros2_ws/install/turtlesim/include/turtlesim/turtlesim/srv/detail/teleport_absolute__type_support.cpp
[21.114s] -- Up-to-date: /home/pepijn/ros2_ws/install/turtlesim/include/turtlesim/turtlesim/action
[21.114s] -- Up-to-date: /home/pepijn/ros2_ws/install/turtlesim/include/turtlesim/turtlesim/action/detail
[21.114s] -- Installing: /home/pepijn/ros2_ws/install/turtlesim/include/turtlesim/turtlesim/action/detail/rotate_absolute__rosidl_typesupport_introspection_cpp.hpp
[21.114s] -- Installing: /home/pepijn/ros2_ws/install/turtlesim/include/turtlesim/turtlesim/action/detail/rotate_absolute__type_support.cpp
[21.114s] -- Up-to-date: /home/pepijn/ros2_ws/install/turtlesim/include/turtlesim/turtlesim/msg
[21.114s] -- Up-to-date: /home/pepijn/ros2_ws/install/turtlesim/include/turtlesim/turtlesim/msg/detail
[21.115s] -- Installing: /home/pepijn/ros2_ws/install/turtlesim/include/turtlesim/turtlesim/msg/detail/color__type_support.cpp
[21.115s] -- Installing: /home/pepijn/ros2_ws/install/turtlesim/include/turtlesim/turtlesim/msg/detail/pose__type_support.cpp
[21.115s] -- Installing: /home/pepijn/ros2_ws/install/turtlesim/include/turtlesim/turtlesim/msg/detail/color__rosidl_typesupport_introspection_cpp.hpp
[21.115s] -- Installing: /home/pepijn/ros2_ws/install/turtlesim/include/turtlesim/turtlesim/msg/detail/pose__rosidl_typesupport_introspection_cpp.hpp
[21.115s] -- Installing: /home/pepijn/ros2_ws/install/turtlesim/lib/libturtlesim__rosidl_typesupport_introspection_cpp.so
[21.115s] -- Set non-toolchain portion of runtime path of "/home/pepijn/ros2_ws/install/turtlesim/lib/libturtlesim__rosidl_typesupport_introspection_cpp.so" to ""
[21.115s] -- Installing: /home/pepijn/ros2_ws/install/turtlesim/lib/libturtlesim__rosidl_typesupport_cpp.so
[21.116s] -- Set non-toolchain portion of runtime path of "/home/pepijn/ros2_ws/install/turtlesim/lib/libturtlesim__rosidl_typesupport_cpp.so" to ""
[21.116s] -- Installing: /home/pepijn/ros2_ws/install/turtlesim/share/turtlesim/environment/pythonpath.sh
[21.116s] -- Installing: /home/pepijn/ros2_ws/install/turtlesim/share/turtlesim/environment/pythonpath.dsv
[21.116s] -- Installing: /home/pepijn/ros2_ws/install/turtlesim/lib/python3.12/site-packages/turtlesim-1.8.3-py3.12.egg-info
[21.117s] -- Installing: /home/pepijn/ros2_ws/install/turtlesim/lib/python3.12/site-packages/turtlesim-1.8.3-py3.12.egg-info/top_level.txt
[21.117s] -- Installing: /home/pepijn/ros2_ws/install/turtlesim/lib/python3.12/site-packages/turtlesim-1.8.3-py3.12.egg-info/PKG-INFO
[21.117s] -- Installing: /home/pepijn/ros2_ws/install/turtlesim/lib/python3.12/site-packages/turtlesim-1.8.3-py3.12.egg-info/dependency_links.txt
[21.117s] -- Installing: /home/pepijn/ros2_ws/install/turtlesim/lib/python3.12/site-packages/turtlesim-1.8.3-py3.12.egg-info/SOURCES.txt
[21.117s] -- Installing: /home/pepijn/ros2_ws/install/turtlesim/lib/python3.12/site-packages/turtlesim
[21.117s] -- Installing: /home/pepijn/ros2_ws/install/turtlesim/lib/python3.12/site-packages/turtlesim/_turtlesim_s.ep.rosidl_typesupport_c.c
[21.117s] -- Installing: /home/pepijn/ros2_ws/install/turtlesim/lib/python3.12/site-packages/turtlesim/srv
[21.117s] -- Installing: /home/pepijn/ros2_ws/install/turtlesim/lib/python3.12/site-packages/turtlesim/srv/_teleport_relative.py
[21.117s] -- Installing: /home/pepijn/ros2_ws/install/turtlesim/lib/python3.12/site-packages/turtlesim/srv/_set_pen_s.c
[21.118s] -- Installing: /home/pepijn/ros2_ws/install/turtlesim/lib/python3.12/site-packages/turtlesim/srv/_set_pen.py
[21.118s] -- Installing: /home/pepijn/ros2_ws/install/turtlesim/lib/python3.12/site-packages/turtlesim/srv/_teleport_absolute.py
[21.118s] -- Installing: /home/pepijn/ros2_ws/install/turtlesim/lib/python3.12/site-packages/turtlesim/srv/_kill.py
[21.118s] -- Installing: /home/pepijn/ros2_ws/install/turtlesim/lib/python3.12/site-packages/turtlesim/srv/_kill_s.c
[21.118s] -- Installing: /home/pepijn/ros2_ws/install/turtlesim/lib/python3.12/site-packages/turtlesim/srv/_spawn.py
[21.118s] -- Installing: /home/pepijn/ros2_ws/install/turtlesim/lib/python3.12/site-packages/turtlesim/srv/_teleport_absolute_s.c
[21.118s] -- Installing: /home/pepijn/ros2_ws/install/turtlesim/lib/python3.12/site-packages/turtlesim/srv/_teleport_relative_s.c
[21.118s] -- Installing: /home/pepijn/ros2_ws/install/turtlesim/lib/python3.12/site-packages/turtlesim/srv/_spawn_s.c
[21.119s] -- Installing: /home/pepijn/ros2_ws/install/turtlesim/lib/python3.12/site-packages/turtlesim/srv/__init__.py
[21.119s] -- Installing: /home/pepijn/ros2_ws/install/turtlesim/lib/python3.12/site-packages/turtlesim/turtlesim_s__rosidl_typesupport_c.so
[21.119s] -- Installing: /home/pepijn/ros2_ws/install/turtlesim/lib/python3.12/site-packages/turtlesim/action
[21.119s] -- Installing: /home/pepijn/ros2_ws/install/turtlesim/lib/python3.12/site-packages/turtlesim/action/_rotate_absolute.py
[21.119s] -- Installing: /home/pepijn/ros2_ws/install/turtlesim/lib/python3.12/site-packages/turtlesim/action/__init__.py
[21.119s] -- Installing: /home/pepijn/ros2_ws/install/turtlesim/lib/python3.12/site-packages/turtlesim/action/_rotate_absolute_s.c
[21.119s] -- Installing: /home/pepijn/ros2_ws/install/turtlesim/lib/python3.12/site-packages/turtlesim/turtlesim_s__rosidl_typesupport_fastrtps_c.so
[21.119s] -- Installing: /home/pepijn/ros2_ws/install/turtlesim/lib/python3.12/site-packages/turtlesim/_turtlesim_s.ep.rosidl_typesupport_introspection_c.c
[21.120s] -- Installing: /home/pepijn/ros2_ws/install/turtlesim/lib/python3.12/site-packages/turtlesim/_turtlesim_s.ep.rosidl_typesupport_fastrtps_c.c
[21.120s] -- Installing: /home/pepijn/ros2_ws/install/turtlesim/lib/python3.12/site-packages/turtlesim/turtlesim_s__rosidl_typesupport_introspection_c.so
[21.120s] -- Installing: /home/pepijn/ros2_ws/install/turtlesim/lib/python3.12/site-packages/turtlesim/__init__.py
[21.120s] -- Installing: /home/pepijn/ros2_ws/install/turtlesim/lib/python3.12/site-packages/turtlesim/msg
[21.120s] -- Installing: /home/pepijn/ros2_ws/install/turtlesim/lib/python3.12/site-packages/turtlesim/msg/_pose_s.c
[21.120s] -- Installing: /home/pepijn/ros2_ws/install/turtlesim/lib/python3.12/site-packages/turtlesim/msg/_color.py
[21.121s] -- Installing: /home/pepijn/ros2_ws/install/turtlesim/lib/python3.12/site-packages/turtlesim/msg/_pose.py
[21.121s] -- Installing: /home/pepijn/ros2_ws/install/turtlesim/lib/python3.12/site-packages/turtlesim/msg/_color_s.c
[21.121s] -- Installing: /home/pepijn/ros2_ws/install/turtlesim/lib/python3.12/site-packages/turtlesim/msg/__init__.py
[21.176s] Listing '/home/pepijn/ros2_ws/install/turtlesim/lib/python3.12/site-packages/turtlesim'...
[21.176s] Compiling '/home/pepijn/ros2_ws/install/turtlesim/lib/python3.12/site-packages/turtlesim/__init__.py'...
[21.177s] Listing '/home/pepijn/ros2_ws/install/turtlesim/lib/python3.12/site-packages/turtlesim/action'...
[21.177s] Compiling '/home/pepijn/ros2_ws/install/turtlesim/lib/python3.12/site-packages/turtlesim/action/__init__.py'...
[21.177s] Compiling '/home/pepijn/ros2_ws/install/turtlesim/lib/python3.12/site-packages/turtlesim/action/_rotate_absolute.py'...
[21.177s] Listing '/home/pepijn/ros2_ws/install/turtlesim/lib/python3.12/site-packages/turtlesim/msg'...
[21.177s] Compiling '/home/pepijn/ros2_ws/install/turtlesim/lib/python3.12/site-packages/turtlesim/msg/__init__.py'...
[21.177s] Compiling '/home/pepijn/ros2_ws/install/turtlesim/lib/python3.12/site-packages/turtlesim/msg/_color.py'...
[21.177s] Compiling '/home/pepijn/ros2_ws/install/turtlesim/lib/python3.12/site-packages/turtlesim/msg/_pose.py'...
[21.177s] Listing '/home/pepijn/ros2_ws/install/turtlesim/lib/python3.12/site-packages/turtlesim/srv'...
[21.177s] Compiling '/home/pepijn/ros2_ws/install/turtlesim/lib/python3.12/site-packages/turtlesim/srv/__init__.py'...
[21.177s] Compiling '/home/pepijn/ros2_ws/install/turtlesim/lib/python3.12/site-packages/turtlesim/srv/_kill.py'...
[21.178s] Compiling '/home/pepijn/ros2_ws/install/turtlesim/lib/python3.12/site-packages/turtlesim/srv/_set_pen.py'...
[21.178s] Compiling '/home/pepijn/ros2_ws/install/turtlesim/lib/python3.12/site-packages/turtlesim/srv/_spawn.py'...
[21.178s] Compiling '/home/pepijn/ros2_ws/install/turtlesim/lib/python3.12/site-packages/turtlesim/srv/_teleport_absolute.py'...
[21.178s] Compiling '/home/pepijn/ros2_ws/install/turtlesim/lib/python3.12/site-packages/turtlesim/srv/_teleport_relative.py'...
[21.182s] -- Installing: /home/pepijn/ros2_ws/install/turtlesim/lib/python3.12/site-packages/turtlesim/turtlesim_s__rosidl_typesupport_fastrtps_c.so
[21.182s] -- Set non-toolchain portion of runtime path of "/home/pepijn/ros2_ws/install/turtlesim/lib/python3.12/site-packages/turtlesim/turtlesim_s__rosidl_typesupport_fastrtps_c.so" to ""
[21.182s] -- Installing: /home/pepijn/ros2_ws/install/turtlesim/lib/python3.12/site-packages/turtlesim/turtlesim_s__rosidl_typesupport_introspection_c.so
[21.183s] -- Set non-toolchain portion of runtime path of "/home/pepijn/ros2_ws/install/turtlesim/lib/python3.12/site-packages/turtlesim/turtlesim_s__rosidl_typesupport_introspection_c.so" to ""
[21.183s] -- Installing: /home/pepijn/ros2_ws/install/turtlesim/lib/python3.12/site-packages/turtlesim/turtlesim_s__rosidl_typesupport_c.so
[21.183s] -- Set non-toolchain portion of runtime path of "/home/pepijn/ros2_ws/install/turtlesim/lib/python3.12/site-packages/turtlesim/turtlesim_s__rosidl_typesupport_c.so" to ""
[21.183s] -- Installing: /home/pepijn/ros2_ws/install/turtlesim/lib/libturtlesim__rosidl_generator_py.so
[21.184s] -- Set non-toolchain portion of runtime path of "/home/pepijn/ros2_ws/install/turtlesim/lib/libturtlesim__rosidl_generator_py.so" to ""
[21.184s] -- Installing: /home/pepijn/ros2_ws/install/turtlesim/share/turtlesim/action/RotateAbsolute.idl
[21.184s] -- Installing: /home/pepijn/ros2_ws/install/turtlesim/share/turtlesim/msg/Color.idl
[21.184s] -- Installing: /home/pepijn/ros2_ws/install/turtlesim/share/turtlesim/msg/Pose.idl
[21.184s] -- Installing: /home/pepijn/ros2_ws/install/turtlesim/share/turtlesim/srv/Kill.idl
[21.184s] -- Installing: /home/pepijn/ros2_ws/install/turtlesim/share/turtlesim/srv/SetPen.idl
[21.184s] -- Installing: /home/pepijn/ros2_ws/install/turtlesim/share/turtlesim/srv/Spawn.idl
[21.185s] -- Installing: /home/pepijn/ros2_ws/install/turtlesim/share/turtlesim/srv/TeleportAbsolute.idl
[21.185s] -- Installing: /home/pepijn/ros2_ws/install/turtlesim/share/turtlesim/srv/TeleportRelative.idl
[21.185s] -- Installing: /home/pepijn/ros2_ws/install/turtlesim/share/turtlesim/action/RotateAbsolute.action
[21.185s] -- Installing: /home/pepijn/ros2_ws/install/turtlesim/share/turtlesim/msg/Color.msg
[21.185s] -- Installing: /home/pepijn/ros2_ws/install/turtlesim/share/turtlesim/msg/Pose.msg
[21.185s] -- Installing: /home/pepijn/ros2_ws/install/turtlesim/share/turtlesim/srv/Kill.srv
[21.185s] -- Installing: /home/pepijn/ros2_ws/install/turtlesim/share/turtlesim/srv/SetPen.srv
[21.185s] -- Installing: /home/pepijn/ros2_ws/install/turtlesim/share/turtlesim/srv/Spawn.srv
[21.186s] -- Installing: /home/pepijn/ros2_ws/install/turtlesim/share/turtlesim/srv/TeleportAbsolute.srv
[21.186s] -- Installing: /home/pepijn/ros2_ws/install/turtlesim/share/turtlesim/srv/TeleportRelative.srv
[21.186s] -- Installing: /home/pepijn/ros2_ws/install/turtlesim/lib/turtlesim/turtlesim_node
[21.197s] -- Set non-toolchain portion of runtime path of "/home/pepijn/ros2_ws/install/turtlesim/lib/turtlesim/turtlesim_node" to ""
[21.197s] -- Installing: /home/pepijn/ros2_ws/install/turtlesim/lib/turtlesim/turtle_teleop_key
[21.199s] -- Set non-toolchain portion of runtime path of "/home/pepijn/ros2_ws/install/turtlesim/lib/turtlesim/turtle_teleop_key" to ""
[21.199s] -- Installing: /home/pepijn/ros2_ws/install/turtlesim/lib/turtlesim/draw_square
[21.204s] -- Set non-toolchain portion of runtime path of "/home/pepijn/ros2_ws/install/turtlesim/lib/turtlesim/draw_square" to ""
[21.204s] -- Installing: /home/pepijn/ros2_ws/install/turtlesim/lib/turtlesim/mimic
[21.209s] -- Set non-toolchain portion of runtime path of "/home/pepijn/ros2_ws/install/turtlesim/lib/turtlesim/mimic" to ""
[21.209s] -- Installing: /home/pepijn/ros2_ws/install/turtlesim/share/turtlesim/images
[21.209s] -- Installing: /home/pepijn/ros2_ws/install/turtlesim/share/turtlesim/images/crystal.png
[21.209s] -- Installing: /home/pepijn/ros2_ws/install/turtlesim/share/turtlesim/images/dashing.png
[21.209s] -- Installing: /home/pepijn/ros2_ws/install/turtlesim/share/turtlesim/images/jazzy.png
[21.209s] -- Installing: /home/pepijn/ros2_ws/install/turtlesim/share/turtlesim/images/ardent.png
[21.209s] -- Installing: /home/pepijn/ros2_ws/install/turtlesim/share/turtlesim/images/humble.png
[21.209s] -- Installing: /home/pepijn/ros2_ws/install/turtlesim/share/turtlesim/images/iron.png
[21.210s] -- Installing: /home/pepijn/ros2_ws/install/turtlesim/share/turtlesim/images/rolling.png
[21.210s] -- Installing: /home/pepijn/ros2_ws/install/turtlesim/share/turtlesim/images/galactic.png
[21.210s] -- Installing: /home/pepijn/ros2_ws/install/turtlesim/share/turtlesim/images/bouncy.png
[21.210s] -- Installing: /home/pepijn/ros2_ws/install/turtlesim/share/turtlesim/images/foxy.png
[21.210s] -- Installing: /home/pepijn/ros2_ws/install/turtlesim/share/turtlesim/images/eloquent.png
[21.210s] -- Installing: /home/pepijn/ros2_ws/install/turtlesim/share/turtlesim/launch
[21.210s] -- Installing: /home/pepijn/ros2_ws/install/turtlesim/share/turtlesim/launch/multisim.launch.py
[21.210s] -- Installing: /home/pepijn/ros2_ws/install/turtlesim/share/ament_index/resource_index/package_run_dependencies/turtlesim
[21.211s] -- Installing: /home/pepijn/ros2_ws/install/turtlesim/share/ament_index/resource_index/parent_prefix_path/turtlesim
[21.211s] -- Installing: /home/pepijn/ros2_ws/install/turtlesim/share/turtlesim/environment/ament_prefix_path.sh
[21.211s] -- Installing: /home/pepijn/ros2_ws/install/turtlesim/share/turtlesim/environment/ament_prefix_path.dsv
[21.211s] -- Installing: /home/pepijn/ros2_ws/install/turtlesim/share/turtlesim/environment/path.sh
[21.211s] -- Installing: /home/pepijn/ros2_ws/install/turtlesim/share/turtlesim/environment/path.dsv
[21.211s] -- Installing: /home/pepijn/ros2_ws/install/turtlesim/share/turtlesim/local_setup.bash
[21.211s] -- Installing: /home/pepijn/ros2_ws/install/turtlesim/share/turtlesim/local_setup.sh
[21.212s] -- Installing: /home/pepijn/ros2_ws/install/turtlesim/share/turtlesim/local_setup.zsh
[21.212s] -- Installing: /home/pepijn/ros2_ws/install/turtlesim/share/turtlesim/local_setup.dsv
[21.212s] -- Installing: /home/pepijn/ros2_ws/install/turtlesim/share/turtlesim/package.dsv
[21.212s] -- Installing: /home/pepijn/ros2_ws/install/turtlesim/share/ament_index/resource_index/packages/turtlesim
[21.212s] -- Installing: /home/pepijn/ros2_ws/install/turtlesim/share/turtlesim/cmake/export_turtlesim__rosidl_generator_cExport.cmake
[21.212s] -- Installing: /home/pepijn/ros2_ws/install/turtlesim/share/turtlesim/cmake/export_turtlesim__rosidl_generator_cExport-noconfig.cmake
[21.212s] -- Installing: /home/pepijn/ros2_ws/install/turtlesim/share/turtlesim/cmake/export_turtlesim__rosidl_typesupport_fastrtps_cExport.cmake
[21.213s] -- Installing: /home/pepijn/ros2_ws/install/turtlesim/share/turtlesim/cmake/export_turtlesim__rosidl_typesupport_fastrtps_cExport-noconfig.cmake
[21.213s] -- Installing: /home/pepijn/ros2_ws/install/turtlesim/share/turtlesim/cmake/export_turtlesim__rosidl_generator_cppExport.cmake
[21.213s] -- Installing: /home/pepijn/ros2_ws/install/turtlesim/share/turtlesim/cmake/export_turtlesim__rosidl_typesupport_fastrtps_cppExport.cmake
[21.213s] -- Installing: /home/pepijn/ros2_ws/install/turtlesim/share/turtlesim/cmake/export_turtlesim__rosidl_typesupport_fastrtps_cppExport-noconfig.cmake
[21.213s] -- Installing: /home/pepijn/ros2_ws/install/turtlesim/share/turtlesim/cmake/turtlesim__rosidl_typesupport_introspection_cExport.cmake
[21.213s] -- Installing: /home/pepijn/ros2_ws/install/turtlesim/share/turtlesim/cmake/turtlesim__rosidl_typesupport_introspection_cExport-noconfig.cmake
[21.213s] -- Installing: /home/pepijn/ros2_ws/install/turtlesim/share/turtlesim/cmake/turtlesim__rosidl_typesupport_cExport.cmake
[21.214s] -- Installing: /home/pepijn/ros2_ws/install/turtlesim/share/turtlesim/cmake/turtlesim__rosidl_typesupport_cExport-noconfig.cmake
[21.214s] -- Installing: /home/pepijn/ros2_ws/install/turtlesim/share/turtlesim/cmake/turtlesim__rosidl_typesupport_introspection_cppExport.cmake
[21.214s] -- Installing: /home/pepijn/ros2_ws/install/turtlesim/share/turtlesim/cmake/turtlesim__rosidl_typesupport_introspection_cppExport-noconfig.cmake
[21.214s] -- Installing: /home/pepijn/ros2_ws/install/turtlesim/share/turtlesim/cmake/turtlesim__rosidl_typesupport_cppExport.cmake
[21.214s] -- Installing: /home/pepijn/ros2_ws/install/turtlesim/share/turtlesim/cmake/turtlesim__rosidl_typesupport_cppExport-noconfig.cmake
[21.214s] -- Installing: /home/pepijn/ros2_ws/install/turtlesim/share/turtlesim/cmake/export_turtlesim__rosidl_generator_pyExport.cmake
[21.214s] -- Installing: /home/pepijn/ros2_ws/install/turtlesim/share/turtlesim/cmake/export_turtlesim__rosidl_generator_pyExport-noconfig.cmake
[21.215s] -- Installing: /home/pepijn/ros2_ws/install/turtlesim/share/turtlesim/cmake/rosidl_cmake-extras.cmake
[21.215s] -- Installing: /home/pepijn/ros2_ws/install/turtlesim/share/turtlesim/cmake/ament_cmake_export_dependencies-extras.cmake
[21.215s] -- Installing: /home/pepijn/ros2_ws/install/turtlesim/share/turtlesim/cmake/ament_cmake_export_include_directories-extras.cmake
[21.215s] -- Installing: /home/pepijn/ros2_ws/install/turtlesim/share/turtlesim/cmake/ament_cmake_export_libraries-extras.cmake
[21.215s] -- Installing: /home/pepijn/ros2_ws/install/turtlesim/share/turtlesim/cmake/ament_cmake_export_targets-extras.cmake
[21.215s] -- Installing: /home/pepijn/ros2_ws/install/turtlesim/share/turtlesim/cmake/rosidl_cmake_export_typesupport_targets-extras.cmake
[21.215s] -- Installing: /home/pepijn/ros2_ws/install/turtlesim/share/turtlesim/cmake/rosidl_cmake_export_typesupport_libraries-extras.cmake
[21.216s] -- Installing: /home/pepijn/ros2_ws/install/turtlesim/share/turtlesim/cmake/turtlesimConfig.cmake
[21.216s] -- Installing: /home/pepijn/ros2_ws/install/turtlesim/share/turtlesim/cmake/turtlesimConfig-version.cmake
[21.216s] -- Installing: /home/pepijn/ros2_ws/install/turtlesim/share/turtlesim/package.xml
[21.218s] Invoked command in '/home/pepijn/ros2_ws/build/turtlesim' returned '0': CMAKE_PREFIX_PATH=${CMAKE_PREFIX_PATH}:/opt/ros/jazzy DEBUGINFOD_URLS=https://debuginfod.ubuntu.com /usr/bin/cmake --install /home/pepijn/ros2_ws/build/turtlesim
