[0.012s] Invoking command in '/home/pepijn/Desktop/git/DUM-E_ROSCode/ros2_ws/build/tutorial_interfaces': CMAKE_PREFIX_PATH=${CMAKE_PREFIX_PATH}:/opt/ros/jazzy DEBUGINFOD_URLS=https://debuginfod.ubuntu.com /usr/bin/cmake --build /home/pepijn/Desktop/git/DUM-E_ROSCode/ros2_ws/build/tutorial_interfaces -- -j12 -l12
[0.220s] [  1%] Built target tutorial_interfaces__rosidl_generator_type_description
[0.220s] [  1%] Built target ament_cmake_python_copy_tutorial_interfaces
[0.220s] [  3%] Built target tutorial_interfaces__cpp
[0.220s] [ 24%] Built target tutorial_interfaces__rosidl_generator_c
[0.221s] [ 33%] Built target tutorial_interfaces__rosidl_typesupport_cpp
[0.221s] [ 42%] Built target tutorial_interfaces__rosidl_typesupport_fastrtps_c
[0.221s] [ 51%] Built target tutorial_interfaces__rosidl_typesupport_fastrtps_cpp
[0.221s] [ 61%] Built target tutorial_interfaces__rosidl_typesupport_introspection_c
[0.221s] [ 70%] Built target tutorial_interfaces__rosidl_typesupport_c
[0.221s] [ 79%] Built target tutorial_interfaces__rosidl_typesupport_introspection_cpp
[0.221s] [ 79%] Built target tutorial_interfaces
[0.221s] [ 81%] Built target tutorial_interfaces__py
[0.221s] [ 88%] Built target tutorial_interfaces__rosidl_generator_py
[0.221s] [ 98%] Built target tutorial_interfaces_s__rosidl_typesupport_fastrtps_c
[0.221s] [ 98%] Built target tutorial_interfaces_s__rosidl_typesupport_introspection_c
[0.221s] [100%] Built target tutorial_interfaces_s__rosidl_typesupport_c
[0.221s] [0mCMake Error: The current CMakeCache.txt directory /home/pepijn/Desktop/git/DUM-E_ROSCode/ros2_ws/build/tutorial_interfaces/CMakeCache.txt is different than the directory /home/pepijn/ros2_ws/build/tutorial_interfaces where CMakeCache.txt was created. This may result in binaries being created in the wrong place. If you are not sure, reedit the CMakeCache.txt[0m
[0.272s] running egg_info
[0.290s] writing tutorial_interfaces.egg-info/PKG-INFO
[0.290s] writing dependency_links to tutorial_interfaces.egg-info/dependency_links.txt
[0.290s] writing top-level names to tutorial_interfaces.egg-info/top_level.txt
[0.341s] reading manifest file 'tutorial_interfaces.egg-info/SOURCES.txt'
[0.341s] writing manifest file 'tutorial_interfaces.egg-info/SOURCES.txt'
[0.369s] [100%] Built target ament_cmake_python_build_tutorial_interfaces_egg
