[0.019s] Invoking command in '/home/pepijn/ros2_ws/build/arduino_interfaces': CMAKE_PREFIX_PATH=${CMAKE_PREFIX_PATH}:/opt/ros/jazzy DEBUGINFOD_URLS=https://debuginfod.ubuntu.com /usr/bin/cmake --build /home/pepijn/ros2_ws/build/arduino_interfaces -- -j12 -l12
[0.201s] -- Found ament_cmake: 2.5.3 (/opt/ros/jazzy/share/ament_cmake/cmake)
[0.202s] -- Found Python3: /usr/bin/python3 (found version "3.12.3") found components: Interpreter 
[0.202s] -- Found rosidl_default_generators: 1.6.0 (/opt/ros/jazzy/share/rosidl_default_generators/cmake)
[0.202s] -- Using all available rosidl_typesupport_c: rosidl_typesupport_fastrtps_c;rosidl_typesupport_introspection_c
[0.232s] -- Using all available rosidl_typesupport_cpp: rosidl_typesupport_fastrtps_cpp;rosidl_typesupport_introspection_cpp
[0.270s] -- Found rosidl_adapter: 4.6.5 (/opt/ros/jazzy/share/rosidl_adapter/cmake)
[0.539s] -- Found ament_cmake_ros: 0.12.0 (/opt/ros/jazzy/share/ament_cmake_ros/cmake)
[0.622s] -- Using all available rosidl_typesupport_c: rosidl_typesupport_fastrtps_c;rosidl_typesupport_introspection_c
[0.724s] -- Using all available rosidl_typesupport_cpp: rosidl_typesupport_fastrtps_cpp;rosidl_typesupport_introspection_cpp
[0.725s] -- Found python_cmake_module: 0.11.1 (/opt/ros/jazzy/share/python_cmake_module/cmake)
[0.978s] -- Found Python3: /usr/bin/python3 (found version "3.12.3") found components: Interpreter Development NumPy Development.Module Development.Embed 
[0.988s] -- Found ament_lint_auto: 0.17.1 (/opt/ros/jazzy/share/ament_lint_auto/cmake)
[1.005s] -- Added test 'flake8' to check Python code syntax and style conventions
[1.005s] -- Configured 'flake8' exclude dirs and/or files: 
[1.006s] -- Added test 'lint_cmake' to check CMake code style
[1.006s] -- Added test 'pep257' to check Python code against some of the docstring style conventions in PEP 257
[1.008s] -- Added test 'xmllint' to check XML markup files
[1.011s] -- Configuring done (1.0s)
[1.068s] -- Generating done (0.0s)
[1.078s] -- Build files have been written to: /home/pepijn/ros2_ws/build/arduino_interfaces
[1.109s] [  2%] Built target arduino_interfaces__rosidl_generator_type_description
[1.120s] [  2%] Built target ament_cmake_python_copy_arduino_interfaces
[1.128s] [  4%] Built target arduino_interfaces__cpp
[1.131s] [ 22%] Built target arduino_interfaces__rosidl_generator_c
[1.153s] [ 31%] Built target arduino_interfaces__rosidl_typesupport_introspection_c
[1.155s] [ 40%] Built target arduino_interfaces__rosidl_typesupport_c
[1.155s] [ 50%] Built target arduino_interfaces__rosidl_typesupport_fastrtps_c
[1.156s] [ 59%] Built target arduino_interfaces__rosidl_typesupport_cpp
[1.156s] [ 68%] Built target arduino_interfaces__rosidl_typesupport_introspection_cpp
[1.160s] [ 77%] Built target arduino_interfaces__rosidl_typesupport_fastrtps_cpp
[1.178s] [ 77%] Built target arduino_interfaces
[1.197s] [ 79%] Built target arduino_interfaces__py
[1.221s] [ 86%] Built target arduino_interfaces__rosidl_generator_py
[1.242s] [100%] Built target arduino_interfaces_s__rosidl_typesupport_c
[1.242s] [100%] Built target arduino_interfaces_s__rosidl_typesupport_introspection_c
[1.242s] [100%] Built target arduino_interfaces_s__rosidl_typesupport_fastrtps_c
[1.304s] running egg_info
[1.321s] writing arduino_interfaces.egg-info/PKG-INFO
[1.321s] writing dependency_links to arduino_interfaces.egg-info/dependency_links.txt
[1.321s] writing top-level names to arduino_interfaces.egg-info/top_level.txt
[1.368s] reading manifest file 'arduino_interfaces.egg-info/SOURCES.txt'
[1.369s] writing manifest file 'arduino_interfaces.egg-info/SOURCES.txt'
[1.390s] [100%] Built target ament_cmake_python_build_arduino_interfaces_egg
[1.401s] Invoked command in '/home/pepijn/ros2_ws/build/arduino_interfaces' returned '0': CMAKE_PREFIX_PATH=${CMAKE_PREFIX_PATH}:/opt/ros/jazzy DEBUGINFOD_URLS=https://debuginfod.ubuntu.com /usr/bin/cmake --build /home/pepijn/ros2_ws/build/arduino_interfaces -- -j12 -l12
[1.402s] Invoking command in '/home/pepijn/ros2_ws/build/arduino_interfaces': CMAKE_PREFIX_PATH=${CMAKE_PREFIX_PATH}:/opt/ros/jazzy DEBUGINFOD_URLS=https://debuginfod.ubuntu.com /usr/bin/cmake --install /home/pepijn/ros2_ws/build/arduino_interfaces
[1.410s] -- Install configuration: ""
[1.410s] -- Up-to-date: /home/pepijn/ros2_ws/install/arduino_interfaces/share/ament_index/resource_index/rosidl_interfaces/arduino_interfaces
[1.411s] -- Up-to-date: /home/pepijn/ros2_ws/install/arduino_interfaces/share/arduino_interfaces/msg/Num.json
[1.411s] -- Up-to-date: /home/pepijn/ros2_ws/install/arduino_interfaces/share/arduino_interfaces/srv/SetStepperMotorPositions.json
[1.411s] -- Up-to-date: /home/pepijn/ros2_ws/install/arduino_interfaces/include/arduino_interfaces/arduino_interfaces
[1.411s] -- Up-to-date: /home/pepijn/ros2_ws/install/arduino_interfaces/include/arduino_interfaces/arduino_interfaces/srv
[1.411s] -- Up-to-date: /home/pepijn/ros2_ws/install/arduino_interfaces/include/arduino_interfaces/arduino_interfaces/srv/set_stepper_motor_positions.h
[1.412s] -- Up-to-date: /home/pepijn/ros2_ws/install/arduino_interfaces/include/arduino_interfaces/arduino_interfaces/srv/detail
[1.412s] -- Up-to-date: /home/pepijn/ros2_ws/install/arduino_interfaces/include/arduino_interfaces/arduino_interfaces/srv/detail/set_stepper_motor_positions__functions.h
[1.412s] -- Up-to-date: /home/pepijn/ros2_ws/install/arduino_interfaces/include/arduino_interfaces/arduino_interfaces/srv/detail/set_stepper_motor_positions__type_support.h
[1.412s] -- Up-to-date: /home/pepijn/ros2_ws/install/arduino_interfaces/include/arduino_interfaces/arduino_interfaces/srv/detail/set_stepper_motor_positions__functions.c
[1.412s] -- Up-to-date: /home/pepijn/ros2_ws/install/arduino_interfaces/include/arduino_interfaces/arduino_interfaces/srv/detail/set_stepper_motor_positions__type_support.c
[1.412s] -- Up-to-date: /home/pepijn/ros2_ws/install/arduino_interfaces/include/arduino_interfaces/arduino_interfaces/srv/detail/set_stepper_motor_positions__struct.h
[1.412s] -- Up-to-date: /home/pepijn/ros2_ws/install/arduino_interfaces/include/arduino_interfaces/arduino_interfaces/srv/detail/set_stepper_motor_positions__description.c
[1.412s] -- Up-to-date: /home/pepijn/ros2_ws/install/arduino_interfaces/include/arduino_interfaces/arduino_interfaces/msg
[1.412s] -- Up-to-date: /home/pepijn/ros2_ws/install/arduino_interfaces/include/arduino_interfaces/arduino_interfaces/msg/rosidl_generator_c__visibility_control.h
[1.412s] -- Up-to-date: /home/pepijn/ros2_ws/install/arduino_interfaces/include/arduino_interfaces/arduino_interfaces/msg/num.h
[1.412s] -- Up-to-date: /home/pepijn/ros2_ws/install/arduino_interfaces/include/arduino_interfaces/arduino_interfaces/msg/detail
[1.412s] -- Up-to-date: /home/pepijn/ros2_ws/install/arduino_interfaces/include/arduino_interfaces/arduino_interfaces/msg/detail/num__type_support.c
[1.412s] -- Up-to-date: /home/pepijn/ros2_ws/install/arduino_interfaces/include/arduino_interfaces/arduino_interfaces/msg/detail/num__functions.h
[1.412s] -- Up-to-date: /home/pepijn/ros2_ws/install/arduino_interfaces/include/arduino_interfaces/arduino_interfaces/msg/detail/num__type_support.h
[1.412s] -- Up-to-date: /home/pepijn/ros2_ws/install/arduino_interfaces/include/arduino_interfaces/arduino_interfaces/msg/detail/num__description.c
[1.412s] -- Up-to-date: /home/pepijn/ros2_ws/install/arduino_interfaces/include/arduino_interfaces/arduino_interfaces/msg/detail/num__struct.h
[1.412s] -- Up-to-date: /home/pepijn/ros2_ws/install/arduino_interfaces/include/arduino_interfaces/arduino_interfaces/msg/detail/num__functions.c
[1.412s] -- Up-to-date: /home/pepijn/ros2_ws/install/arduino_interfaces/share/arduino_interfaces/environment/library_path.sh
[1.413s] -- Up-to-date: /home/pepijn/ros2_ws/install/arduino_interfaces/share/arduino_interfaces/environment/library_path.dsv
[1.413s] -- Up-to-date: /home/pepijn/ros2_ws/install/arduino_interfaces/lib/libarduino_interfaces__rosidl_generator_c.so
[1.413s] -- Up-to-date: /home/pepijn/ros2_ws/install/arduino_interfaces/include/arduino_interfaces/arduino_interfaces
[1.413s] -- Up-to-date: /home/pepijn/ros2_ws/install/arduino_interfaces/include/arduino_interfaces/arduino_interfaces/srv
[1.413s] -- Up-to-date: /home/pepijn/ros2_ws/install/arduino_interfaces/include/arduino_interfaces/arduino_interfaces/srv/detail
[1.413s] -- Up-to-date: /home/pepijn/ros2_ws/install/arduino_interfaces/include/arduino_interfaces/arduino_interfaces/srv/detail/set_stepper_motor_positions__rosidl_typesupport_fastrtps_c.h
[1.413s] -- Up-to-date: /home/pepijn/ros2_ws/install/arduino_interfaces/include/arduino_interfaces/arduino_interfaces/msg
[1.413s] -- Up-to-date: /home/pepijn/ros2_ws/install/arduino_interfaces/include/arduino_interfaces/arduino_interfaces/msg/rosidl_typesupport_fastrtps_c__visibility_control.h
[1.414s] -- Up-to-date: /home/pepijn/ros2_ws/install/arduino_interfaces/include/arduino_interfaces/arduino_interfaces/msg/detail
[1.414s] -- Up-to-date: /home/pepijn/ros2_ws/install/arduino_interfaces/include/arduino_interfaces/arduino_interfaces/msg/detail/num__rosidl_typesupport_fastrtps_c.h
[1.414s] -- Up-to-date: /home/pepijn/ros2_ws/install/arduino_interfaces/lib/libarduino_interfaces__rosidl_typesupport_fastrtps_c.so
[1.414s] -- Up-to-date: /home/pepijn/ros2_ws/install/arduino_interfaces/include/arduino_interfaces/arduino_interfaces
[1.414s] -- Up-to-date: /home/pepijn/ros2_ws/install/arduino_interfaces/include/arduino_interfaces/arduino_interfaces/srv
[1.414s] -- Up-to-date: /home/pepijn/ros2_ws/install/arduino_interfaces/include/arduino_interfaces/arduino_interfaces/srv/detail
[1.414s] -- Up-to-date: /home/pepijn/ros2_ws/install/arduino_interfaces/include/arduino_interfaces/arduino_interfaces/srv/detail/set_stepper_motor_positions__rosidl_typesupport_introspection_c.h
[1.414s] -- Up-to-date: /home/pepijn/ros2_ws/install/arduino_interfaces/include/arduino_interfaces/arduino_interfaces/srv/detail/set_stepper_motor_positions__type_support.c
[1.415s] -- Up-to-date: /home/pepijn/ros2_ws/install/arduino_interfaces/include/arduino_interfaces/arduino_interfaces/msg
[1.415s] -- Up-to-date: /home/pepijn/ros2_ws/install/arduino_interfaces/include/arduino_interfaces/arduino_interfaces/msg/rosidl_typesupport_introspection_c__visibility_control.h
[1.415s] -- Up-to-date: /home/pepijn/ros2_ws/install/arduino_interfaces/include/arduino_interfaces/arduino_interfaces/msg/detail
[1.415s] -- Up-to-date: /home/pepijn/ros2_ws/install/arduino_interfaces/include/arduino_interfaces/arduino_interfaces/msg/detail/num__type_support.c
[1.415s] -- Up-to-date: /home/pepijn/ros2_ws/install/arduino_interfaces/include/arduino_interfaces/arduino_interfaces/msg/detail/num__rosidl_typesupport_introspection_c.h
[1.415s] -- Up-to-date: /home/pepijn/ros2_ws/install/arduino_interfaces/lib/libarduino_interfaces__rosidl_typesupport_introspection_c.so
[1.415s] -- Up-to-date: /home/pepijn/ros2_ws/install/arduino_interfaces/lib/libarduino_interfaces__rosidl_typesupport_c.so
[1.415s] -- Up-to-date: /home/pepijn/ros2_ws/install/arduino_interfaces/include/arduino_interfaces/arduino_interfaces
[1.416s] -- Up-to-date: /home/pepijn/ros2_ws/install/arduino_interfaces/include/arduino_interfaces/arduino_interfaces/srv
[1.416s] -- Up-to-date: /home/pepijn/ros2_ws/install/arduino_interfaces/include/arduino_interfaces/arduino_interfaces/srv/detail
[1.416s] -- Up-to-date: /home/pepijn/ros2_ws/install/arduino_interfaces/include/arduino_interfaces/arduino_interfaces/srv/detail/set_stepper_motor_positions__struct.hpp
[1.416s] -- Up-to-date: /home/pepijn/ros2_ws/install/arduino_interfaces/include/arduino_interfaces/arduino_interfaces/srv/detail/set_stepper_motor_positions__builder.hpp
[1.416s] -- Up-to-date: /home/pepijn/ros2_ws/install/arduino_interfaces/include/arduino_interfaces/arduino_interfaces/srv/detail/set_stepper_motor_positions__type_support.hpp
[1.416s] -- Up-to-date: /home/pepijn/ros2_ws/install/arduino_interfaces/include/arduino_interfaces/arduino_interfaces/srv/detail/set_stepper_motor_positions__traits.hpp
[1.416s] -- Up-to-date: /home/pepijn/ros2_ws/install/arduino_interfaces/include/arduino_interfaces/arduino_interfaces/srv/set_stepper_motor_positions.hpp
[1.416s] -- Up-to-date: /home/pepijn/ros2_ws/install/arduino_interfaces/include/arduino_interfaces/arduino_interfaces/msg
[1.416s] -- Up-to-date: /home/pepijn/ros2_ws/install/arduino_interfaces/include/arduino_interfaces/arduino_interfaces/msg/num.hpp
[1.416s] -- Up-to-date: /home/pepijn/ros2_ws/install/arduino_interfaces/include/arduino_interfaces/arduino_interfaces/msg/rosidl_generator_cpp__visibility_control.hpp
[1.416s] -- Up-to-date: /home/pepijn/ros2_ws/install/arduino_interfaces/include/arduino_interfaces/arduino_interfaces/msg/detail
[1.416s] -- Up-to-date: /home/pepijn/ros2_ws/install/arduino_interfaces/include/arduino_interfaces/arduino_interfaces/msg/detail/num__builder.hpp
[1.416s] -- Up-to-date: /home/pepijn/ros2_ws/install/arduino_interfaces/include/arduino_interfaces/arduino_interfaces/msg/detail/num__type_support.hpp
[1.416s] -- Up-to-date: /home/pepijn/ros2_ws/install/arduino_interfaces/include/arduino_interfaces/arduino_interfaces/msg/detail/num__traits.hpp
[1.416s] -- Up-to-date: /home/pepijn/ros2_ws/install/arduino_interfaces/include/arduino_interfaces/arduino_interfaces/msg/detail/num__struct.hpp
[1.416s] -- Up-to-date: /home/pepijn/ros2_ws/install/arduino_interfaces/include/arduino_interfaces/arduino_interfaces
[1.416s] -- Up-to-date: /home/pepijn/ros2_ws/install/arduino_interfaces/include/arduino_interfaces/arduino_interfaces/srv
[1.416s] -- Up-to-date: /home/pepijn/ros2_ws/install/arduino_interfaces/include/arduino_interfaces/arduino_interfaces/srv/detail
[1.416s] -- Up-to-date: /home/pepijn/ros2_ws/install/arduino_interfaces/include/arduino_interfaces/arduino_interfaces/srv/detail/dds_fastrtps
[1.417s] -- Up-to-date: /home/pepijn/ros2_ws/install/arduino_interfaces/include/arduino_interfaces/arduino_interfaces/srv/detail/set_stepper_motor_positions__rosidl_typesupport_fastrtps_cpp.hpp
[1.417s] -- Up-to-date: /home/pepijn/ros2_ws/install/arduino_interfaces/include/arduino_interfaces/arduino_interfaces/msg
[1.417s] -- Up-to-date: /home/pepijn/ros2_ws/install/arduino_interfaces/include/arduino_interfaces/arduino_interfaces/msg/detail
[1.417s] -- Up-to-date: /home/pepijn/ros2_ws/install/arduino_interfaces/include/arduino_interfaces/arduino_interfaces/msg/detail/dds_fastrtps
[1.417s] -- Up-to-date: /home/pepijn/ros2_ws/install/arduino_interfaces/include/arduino_interfaces/arduino_interfaces/msg/detail/num__rosidl_typesupport_fastrtps_cpp.hpp
[1.417s] -- Up-to-date: /home/pepijn/ros2_ws/install/arduino_interfaces/include/arduino_interfaces/arduino_interfaces/msg/rosidl_typesupport_fastrtps_cpp__visibility_control.h
[1.417s] -- Up-to-date: /home/pepijn/ros2_ws/install/arduino_interfaces/lib/libarduino_interfaces__rosidl_typesupport_fastrtps_cpp.so
[1.417s] -- Up-to-date: /home/pepijn/ros2_ws/install/arduino_interfaces/include/arduino_interfaces/arduino_interfaces
[1.417s] -- Up-to-date: /home/pepijn/ros2_ws/install/arduino_interfaces/include/arduino_interfaces/arduino_interfaces/srv
[1.417s] -- Up-to-date: /home/pepijn/ros2_ws/install/arduino_interfaces/include/arduino_interfaces/arduino_interfaces/srv/detail
[1.417s] -- Up-to-date: /home/pepijn/ros2_ws/install/arduino_interfaces/include/arduino_interfaces/arduino_interfaces/srv/detail/set_stepper_motor_positions__rosidl_typesupport_introspection_cpp.hpp
[1.417s] -- Up-to-date: /home/pepijn/ros2_ws/install/arduino_interfaces/include/arduino_interfaces/arduino_interfaces/srv/detail/set_stepper_motor_positions__type_support.cpp
[1.417s] -- Up-to-date: /home/pepijn/ros2_ws/install/arduino_interfaces/include/arduino_interfaces/arduino_interfaces/msg
[1.418s] -- Up-to-date: /home/pepijn/ros2_ws/install/arduino_interfaces/include/arduino_interfaces/arduino_interfaces/msg/detail
[1.418s] -- Up-to-date: /home/pepijn/ros2_ws/install/arduino_interfaces/include/arduino_interfaces/arduino_interfaces/msg/detail/num__type_support.cpp
[1.418s] -- Up-to-date: /home/pepijn/ros2_ws/install/arduino_interfaces/include/arduino_interfaces/arduino_interfaces/msg/detail/num__rosidl_typesupport_introspection_cpp.hpp
[1.418s] -- Up-to-date: /home/pepijn/ros2_ws/install/arduino_interfaces/lib/libarduino_interfaces__rosidl_typesupport_introspection_cpp.so
[1.419s] -- Up-to-date: /home/pepijn/ros2_ws/install/arduino_interfaces/lib/libarduino_interfaces__rosidl_typesupport_cpp.so
[1.419s] -- Up-to-date: /home/pepijn/ros2_ws/install/arduino_interfaces/share/arduino_interfaces/environment/pythonpath.sh
[1.419s] -- Up-to-date: /home/pepijn/ros2_ws/install/arduino_interfaces/share/arduino_interfaces/environment/pythonpath.dsv
[1.419s] -- Up-to-date: /home/pepijn/ros2_ws/install/arduino_interfaces/lib/python3.12/site-packages/arduino_interfaces-0.0.0-py3.12.egg-info
[1.420s] -- Installing: /home/pepijn/ros2_ws/install/arduino_interfaces/lib/python3.12/site-packages/arduino_interfaces-0.0.0-py3.12.egg-info/top_level.txt
[1.420s] -- Installing: /home/pepijn/ros2_ws/install/arduino_interfaces/lib/python3.12/site-packages/arduino_interfaces-0.0.0-py3.12.egg-info/PKG-INFO
[1.420s] -- Installing: /home/pepijn/ros2_ws/install/arduino_interfaces/lib/python3.12/site-packages/arduino_interfaces-0.0.0-py3.12.egg-info/dependency_links.txt
[1.420s] -- Installing: /home/pepijn/ros2_ws/install/arduino_interfaces/lib/python3.12/site-packages/arduino_interfaces-0.0.0-py3.12.egg-info/SOURCES.txt
[1.420s] -- Up-to-date: /home/pepijn/ros2_ws/install/arduino_interfaces/lib/python3.12/site-packages/arduino_interfaces
[1.420s] -- Up-to-date: /home/pepijn/ros2_ws/install/arduino_interfaces/lib/python3.12/site-packages/arduino_interfaces/srv
[1.420s] -- Up-to-date: /home/pepijn/ros2_ws/install/arduino_interfaces/lib/python3.12/site-packages/arduino_interfaces/srv/_set_stepper_motor_positions_s.c
[1.421s] -- Up-to-date: /home/pepijn/ros2_ws/install/arduino_interfaces/lib/python3.12/site-packages/arduino_interfaces/srv/_set_stepper_motor_positions.py
[1.421s] -- Up-to-date: /home/pepijn/ros2_ws/install/arduino_interfaces/lib/python3.12/site-packages/arduino_interfaces/srv/__init__.py
[1.421s] -- Up-to-date: /home/pepijn/ros2_ws/install/arduino_interfaces/lib/python3.12/site-packages/arduino_interfaces/_arduino_interfaces_s.ep.rosidl_typesupport_fastrtps_c.c
[1.421s] -- Up-to-date: /home/pepijn/ros2_ws/install/arduino_interfaces/lib/python3.12/site-packages/arduino_interfaces/arduino_interfaces_s__rosidl_typesupport_fastrtps_c.so
[1.421s] -- Up-to-date: /home/pepijn/ros2_ws/install/arduino_interfaces/lib/python3.12/site-packages/arduino_interfaces/_arduino_interfaces_s.ep.rosidl_typesupport_introspection_c.c
[1.421s] -- Up-to-date: /home/pepijn/ros2_ws/install/arduino_interfaces/lib/python3.12/site-packages/arduino_interfaces/arduino_interfaces_s__rosidl_typesupport_c.so
[1.421s] -- Installing: /home/pepijn/ros2_ws/install/arduino_interfaces/lib/python3.12/site-packages/arduino_interfaces/__init__.py
[1.421s] -- Up-to-date: /home/pepijn/ros2_ws/install/arduino_interfaces/lib/python3.12/site-packages/arduino_interfaces/msg
[1.421s] -- Up-to-date: /home/pepijn/ros2_ws/install/arduino_interfaces/lib/python3.12/site-packages/arduino_interfaces/msg/_num.py
[1.421s] -- Up-to-date: /home/pepijn/ros2_ws/install/arduino_interfaces/lib/python3.12/site-packages/arduino_interfaces/msg/_num_s.c
[1.421s] -- Up-to-date: /home/pepijn/ros2_ws/install/arduino_interfaces/lib/python3.12/site-packages/arduino_interfaces/msg/__init__.py
[1.421s] -- Up-to-date: /home/pepijn/ros2_ws/install/arduino_interfaces/lib/python3.12/site-packages/arduino_interfaces/_arduino_interfaces_s.ep.rosidl_typesupport_c.c
[1.421s] -- Up-to-date: /home/pepijn/ros2_ws/install/arduino_interfaces/lib/python3.12/site-packages/arduino_interfaces/arduino_interfaces_s__rosidl_typesupport_introspection_c.so
[1.450s] Listing '/home/pepijn/ros2_ws/install/arduino_interfaces/lib/python3.12/site-packages/arduino_interfaces'...
[1.450s] Compiling '/home/pepijn/ros2_ws/install/arduino_interfaces/lib/python3.12/site-packages/arduino_interfaces/__init__.py'...
[1.450s] Listing '/home/pepijn/ros2_ws/install/arduino_interfaces/lib/python3.12/site-packages/arduino_interfaces/msg'...
[1.450s] Listing '/home/pepijn/ros2_ws/install/arduino_interfaces/lib/python3.12/site-packages/arduino_interfaces/srv'...
[1.454s] -- Up-to-date: /home/pepijn/ros2_ws/install/arduino_interfaces/lib/python3.12/site-packages/arduino_interfaces/arduino_interfaces_s__rosidl_typesupport_fastrtps_c.so
[1.455s] -- Up-to-date: /home/pepijn/ros2_ws/install/arduino_interfaces/lib/python3.12/site-packages/arduino_interfaces/arduino_interfaces_s__rosidl_typesupport_introspection_c.so
[1.455s] -- Up-to-date: /home/pepijn/ros2_ws/install/arduino_interfaces/lib/python3.12/site-packages/arduino_interfaces/arduino_interfaces_s__rosidl_typesupport_c.so
[1.456s] -- Up-to-date: /home/pepijn/ros2_ws/install/arduino_interfaces/lib/libarduino_interfaces__rosidl_generator_py.so
[1.456s] -- Up-to-date: /home/pepijn/ros2_ws/install/arduino_interfaces/share/arduino_interfaces/msg/Num.idl
[1.456s] -- Up-to-date: /home/pepijn/ros2_ws/install/arduino_interfaces/share/arduino_interfaces/srv/SetStepperMotorPositions.idl
[1.456s] -- Up-to-date: /home/pepijn/ros2_ws/install/arduino_interfaces/share/arduino_interfaces/msg/Num.msg
[1.456s] -- Up-to-date: /home/pepijn/ros2_ws/install/arduino_interfaces/share/arduino_interfaces/srv/SetStepperMotorPositions.srv
[1.456s] -- Up-to-date: /home/pepijn/ros2_ws/install/arduino_interfaces/share/ament_index/resource_index/package_run_dependencies/arduino_interfaces
[1.457s] -- Installing: /home/pepijn/ros2_ws/install/arduino_interfaces/share/ament_index/resource_index/parent_prefix_path/arduino_interfaces
[1.457s] -- Up-to-date: /home/pepijn/ros2_ws/install/arduino_interfaces/share/arduino_interfaces/environment/ament_prefix_path.sh
[1.457s] -- Up-to-date: /home/pepijn/ros2_ws/install/arduino_interfaces/share/arduino_interfaces/environment/ament_prefix_path.dsv
[1.457s] -- Up-to-date: /home/pepijn/ros2_ws/install/arduino_interfaces/share/arduino_interfaces/environment/path.sh
[1.457s] -- Up-to-date: /home/pepijn/ros2_ws/install/arduino_interfaces/share/arduino_interfaces/environment/path.dsv
[1.457s] -- Up-to-date: /home/pepijn/ros2_ws/install/arduino_interfaces/share/arduino_interfaces/local_setup.bash
[1.457s] -- Up-to-date: /home/pepijn/ros2_ws/install/arduino_interfaces/share/arduino_interfaces/local_setup.sh
[1.457s] -- Up-to-date: /home/pepijn/ros2_ws/install/arduino_interfaces/share/arduino_interfaces/local_setup.zsh
[1.457s] -- Up-to-date: /home/pepijn/ros2_ws/install/arduino_interfaces/share/arduino_interfaces/local_setup.dsv
[1.457s] -- Installing: /home/pepijn/ros2_ws/install/arduino_interfaces/share/arduino_interfaces/package.dsv
[1.457s] -- Up-to-date: /home/pepijn/ros2_ws/install/arduino_interfaces/share/ament_index/resource_index/packages/arduino_interfaces
[1.458s] -- Up-to-date: /home/pepijn/ros2_ws/install/arduino_interfaces/share/arduino_interfaces/cmake/export_arduino_interfaces__rosidl_generator_cExport.cmake
[1.458s] -- Up-to-date: /home/pepijn/ros2_ws/install/arduino_interfaces/share/arduino_interfaces/cmake/export_arduino_interfaces__rosidl_generator_cExport-noconfig.cmake
[1.458s] -- Up-to-date: /home/pepijn/ros2_ws/install/arduino_interfaces/share/arduino_interfaces/cmake/export_arduino_interfaces__rosidl_typesupport_fastrtps_cExport.cmake
[1.458s] -- Up-to-date: /home/pepijn/ros2_ws/install/arduino_interfaces/share/arduino_interfaces/cmake/export_arduino_interfaces__rosidl_typesupport_fastrtps_cExport-noconfig.cmake
[1.458s] -- Up-to-date: /home/pepijn/ros2_ws/install/arduino_interfaces/share/arduino_interfaces/cmake/arduino_interfaces__rosidl_typesupport_introspection_cExport.cmake
[1.459s] -- Up-to-date: /home/pepijn/ros2_ws/install/arduino_interfaces/share/arduino_interfaces/cmake/arduino_interfaces__rosidl_typesupport_introspection_cExport-noconfig.cmake
[1.459s] -- Up-to-date: /home/pepijn/ros2_ws/install/arduino_interfaces/share/arduino_interfaces/cmake/arduino_interfaces__rosidl_typesupport_cExport.cmake
[1.459s] -- Up-to-date: /home/pepijn/ros2_ws/install/arduino_interfaces/share/arduino_interfaces/cmake/arduino_interfaces__rosidl_typesupport_cExport-noconfig.cmake
[1.459s] -- Up-to-date: /home/pepijn/ros2_ws/install/arduino_interfaces/share/arduino_interfaces/cmake/export_arduino_interfaces__rosidl_generator_cppExport.cmake
[1.459s] -- Up-to-date: /home/pepijn/ros2_ws/install/arduino_interfaces/share/arduino_interfaces/cmake/export_arduino_interfaces__rosidl_typesupport_fastrtps_cppExport.cmake
[1.459s] -- Up-to-date: /home/pepijn/ros2_ws/install/arduino_interfaces/share/arduino_interfaces/cmake/export_arduino_interfaces__rosidl_typesupport_fastrtps_cppExport-noconfig.cmake
[1.459s] -- Up-to-date: /home/pepijn/ros2_ws/install/arduino_interfaces/share/arduino_interfaces/cmake/arduino_interfaces__rosidl_typesupport_introspection_cppExport.cmake
[1.460s] -- Up-to-date: /home/pepijn/ros2_ws/install/arduino_interfaces/share/arduino_interfaces/cmake/arduino_interfaces__rosidl_typesupport_introspection_cppExport-noconfig.cmake
[1.460s] -- Up-to-date: /home/pepijn/ros2_ws/install/arduino_interfaces/share/arduino_interfaces/cmake/arduino_interfaces__rosidl_typesupport_cppExport.cmake
[1.460s] -- Up-to-date: /home/pepijn/ros2_ws/install/arduino_interfaces/share/arduino_interfaces/cmake/arduino_interfaces__rosidl_typesupport_cppExport-noconfig.cmake
[1.460s] -- Up-to-date: /home/pepijn/ros2_ws/install/arduino_interfaces/share/arduino_interfaces/cmake/export_arduino_interfaces__rosidl_generator_pyExport.cmake
[1.460s] -- Up-to-date: /home/pepijn/ros2_ws/install/arduino_interfaces/share/arduino_interfaces/cmake/export_arduino_interfaces__rosidl_generator_pyExport-noconfig.cmake
[1.460s] -- Up-to-date: /home/pepijn/ros2_ws/install/arduino_interfaces/share/arduino_interfaces/cmake/rosidl_cmake-extras.cmake
[1.460s] -- Installing: /home/pepijn/ros2_ws/install/arduino_interfaces/share/arduino_interfaces/cmake/ament_cmake_export_dependencies-extras.cmake
[1.460s] -- Up-to-date: /home/pepijn/ros2_ws/install/arduino_interfaces/share/arduino_interfaces/cmake/ament_cmake_export_include_directories-extras.cmake
[1.460s] -- Up-to-date: /home/pepijn/ros2_ws/install/arduino_interfaces/share/arduino_interfaces/cmake/ament_cmake_export_libraries-extras.cmake
[1.460s] -- Up-to-date: /home/pepijn/ros2_ws/install/arduino_interfaces/share/arduino_interfaces/cmake/ament_cmake_export_targets-extras.cmake
[1.461s] -- Up-to-date: /home/pepijn/ros2_ws/install/arduino_interfaces/share/arduino_interfaces/cmake/rosidl_cmake_export_typesupport_targets-extras.cmake
[1.461s] -- Up-to-date: /home/pepijn/ros2_ws/install/arduino_interfaces/share/arduino_interfaces/cmake/rosidl_cmake_export_typesupport_libraries-extras.cmake
[1.461s] -- Up-to-date: /home/pepijn/ros2_ws/install/arduino_interfaces/share/arduino_interfaces/cmake/arduino_interfacesConfig.cmake
[1.461s] -- Up-to-date: /home/pepijn/ros2_ws/install/arduino_interfaces/share/arduino_interfaces/cmake/arduino_interfacesConfig-version.cmake
[1.461s] -- Up-to-date: /home/pepijn/ros2_ws/install/arduino_interfaces/share/arduino_interfaces/package.xml
[1.463s] Invoked command in '/home/pepijn/ros2_ws/build/arduino_interfaces' returned '0': CMAKE_PREFIX_PATH=${CMAKE_PREFIX_PATH}:/opt/ros/jazzy DEBUGINFOD_URLS=https://debuginfod.ubuntu.com /usr/bin/cmake --install /home/pepijn/ros2_ws/build/arduino_interfaces
