[0.701s] Invoking command in '/home/pepijn/Desktop/git/DUM-E_ROSCode/ros2_ws/src/py_srvcli': AMENT_PREFIX_PATH=/home/pepijn/ros2_ws/install/tutorial_interfaces:/home/pepijn/ros2_ws/install/arduino_interfaces:${AMENT_PREFIX_PATH} CMAKE_PREFIX_PATH=/home/pepijn/Desktop/git/DUM-E_ROSCode/ros2_ws/install/tutorial_interfaces:/home/pepijn/Desktop/git/DUM-E_ROSCode/ros2_ws/install/arduino_interfaces:${CMAKE_PREFIX_PATH} DEBUGINFOD_URLS=https://debuginfod.ubuntu.com LD_LIBRARY_PATH=/home/pepijn/ros2_ws/install/tutorial_interfaces/lib:/home/pepijn/Desktop/git/DUM-E_ROSCode/ros2_ws/install/tutorial_interfaces/lib:/home/pepijn/ros2_ws/install/arduino_interfaces/lib:/home/pepijn/Desktop/git/DUM-E_ROSCode/ros2_ws/install/arduino_interfaces/lib:${LD_LIBRARY_PATH} PYTHONPATH=/home/pepijn/Desktop/git/DUM-E_ROSCode/ros2_ws/build/py_srvcli/prefix_override:/usr/lib/python3/dist-packages/colcon_core/task/python/colcon_distutils_commands:/home/pepijn/Desktop/git/DUM-E_ROSCode/ros2_ws/install/py_srvcli/lib/python3.12/site-packages:/home/pepijn/ros2_ws/install/tutorial_interfaces/lib/python3.12/site-packages:/home/pepijn/Desktop/git/DUM-E_ROSCode/ros2_ws/install/tutorial_interfaces/lib/python3.12/site-packages:/home/pepijn/ros2_ws/install/arduino_interfaces/lib/python3.12/site-packages:/home/pepijn/Desktop/git/DUM-E_ROSCode/ros2_ws/install/arduino_interfaces/lib/python3.12/site-packages:${PYTHONPATH} /usr/bin/python3 -W ignore:setup.py install is deprecated -W ignore:easy_install command is deprecated setup.py egg_info --egg-base ../../build/py_srvcli build --build-base /home/pepijn/Desktop/git/DUM-E_ROSCode/ros2_ws/build/py_srvcli/build install --record /home/pepijn/Desktop/git/DUM-E_ROSCode/ros2_ws/build/py_srvcli/install.log --single-version-externally-managed install_data
[0.919s] running egg_info
[0.936s] writing ../../build/py_srvcli/py_srvcli.egg-info/PKG-INFO
[0.936s] writing dependency_links to ../../build/py_srvcli/py_srvcli.egg-info/dependency_links.txt
[0.936s] writing entry points to ../../build/py_srvcli/py_srvcli.egg-info/entry_points.txt
[0.936s] writing requirements to ../../build/py_srvcli/py_srvcli.egg-info/requires.txt
[0.936s] writing top-level names to ../../build/py_srvcli/py_srvcli.egg-info/top_level.txt
[0.969s] reading manifest file '../../build/py_srvcli/py_srvcli.egg-info/SOURCES.txt'
[0.969s] adding license file 'LICENSE'
[0.969s] writing manifest file '../../build/py_srvcli/py_srvcli.egg-info/SOURCES.txt'
[0.969s] running build
[0.970s] running build_py
[0.970s] copying py_srvcli/service_arduino_function.py -> /home/pepijn/Desktop/git/DUM-E_ROSCode/ros2_ws/build/py_srvcli/build/lib/py_srvcli
[0.970s] running install
[0.975s] running install_lib
[0.991s] copying /home/pepijn/Desktop/git/DUM-E_ROSCode/ros2_ws/build/py_srvcli/build/lib/py_srvcli/service_arduino_function.py -> /home/pepijn/Desktop/git/DUM-E_ROSCode/ros2_ws/install/py_srvcli/lib/python3.12/site-packages/py_srvcli
[0.992s] byte-compiling /home/pepijn/Desktop/git/DUM-E_ROSCode/ros2_ws/install/py_srvcli/lib/python3.12/site-packages/py_srvcli/service_arduino_function.py to service_arduino_function.cpython-312.pyc
[0.992s] running install_data
[0.993s] running install_egg_info
[1.011s] removing '/home/pepijn/Desktop/git/DUM-E_ROSCode/ros2_ws/install/py_srvcli/lib/python3.12/site-packages/py_srvcli-0.0.0-py3.12.egg-info' (and everything under it)
[1.011s] Copying ../../build/py_srvcli/py_srvcli.egg-info to /home/pepijn/Desktop/git/DUM-E_ROSCode/ros2_ws/install/py_srvcli/lib/python3.12/site-packages/py_srvcli-0.0.0-py3.12.egg-info
[1.012s] running install_scripts
[1.122s] Installing client script to /home/pepijn/Desktop/git/DUM-E_ROSCode/ros2_ws/install/py_srvcli/lib/py_srvcli
[1.122s] Installing service script to /home/pepijn/Desktop/git/DUM-E_ROSCode/ros2_ws/install/py_srvcli/lib/py_srvcli
[1.122s] writing list of installed files to '/home/pepijn/Desktop/git/DUM-E_ROSCode/ros2_ws/build/py_srvcli/install.log'
[1.145s] Invoked command in '/home/pepijn/Desktop/git/DUM-E_ROSCode/ros2_ws/src/py_srvcli' returned '0': AMENT_PREFIX_PATH=/home/pepijn/ros2_ws/install/tutorial_interfaces:/home/pepijn/ros2_ws/install/arduino_interfaces:${AMENT_PREFIX_PATH} CMAKE_PREFIX_PATH=/home/pepijn/Desktop/git/DUM-E_ROSCode/ros2_ws/install/tutorial_interfaces:/home/pepijn/Desktop/git/DUM-E_ROSCode/ros2_ws/install/arduino_interfaces:${CMAKE_PREFIX_PATH} DEBUGINFOD_URLS=https://debuginfod.ubuntu.com LD_LIBRARY_PATH=/home/pepijn/ros2_ws/install/tutorial_interfaces/lib:/home/pepijn/Desktop/git/DUM-E_ROSCode/ros2_ws/install/tutorial_interfaces/lib:/home/pepijn/ros2_ws/install/arduino_interfaces/lib:/home/pepijn/Desktop/git/DUM-E_ROSCode/ros2_ws/install/arduino_interfaces/lib:${LD_LIBRARY_PATH} PYTHONPATH=/home/pepijn/Desktop/git/DUM-E_ROSCode/ros2_ws/build/py_srvcli/prefix_override:/usr/lib/python3/dist-packages/colcon_core/task/python/colcon_distutils_commands:/home/pepijn/Desktop/git/DUM-E_ROSCode/ros2_ws/install/py_srvcli/lib/python3.12/site-packages:/home/pepijn/ros2_ws/install/tutorial_interfaces/lib/python3.12/site-packages:/home/pepijn/Desktop/git/DUM-E_ROSCode/ros2_ws/install/tutorial_interfaces/lib/python3.12/site-packages:/home/pepijn/ros2_ws/install/arduino_interfaces/lib/python3.12/site-packages:/home/pepijn/Desktop/git/DUM-E_ROSCode/ros2_ws/install/arduino_interfaces/lib/python3.12/site-packages:${PYTHONPATH} /usr/bin/python3 -W ignore:setup.py install is deprecated -W ignore:easy_install command is deprecated setup.py egg_info --egg-base ../../build/py_srvcli build --build-base /home/pepijn/Desktop/git/DUM-E_ROSCode/ros2_ws/build/py_srvcli/build install --record /home/pepijn/Desktop/git/DUM-E_ROSCode/ros2_ws/build/py_srvcli/install.log --single-version-externally-managed install_data
