[0.967s] Invoking command in '/home/pepijn/ros2_ws/src/py_srvcli': DEBUGINFOD_URLS=https://debuginfod.ubuntu.com PYTHONPATH=/home/pepijn/ros2_ws/build/py_srvcli/prefix_override:/usr/lib/python3/dist-packages/colcon_core/task/python/colcon_distutils_commands:/home/pepijn/ros2_ws/install/py_srvcli/lib/python3.12/site-packages:${PYTHONPATH} /usr/bin/python3 -W ignore:setup.py install is deprecated -W ignore:easy_install command is deprecated setup.py egg_info --egg-base ../../build/py_srvcli build --build-base /home/pepijn/ros2_ws/build/py_srvcli/build install --record /home/pepijn/ros2_ws/build/py_srvcli/install.log --single-version-externally-managed install_data
[1.179s] running egg_info
[1.195s] writing ../../build/py_srvcli/py_srvcli.egg-info/PKG-INFO
[1.203s] writing dependency_links to ../../build/py_srvcli/py_srvcli.egg-info/dependency_links.txt
[1.203s] writing entry points to ../../build/py_srvcli/py_srvcli.egg-info/entry_points.txt
[1.203s] writing requirements to ../../build/py_srvcli/py_srvcli.egg-info/requires.txt
[1.204s] writing top-level names to ../../build/py_srvcli/py_srvcli.egg-info/top_level.txt
[1.237s] reading manifest file '../../build/py_srvcli/py_srvcli.egg-info/SOURCES.txt'
[1.237s] adding license file 'LICENSE'
[1.237s] writing manifest file '../../build/py_srvcli/py_srvcli.egg-info/SOURCES.txt'
[1.238s] running build
[1.238s] running build_py
[1.238s] running install
[1.243s] running install_lib
[1.260s] running install_data
[1.261s] running install_egg_info
[1.277s] removing '/home/pepijn/ros2_ws/install/py_srvcli/lib/python3.12/site-packages/py_srvcli-0.0.0-py3.12.egg-info' (and everything under it)
[1.278s] Copying ../../build/py_srvcli/py_srvcli.egg-info to /home/pepijn/ros2_ws/install/py_srvcli/lib/python3.12/site-packages/py_srvcli-0.0.0-py3.12.egg-info
[1.279s] running install_scripts
[1.387s] Installing client script to /home/pepijn/ros2_ws/install/py_srvcli/lib/py_srvcli
[1.396s] Installing service script to /home/pepijn/ros2_ws/install/py_srvcli/lib/py_srvcli
[1.396s] writing list of installed files to '/home/pepijn/ros2_ws/build/py_srvcli/install.log'
[1.419s] Invoked command in '/home/pepijn/ros2_ws/src/py_srvcli' returned '0': DEBUGINFOD_URLS=https://debuginfod.ubuntu.com PYTHONPATH=/home/pepijn/ros2_ws/build/py_srvcli/prefix_override:/usr/lib/python3/dist-packages/colcon_core/task/python/colcon_distutils_commands:/home/pepijn/ros2_ws/install/py_srvcli/lib/python3.12/site-packages:${PYTHONPATH} /usr/bin/python3 -W ignore:setup.py install is deprecated -W ignore:easy_install command is deprecated setup.py egg_info --egg-base ../../build/py_srvcli build --build-base /home/pepijn/ros2_ws/build/py_srvcli/build install --record /home/pepijn/ros2_ws/build/py_srvcli/install.log --single-version-externally-managed install_data
