[0.813s] Invoking command in '/home/pepijn/ros2_ws/src/py_srvcli': DEBUGINFOD_URLS=https://debuginfod.ubuntu.com PYTHONPATH=/home/pepijn/ros2_ws/build/py_srvcli/prefix_override:/usr/lib/python3/dist-packages/colcon_core/task/python/colcon_distutils_commands:/home/pepijn/ros2_ws/install/py_srvcli/lib/python3.12/site-packages:${PYTHONPATH} /usr/bin/python3 -W ignore:setup.py install is deprecated -W ignore:easy_install command is deprecated setup.py egg_info --egg-base ../../build/py_srvcli build --build-base /home/pepijn/ros2_ws/build/py_srvcli/build install --record /home/pepijn/ros2_ws/build/py_srvcli/install.log --single-version-externally-managed install_data
[1.035s] running egg_info
[1.035s] creating ../../build/py_srvcli/py_srvcli.egg-info
[1.051s] writing ../../build/py_srvcli/py_srvcli.egg-info/PKG-INFO
[1.051s] writing dependency_links to ../../build/py_srvcli/py_srvcli.egg-info/dependency_links.txt
[1.051s] writing entry points to ../../build/py_srvcli/py_srvcli.egg-info/entry_points.txt
[1.052s] writing requirements to ../../build/py_srvcli/py_srvcli.egg-info/requires.txt
[1.052s] writing top-level names to ../../build/py_srvcli/py_srvcli.egg-info/top_level.txt
[1.052s] writing manifest file '../../build/py_srvcli/py_srvcli.egg-info/SOURCES.txt'
[1.085s] reading manifest file '../../build/py_srvcli/py_srvcli.egg-info/SOURCES.txt'
[1.085s] adding license file 'LICENSE'
[1.085s] writing manifest file '../../build/py_srvcli/py_srvcli.egg-info/SOURCES.txt'
[1.085s] running build
[1.086s] running build_py
[1.086s] creating /home/pepijn/ros2_ws/build/py_srvcli/build
[1.086s] creating /home/pepijn/ros2_ws/build/py_srvcli/build/lib
[1.086s] creating /home/pepijn/ros2_ws/build/py_srvcli/build/lib/py_srvcli
[1.086s] copying py_srvcli/client_member_function.py -> /home/pepijn/ros2_ws/build/py_srvcli/build/lib/py_srvcli
[1.086s] copying py_srvcli/service_member_function.py -> /home/pepijn/ros2_ws/build/py_srvcli/build/lib/py_srvcli
[1.086s] copying py_srvcli/__init__.py -> /home/pepijn/ros2_ws/build/py_srvcli/build/lib/py_srvcli
[1.086s] running install
[1.091s] running install_lib
[1.108s] creating /home/pepijn/ros2_ws/install/py_srvcli/lib/python3.12/site-packages/py_srvcli
[1.108s] copying /home/pepijn/ros2_ws/build/py_srvcli/build/lib/py_srvcli/client_member_function.py -> /home/pepijn/ros2_ws/install/py_srvcli/lib/python3.12/site-packages/py_srvcli
[1.108s] copying /home/pepijn/ros2_ws/build/py_srvcli/build/lib/py_srvcli/service_member_function.py -> /home/pepijn/ros2_ws/install/py_srvcli/lib/python3.12/site-packages/py_srvcli
[1.108s] copying /home/pepijn/ros2_ws/build/py_srvcli/build/lib/py_srvcli/__init__.py -> /home/pepijn/ros2_ws/install/py_srvcli/lib/python3.12/site-packages/py_srvcli
[1.108s] byte-compiling /home/pepijn/ros2_ws/install/py_srvcli/lib/python3.12/site-packages/py_srvcli/client_member_function.py to client_member_function.cpython-312.pyc
[1.109s] byte-compiling /home/pepijn/ros2_ws/install/py_srvcli/lib/python3.12/site-packages/py_srvcli/service_member_function.py to service_member_function.cpython-312.pyc
[1.109s] byte-compiling /home/pepijn/ros2_ws/install/py_srvcli/lib/python3.12/site-packages/py_srvcli/__init__.py to __init__.cpython-312.pyc
[1.109s] running install_data
[1.110s] creating /home/pepijn/ros2_ws/install/py_srvcli/share/ament_index
[1.110s] creating /home/pepijn/ros2_ws/install/py_srvcli/share/ament_index/resource_index
[1.110s] creating /home/pepijn/ros2_ws/install/py_srvcli/share/ament_index/resource_index/packages
[1.110s] copying resource/py_srvcli -> /home/pepijn/ros2_ws/install/py_srvcli/share/ament_index/resource_index/packages
[1.110s] copying package.xml -> /home/pepijn/ros2_ws/install/py_srvcli/share/py_srvcli
[1.110s] running install_egg_info
[1.128s] Copying ../../build/py_srvcli/py_srvcli.egg-info to /home/pepijn/ros2_ws/install/py_srvcli/lib/python3.12/site-packages/py_srvcli-0.0.0-py3.12.egg-info
[1.129s] running install_scripts
[1.251s] Installing service script to /home/pepijn/ros2_ws/install/py_srvcli/lib/py_srvcli
[1.251s] writing list of installed files to '/home/pepijn/ros2_ws/build/py_srvcli/install.log'
[1.312s] Invoked command in '/home/pepijn/ros2_ws/src/py_srvcli' returned '0': DEBUGINFOD_URLS=https://debuginfod.ubuntu.com PYTHONPATH=/home/pepijn/ros2_ws/build/py_srvcli/prefix_override:/usr/lib/python3/dist-packages/colcon_core/task/python/colcon_distutils_commands:/home/pepijn/ros2_ws/install/py_srvcli/lib/python3.12/site-packages:${PYTHONPATH} /usr/bin/python3 -W ignore:setup.py install is deprecated -W ignore:easy_install command is deprecated setup.py egg_info --egg-base ../../build/py_srvcli build --build-base /home/pepijn/ros2_ws/build/py_srvcli/build install --record /home/pepijn/ros2_ws/build/py_srvcli/install.log --single-version-externally-managed install_data
