[0.008s] Invoking command in '/home/pepijn/ros2_ws/build/tutorial_interfaces': CMAKE_PREFIX_PATH=${CMAKE_PREFIX_PATH}:/home/pepijn/ros2_ws/install/py_srvcli:/home/pepijn/ros2_ws/install/my_package:/opt/ros/jazzy DEBUGINFOD_URLS=https://debuginfod.ubuntu.com /usr/bin/cmake --build /home/pepijn/ros2_ws/build/tutorial_interfaces -- -j12 -l12
[0.041s] Invoked command in '/home/pepijn/ros2_ws/build/tutorial_interfaces' returned '0': CMAKE_PREFIX_PATH=${CMAKE_PREFIX_PATH}:/home/pepijn/ros2_ws/install/py_srvcli:/home/pepijn/ros2_ws/install/my_package:/opt/ros/jazzy DEBUGINFOD_URLS=https://debuginfod.ubuntu.com /usr/bin/cmake --build /home/pepijn/ros2_ws/build/tutorial_interfaces -- -j12 -l12
[0.049s] Invoking command in '/home/pepijn/ros2_ws/build/tutorial_interfaces': CMAKE_PREFIX_PATH=${CMAKE_PREFIX_PATH}:/home/pepijn/ros2_ws/install/py_srvcli:/home/pepijn/ros2_ws/install/my_package:/opt/ros/jazzy DEBUGINFOD_URLS=https://debuginfod.ubuntu.com /usr/bin/cmake --install /home/pepijn/ros2_ws/build/tutorial_interfaces
[0.056s] -- Install configuration: ""
[0.056s] -- Up-to-date: /home/pepijn/ros2_ws/install/tutorial_interfaces/share/ament_index/resource_index/package_run_dependencies/tutorial_interfaces
[0.056s] -- Up-to-date: /home/pepijn/ros2_ws/install/tutorial_interfaces/share/ament_index/resource_index/parent_prefix_path/tutorial_interfaces
[0.056s] -- Up-to-date: /home/pepijn/ros2_ws/install/tutorial_interfaces/share/tutorial_interfaces/environment/ament_prefix_path.sh
[0.056s] -- Up-to-date: /home/pepijn/ros2_ws/install/tutorial_interfaces/share/tutorial_interfaces/environment/ament_prefix_path.dsv
[0.056s] -- Up-to-date: /home/pepijn/ros2_ws/install/tutorial_interfaces/share/tutorial_interfaces/environment/path.sh
[0.056s] -- Up-to-date: /home/pepijn/ros2_ws/install/tutorial_interfaces/share/tutorial_interfaces/environment/path.dsv
[0.056s] -- Up-to-date: /home/pepijn/ros2_ws/install/tutorial_interfaces/share/tutorial_interfaces/local_setup.bash
[0.056s] -- Up-to-date: /home/pepijn/ros2_ws/install/tutorial_interfaces/share/tutorial_interfaces/local_setup.sh
[0.056s] -- Up-to-date: /home/pepijn/ros2_ws/install/tutorial_interfaces/share/tutorial_interfaces/local_setup.zsh
[0.057s] -- Up-to-date: /home/pepijn/ros2_ws/install/tutorial_interfaces/share/tutorial_interfaces/local_setup.dsv
[0.057s] -- Up-to-date: /home/pepijn/ros2_ws/install/tutorial_interfaces/share/tutorial_interfaces/package.dsv
[0.057s] -- Up-to-date: /home/pepijn/ros2_ws/install/tutorial_interfaces/share/ament_index/resource_index/packages/tutorial_interfaces
[0.057s] -- Up-to-date: /home/pepijn/ros2_ws/install/tutorial_interfaces/share/tutorial_interfaces/cmake/tutorial_interfacesConfig.cmake
[0.057s] -- Up-to-date: /home/pepijn/ros2_ws/install/tutorial_interfaces/share/tutorial_interfaces/cmake/tutorial_interfacesConfig-version.cmake
[0.057s] -- Up-to-date: /home/pepijn/ros2_ws/install/tutorial_interfaces/share/tutorial_interfaces/package.xml
[0.058s] Invoked command in '/home/pepijn/ros2_ws/build/tutorial_interfaces' returned '0': CMAKE_PREFIX_PATH=${CMAKE_PREFIX_PATH}:/home/pepijn/ros2_ws/install/py_srvcli:/home/pepijn/ros2_ws/install/my_package:/opt/ros/jazzy DEBUGINFOD_URLS=https://debuginfod.ubuntu.com /usr/bin/cmake --install /home/pepijn/ros2_ws/build/tutorial_interfaces
