[0.008s] Invoking command in '/home/pepijn/ros2_ws/build/arduino_interfaces': CMAKE_PREFIX_PATH=${CMAKE_PREFIX_PATH}:/home/pepijn/ros2_ws/install/py_srvcli:/home/pepijn/ros2_ws/install/my_package:/opt/ros/jazzy DEBUGINFOD_URLS=https://debuginfod.ubuntu.com /usr/bin/cmake /home/pepijn/ros2_ws/src/arduino_interfaces -DCMAKE_INSTALL_PREFIX=/home/pepijn/ros2_ws/install/arduino_interfaces
[0.053s] -- The C compiler identification is GNU 13.3.0
[0.098s] -- The CXX compiler identification is GNU 13.3.0
[0.112s] -- Detecting C compiler ABI info
[0.186s] -- Detecting C compiler ABI info - done
[0.193s] -- Check for working C compiler: /usr/bin/cc - skipped
[0.193s] -- Detecting C compile features
[0.194s] -- Detecting C compile features - done
[0.202s] -- Detecting CXX compiler ABI info
[0.284s] -- Detecting CXX compiler ABI info - done
[0.291s] -- Check for working CXX compiler: /usr/bin/c++ - skipped
[0.292s] -- Detecting CXX compile features
[0.292s] -- Detecting CXX compile features - done
[0.295s] -- Found ament_cmake: 2.5.3 (/opt/ros/jazzy/share/ament_cmake/cmake)
[0.413s] -- Found Python3: /usr/bin/python3 (found version "3.12.3") found components: Interpreter 
[0.497s] -- Found rosidl_default_generators: 1.6.0 (/opt/ros/jazzy/share/rosidl_default_generators/cmake)
[0.502s] -- Using all available rosidl_typesupport_c: rosidl_typesupport_fastrtps_c;rosidl_typesupport_introspection_c
[0.545s] -- Using all available rosidl_typesupport_cpp: rosidl_typesupport_fastrtps_cpp;rosidl_typesupport_introspection_cpp
[0.581s] -- Found rosidl_adapter: 4.6.5 (/opt/ros/jazzy/share/rosidl_adapter/cmake)
[0.799s] [31mCMake Error at /opt/ros/jazzy/share/rosidl_adapter/cmake/rosidl_adapt_interfaces.cmake:57 (message):
[0.799s]   execute_process(/usr/bin/python3 -m rosidl_adapter --package-name
[0.799s]   arduino_interfaces --arguments-file
[0.799s]   /home/pepijn/ros2_ws/build/arduino_interfaces/rosidl_adapter__arguments__arduino_interfaces.json
[0.799s]   --output-dir
[0.799s]   /home/pepijn/ros2_ws/build/arduino_interfaces/rosidl_adapter/arduino_interfaces
[0.799s]   --output-file
[0.799s]   /home/pepijn/ros2_ws/build/arduino_interfaces/rosidl_adapter/arduino_interfaces.idls)
[0.799s]   returned error code 1:
[0.800s] 
[0.800s]   Error processing 'int64 baseRotation' of
[0.800s]   'arduino_interfaces/SetStepperMotorPositions_Request': ''baseRotation' is
[0.800s]   an invalid field name.  It should have the pattern
[0.800s]   '^(?!.*__)(?!.*_$)[a-z][a-z0-9_]*$''
[0.800s] 
[0.800s]   Traceback (most recent call last):
[0.800s] 
[0.800s]     File "<frozen runpy>", line 198, in _run_module_as_main
[0.800s]     File "<frozen runpy>", line 88, in _run_code
[0.800s]     File "/opt/ros/jazzy/lib/python3.12/site-packages/rosidl_adapter/__main__.py", line 19, in <module>
[0.800s]       sys.exit(main())
[0.800s]                ^^^^^^
[0.800s]     File "/opt/ros/jazzy/lib/python3.12/site-packages/rosidl_adapter/main.py", line 53, in main
[0.800s]       abs_idl_file = convert_to_idl(
[0.800s]                      ^^^^^^^^^^^^^^^
[0.800s]     File "/opt/ros/jazzy/lib/python3.12/site-packages/rosidl_adapter/__init__.py", line 24, in convert_to_idl
[0.800s]       return convert_srv_to_idl(
[0.800s]              ^^^^^^^^^^^^^^^^^^^
[0.800s]     File "/opt/ros/jazzy/lib/python3.12/site-packages/rosidl_adapter/srv/__init__.py", line 28, in convert_srv_to_idl
[0.801s]       srv = parse_service_string(package_name, input_file.stem, content)
[0.801s]             ^^^^^^^^^^^^^^^^^^^^^^^^^^^^^^^^^^^^^^^^^^^^^^^^^^^^^^^^^^^^
[0.801s]     File "/opt/ros/jazzy/lib/python3.12/site-packages/rosidl_adapter/parser.py", line 860, in parse_service_string
[0.801s]       request_message = parse_message_string(
[0.801s]                         ^^^^^^^^^^^^^^^^^^^^^
[0.801s]     File "/opt/ros/jazzy/lib/python3.12/site-packages/rosidl_adapter/parser.py", line 520, in parse_message_string
[0.801s]       fields.append(Field(
[0.801s]                     ^^^^^^
[0.801s]     File "/opt/ros/jazzy/lib/python3.12/site-packages/rosidl_adapter/parser.py", line 355, in __init__
[0.801s]       raise NameError(
[0.801s] 
[0.801s]   NameError: 'baseRotation' is an invalid field name.  It should have the
[0.801s]   pattern '^(?!.*__)(?!.*_$)[a-z][a-z0-9_]*$'
[0.801s] 
[0.801s] Call Stack (most recent call first):
[0.802s]   /opt/ros/jazzy/share/rosidl_cmake/cmake/rosidl_generate_interfaces.cmake:132 (rosidl_adapt_interfaces)
[0.802s]   CMakeLists.txt:16 (rosidl_generate_interfaces)
[0.802s] 
[0.802s] [0m
[0.802s] -- Configuring incomplete, errors occurred!
[0.806s] Invoked command in '/home/pepijn/ros2_ws/build/arduino_interfaces' returned '1': CMAKE_PREFIX_PATH=${CMAKE_PREFIX_PATH}:/home/pepijn/ros2_ws/install/py_srvcli:/home/pepijn/ros2_ws/install/my_package:/opt/ros/jazzy DEBUGINFOD_URLS=https://debuginfod.ubuntu.com /usr/bin/cmake /home/pepijn/ros2_ws/src/arduino_interfaces -DCMAKE_INSTALL_PREFIX=/home/pepijn/ros2_ws/install/arduino_interfaces
