[0.014s] Invoking command in '/home/pepijn/Desktop/git/DUM-E_ROSCode/ros2_ws/build/arduino_interfaces': CMAKE_PREFIX_PATH=${CMAKE_PREFIX_PATH}:/opt/ros/jazzy DEBUGINFOD_URLS=https://debuginfod.ubuntu.com /usr/bin/cmake --build /home/pepijn/Desktop/git/DUM-E_ROSCode/ros2_ws/build/arduino_interfaces -- -j12 -l12
[0.224s] [0mCMake Error: The current CMakeCache.txt directory /home/pepijn/Desktop/git/DUM-E_ROSCode/ros2_ws/build/arduino_interfaces/CMakeCache.txt is different than the directory /home/pepijn/ros2_ws/build/arduino_interfaces where CMakeCache.txt was created. This may result in binaries being created in the wrong place. If you are not sure, reedit the CMakeCache.txt[0m
[0.224s] [  2%] Built target arduino_interfaces__rosidl_generator_type_description
[0.224s] [  2%] Built target ament_cmake_python_copy_arduino_interfaces
[0.224s] [  4%] Built target arduino_interfaces__cpp
[0.224s] [ 22%] Built target arduino_interfaces__rosidl_generator_c
[0.224s] [ 31%] Built target arduino_interfaces__rosidl_typesupport_fastrtps_c
[0.224s] [ 40%] Built target arduino_interfaces__rosidl_typesupport_introspection_c
[0.225s] [ 50%] Built target arduino_interfaces__rosidl_typesupport_introspection_cpp
[0.225s] [ 59%] Built target arduino_interfaces__rosidl_typesupport_c
[0.225s] [ 77%] Built target arduino_interfaces__rosidl_typesupport_fastrtps_cpp
[0.225s] [ 77%] Built target arduino_interfaces__rosidl_typesupport_cpp
[0.225s] [ 77%] Built target arduino_interfaces
[0.225s] [ 79%] Built target arduino_interfaces__py
[0.225s] [ 86%] Built target arduino_interfaces__rosidl_generator_py
[0.225s] [ 90%] Built target arduino_interfaces_s__rosidl_typesupport_introspection_c
[0.225s] [ 95%] Built target arduino_interfaces_s__rosidl_typesupport_fastrtps_c
[0.225s] [100%] Built target arduino_interfaces_s__rosidl_typesupport_c
[0.279s] running egg_info
[0.296s] writing arduino_interfaces.egg-info/PKG-INFO
[0.296s] writing dependency_links to arduino_interfaces.egg-info/dependency_links.txt
[0.296s] writing top-level names to arduino_interfaces.egg-info/top_level.txt
[0.347s] reading manifest file 'arduino_interfaces.egg-info/SOURCES.txt'
[0.348s] writing manifest file 'arduino_interfaces.egg-info/SOURCES.txt'
[0.371s] [100%] Built target ament_cmake_python_build_arduino_interfaces_egg
