[0mCMake Error: The current CMakeCache.txt directory /home/pepijn/Desktop/git/DUM-E_ROSCode/ros2_ws/build/arduino_interfaces/CMakeCache.txt is different than the directory /home/pepijn/ros2_ws/build/arduino_interfaces where CMakeCache.txt was created. This may result in binaries being created in the wrong place. If you are not sure, reedit the CMakeCache.txt[0m
[  2%] Built target arduino_interfaces__rosidl_generator_type_description
[  2%] Built target ament_cmake_python_copy_arduino_interfaces
[  4%] Built target arduino_interfaces__cpp
[ 22%] Built target arduino_interfaces__rosidl_generator_c
[ 40%] Built target arduino_interfaces__rosidl_typesupport_introspection_cpp
[ 50%] Built target arduino_interfaces__rosidl_typesupport_introspection_c
[ 40%] Built target arduino_interfaces__rosidl_typesupport_c
[ 59%] Built target arduino_interfaces__rosidl_typesupport_cpp
[ 77%] Built target arduino_interfaces__rosidl_typesupport_fastrtps_cpp
[ 77%] Built target arduino_interfaces__rosidl_typesupport_fastrtps_c
[ 77%] Built target arduino_interfaces
[ 79%] Built target arduino_interfaces__py
[ 86%] Built target arduino_interfaces__rosidl_generator_py
[ 90%] Built target arduino_interfaces_s__rosidl_typesupport_introspection_c
[ 95%] Built target arduino_interfaces_s__rosidl_typesupport_fastrtps_c
[100%] Built target arduino_interfaces_s__rosidl_typesupport_c
running egg_info
writing arduino_interfaces.egg-info/PKG-INFO
writing dependency_links to arduino_interfaces.egg-info/dependency_links.txt
writing top-level names to arduino_interfaces.egg-info/top_level.txt
reading manifest file 'arduino_interfaces.egg-info/SOURCES.txt'
writing manifest file 'arduino_interfaces.egg-info/SOURCES.txt'
[100%] Built target ament_cmake_python_build_arduino_interfaces_egg
-- Install configuration: ""
-- Up-to-date: /home/pepijn/ros2_ws/install/arduino_interfaces/share/ament_index/resource_index/rosidl_interfaces/arduino_interfaces
-- Up-to-date: /home/pepijn/ros2_ws/install/arduino_interfaces/share/arduino_interfaces/msg/Num.json
-- Up-to-date: /home/pepijn/ros2_ws/install/arduino_interfaces/share/arduino_interfaces/srv/SetStepperMotorPositions.json
-- Up-to-date: /home/pepijn/ros2_ws/install/arduino_interfaces/include/arduino_interfaces/arduino_interfaces
-- Up-to-date: /home/pepijn/ros2_ws/install/arduino_interfaces/include/arduino_interfaces/arduino_interfaces/srv
-- Up-to-date: /home/pepijn/ros2_ws/install/arduino_interfaces/include/arduino_interfaces/arduino_interfaces/srv/set_stepper_motor_positions.h
-- Up-to-date: /home/pepijn/ros2_ws/install/arduino_interfaces/include/arduino_interfaces/arduino_interfaces/srv/detail
-- Up-to-date: /home/pepijn/ros2_ws/install/arduino_interfaces/include/arduino_interfaces/arduino_interfaces/srv/detail/set_stepper_motor_positions__functions.h
-- Up-to-date: /home/pepijn/ros2_ws/install/arduino_interfaces/include/arduino_interfaces/arduino_interfaces/srv/detail/set_stepper_motor_positions__type_support.h
-- Up-to-date: /home/pepijn/ros2_ws/install/arduino_interfaces/include/arduino_interfaces/arduino_interfaces/srv/detail/set_stepper_motor_positions__functions.c
-- Up-to-date: /home/pepijn/ros2_ws/install/arduino_interfaces/include/arduino_interfaces/arduino_interfaces/srv/detail/set_stepper_motor_positions__type_support.c
-- Up-to-date: /home/pepijn/ros2_ws/install/arduino_interfaces/include/arduino_interfaces/arduino_interfaces/srv/detail/set_stepper_motor_positions__struct.h
-- Up-to-date: /home/pepijn/ros2_ws/install/arduino_interfaces/include/arduino_interfaces/arduino_interfaces/srv/detail/set_stepper_motor_positions__description.c
-- Up-to-date: /home/pepijn/ros2_ws/install/arduino_interfaces/include/arduino_interfaces/arduino_interfaces/msg
-- Up-to-date: /home/pepijn/ros2_ws/install/arduino_interfaces/include/arduino_interfaces/arduino_interfaces/msg/rosidl_generator_c__visibility_control.h
-- Up-to-date: /home/pepijn/ros2_ws/install/arduino_interfaces/include/arduino_interfaces/arduino_interfaces/msg/num.h
-- Up-to-date: /home/pepijn/ros2_ws/install/arduino_interfaces/include/arduino_interfaces/arduino_interfaces/msg/detail
-- Up-to-date: /home/pepijn/ros2_ws/install/arduino_interfaces/include/arduino_interfaces/arduino_interfaces/msg/detail/num__type_support.c
-- Up-to-date: /home/pepijn/ros2_ws/install/arduino_interfaces/include/arduino_interfaces/arduino_interfaces/msg/detail/num__functions.h
-- Up-to-date: /home/pepijn/ros2_ws/install/arduino_interfaces/include/arduino_interfaces/arduino_interfaces/msg/detail/num__type_support.h
-- Up-to-date: /home/pepijn/ros2_ws/install/arduino_interfaces/include/arduino_interfaces/arduino_interfaces/msg/detail/num__description.c
-- Up-to-date: /home/pepijn/ros2_ws/install/arduino_interfaces/include/arduino_interfaces/arduino_interfaces/msg/detail/num__struct.h
-- Up-to-date: /home/pepijn/ros2_ws/install/arduino_interfaces/include/arduino_interfaces/arduino_interfaces/msg/detail/num__functions.c
-- Up-to-date: /home/pepijn/ros2_ws/install/arduino_interfaces/share/arduino_interfaces/environment/library_path.sh
-- Up-to-date: /home/pepijn/ros2_ws/install/arduino_interfaces/share/arduino_interfaces/environment/library_path.dsv
-- Up-to-date: /home/pepijn/ros2_ws/install/arduino_interfaces/lib/libarduino_interfaces__rosidl_generator_c.so
-- Up-to-date: /home/pepijn/ros2_ws/install/arduino_interfaces/include/arduino_interfaces/arduino_interfaces
-- Up-to-date: /home/pepijn/ros2_ws/install/arduino_interfaces/include/arduino_interfaces/arduino_interfaces/srv
-- Up-to-date: /home/pepijn/ros2_ws/install/arduino_interfaces/include/arduino_interfaces/arduino_interfaces/srv/detail
-- Up-to-date: /home/pepijn/ros2_ws/install/arduino_interfaces/include/arduino_interfaces/arduino_interfaces/srv/detail/set_stepper_motor_positions__rosidl_typesupport_fastrtps_c.h
-- Up-to-date: /home/pepijn/ros2_ws/install/arduino_interfaces/include/arduino_interfaces/arduino_interfaces/msg
-- Up-to-date: /home/pepijn/ros2_ws/install/arduino_interfaces/include/arduino_interfaces/arduino_interfaces/msg/rosidl_typesupport_fastrtps_c__visibility_control.h
-- Up-to-date: /home/pepijn/ros2_ws/install/arduino_interfaces/include/arduino_interfaces/arduino_interfaces/msg/detail
-- Up-to-date: /home/pepijn/ros2_ws/install/arduino_interfaces/include/arduino_interfaces/arduino_interfaces/msg/detail/num__rosidl_typesupport_fastrtps_c.h
-- Up-to-date: /home/pepijn/ros2_ws/install/arduino_interfaces/lib/libarduino_interfaces__rosidl_typesupport_fastrtps_c.so
-- Up-to-date: /home/pepijn/ros2_ws/install/arduino_interfaces/include/arduino_interfaces/arduino_interfaces
-- Up-to-date: /home/pepijn/ros2_ws/install/arduino_interfaces/include/arduino_interfaces/arduino_interfaces/srv
-- Up-to-date: /home/pepijn/ros2_ws/install/arduino_interfaces/include/arduino_interfaces/arduino_interfaces/srv/detail
-- Up-to-date: /home/pepijn/ros2_ws/install/arduino_interfaces/include/arduino_interfaces/arduino_interfaces/srv/detail/set_stepper_motor_positions__rosidl_typesupport_introspection_c.h
-- Up-to-date: /home/pepijn/ros2_ws/install/arduino_interfaces/include/arduino_interfaces/arduino_interfaces/srv/detail/set_stepper_motor_positions__type_support.c
-- Up-to-date: /home/pepijn/ros2_ws/install/arduino_interfaces/include/arduino_interfaces/arduino_interfaces/msg
-- Up-to-date: /home/pepijn/ros2_ws/install/arduino_interfaces/include/arduino_interfaces/arduino_interfaces/msg/rosidl_typesupport_introspection_c__visibility_control.h
-- Up-to-date: /home/pepijn/ros2_ws/install/arduino_interfaces/include/arduino_interfaces/arduino_interfaces/msg/detail
-- Up-to-date: /home/pepijn/ros2_ws/install/arduino_interfaces/include/arduino_interfaces/arduino_interfaces/msg/detail/num__type_support.c
-- Up-to-date: /home/pepijn/ros2_ws/install/arduino_interfaces/include/arduino_interfaces/arduino_interfaces/msg/detail/num__rosidl_typesupport_introspection_c.h
-- Up-to-date: /home/pepijn/ros2_ws/install/arduino_interfaces/lib/libarduino_interfaces__rosidl_typesupport_introspection_c.so
-- Up-to-date: /home/pepijn/ros2_ws/install/arduino_interfaces/lib/libarduino_interfaces__rosidl_typesupport_c.so
-- Up-to-date: /home/pepijn/ros2_ws/install/arduino_interfaces/include/arduino_interfaces/arduino_interfaces
-- Up-to-date: /home/pepijn/ros2_ws/install/arduino_interfaces/include/arduino_interfaces/arduino_interfaces/srv
-- Up-to-date: /home/pepijn/ros2_ws/install/arduino_interfaces/include/arduino_interfaces/arduino_interfaces/srv/detail
-- Up-to-date: /home/pepijn/ros2_ws/install/arduino_interfaces/include/arduino_interfaces/arduino_interfaces/srv/detail/set_stepper_motor_positions__struct.hpp
-- Up-to-date: /home/pepijn/ros2_ws/install/arduino_interfaces/include/arduino_interfaces/arduino_interfaces/srv/detail/set_stepper_motor_positions__builder.hpp
-- Up-to-date: /home/pepijn/ros2_ws/install/arduino_interfaces/include/arduino_interfaces/arduino_interfaces/srv/detail/set_stepper_motor_positions__type_support.hpp
-- Up-to-date: /home/pepijn/ros2_ws/install/arduino_interfaces/include/arduino_interfaces/arduino_interfaces/srv/detail/set_stepper_motor_positions__traits.hpp
-- Up-to-date: /home/pepijn/ros2_ws/install/arduino_interfaces/include/arduino_interfaces/arduino_interfaces/srv/set_stepper_motor_positions.hpp
-- Up-to-date: /home/pepijn/ros2_ws/install/arduino_interfaces/include/arduino_interfaces/arduino_interfaces/msg
-- Up-to-date: /home/pepijn/ros2_ws/install/arduino_interfaces/include/arduino_interfaces/arduino_interfaces/msg/num.hpp
-- Up-to-date: /home/pepijn/ros2_ws/install/arduino_interfaces/include/arduino_interfaces/arduino_interfaces/msg/rosidl_generator_cpp__visibility_control.hpp
-- Up-to-date: /home/pepijn/ros2_ws/install/arduino_interfaces/include/arduino_interfaces/arduino_interfaces/msg/detail
-- Up-to-date: /home/pepijn/ros2_ws/install/arduino_interfaces/include/arduino_interfaces/arduino_interfaces/msg/detail/num__builder.hpp
-- Up-to-date: /home/pepijn/ros2_ws/install/arduino_interfaces/include/arduino_interfaces/arduino_interfaces/msg/detail/num__type_support.hpp
-- Up-to-date: /home/pepijn/ros2_ws/install/arduino_interfaces/include/arduino_interfaces/arduino_interfaces/msg/detail/num__traits.hpp
-- Up-to-date: /home/pepijn/ros2_ws/install/arduino_interfaces/include/arduino_interfaces/arduino_interfaces/msg/detail/num__struct.hpp
-- Up-to-date: /home/pepijn/ros2_ws/install/arduino_interfaces/include/arduino_interfaces/arduino_interfaces
-- Up-to-date: /home/pepijn/ros2_ws/install/arduino_interfaces/include/arduino_interfaces/arduino_interfaces/srv
-- Up-to-date: /home/pepijn/ros2_ws/install/arduino_interfaces/include/arduino_interfaces/arduino_interfaces/srv/detail
-- Up-to-date: /home/pepijn/ros2_ws/install/arduino_interfaces/include/arduino_interfaces/arduino_interfaces/srv/detail/dds_fastrtps
-- Up-to-date: /home/pepijn/ros2_ws/install/arduino_interfaces/include/arduino_interfaces/arduino_interfaces/srv/detail/set_stepper_motor_positions__rosidl_typesupport_fastrtps_cpp.hpp
-- Up-to-date: /home/pepijn/ros2_ws/install/arduino_interfaces/include/arduino_interfaces/arduino_interfaces/msg
-- Up-to-date: /home/pepijn/ros2_ws/install/arduino_interfaces/include/arduino_interfaces/arduino_interfaces/msg/detail
-- Up-to-date: /home/pepijn/ros2_ws/install/arduino_interfaces/include/arduino_interfaces/arduino_interfaces/msg/detail/dds_fastrtps
-- Up-to-date: /home/pepijn/ros2_ws/install/arduino_interfaces/include/arduino_interfaces/arduino_interfaces/msg/detail/num__rosidl_typesupport_fastrtps_cpp.hpp
-- Up-to-date: /home/pepijn/ros2_ws/install/arduino_interfaces/include/arduino_interfaces/arduino_interfaces/msg/rosidl_typesupport_fastrtps_cpp__visibility_control.h
-- Up-to-date: /home/pepijn/ros2_ws/install/arduino_interfaces/lib/libarduino_interfaces__rosidl_typesupport_fastrtps_cpp.so
-- Up-to-date: /home/pepijn/ros2_ws/install/arduino_interfaces/include/arduino_interfaces/arduino_interfaces
-- Up-to-date: /home/pepijn/ros2_ws/install/arduino_interfaces/include/arduino_interfaces/arduino_interfaces/srv
-- Up-to-date: /home/pepijn/ros2_ws/install/arduino_interfaces/include/arduino_interfaces/arduino_interfaces/srv/detail
-- Up-to-date: /home/pepijn/ros2_ws/install/arduino_interfaces/include/arduino_interfaces/arduino_interfaces/srv/detail/set_stepper_motor_positions__rosidl_typesupport_introspection_cpp.hpp
-- Up-to-date: /home/pepijn/ros2_ws/install/arduino_interfaces/include/arduino_interfaces/arduino_interfaces/srv/detail/set_stepper_motor_positions__type_support.cpp
-- Up-to-date: /home/pepijn/ros2_ws/install/arduino_interfaces/include/arduino_interfaces/arduino_interfaces/msg
-- Up-to-date: /home/pepijn/ros2_ws/install/arduino_interfaces/include/arduino_interfaces/arduino_interfaces/msg/detail
-- Up-to-date: /home/pepijn/ros2_ws/install/arduino_interfaces/include/arduino_interfaces/arduino_interfaces/msg/detail/num__type_support.cpp
-- Up-to-date: /home/pepijn/ros2_ws/install/arduino_interfaces/include/arduino_interfaces/arduino_interfaces/msg/detail/num__rosidl_typesupport_introspection_cpp.hpp
-- Up-to-date: /home/pepijn/ros2_ws/install/arduino_interfaces/lib/libarduino_interfaces__rosidl_typesupport_introspection_cpp.so
-- Up-to-date: /home/pepijn/ros2_ws/install/arduino_interfaces/lib/libarduino_interfaces__rosidl_typesupport_cpp.so
-- Up-to-date: /home/pepijn/ros2_ws/install/arduino_interfaces/share/arduino_interfaces/environment/pythonpath.sh
-- Up-to-date: /home/pepijn/ros2_ws/install/arduino_interfaces/share/arduino_interfaces/environment/pythonpath.dsv
-- Up-to-date: /home/pepijn/ros2_ws/install/arduino_interfaces/lib/python3.12/site-packages/arduino_interfaces-0.0.0-py3.12.egg-info
-- Installing: /home/pepijn/ros2_ws/install/arduino_interfaces/lib/python3.12/site-packages/arduino_interfaces-0.0.0-py3.12.egg-info/top_level.txt
-- Installing: /home/pepijn/ros2_ws/install/arduino_interfaces/lib/python3.12/site-packages/arduino_interfaces-0.0.0-py3.12.egg-info/PKG-INFO
-- Installing: /home/pepijn/ros2_ws/install/arduino_interfaces/lib/python3.12/site-packages/arduino_interfaces-0.0.0-py3.12.egg-info/dependency_links.txt
-- Installing: /home/pepijn/ros2_ws/install/arduino_interfaces/lib/python3.12/site-packages/arduino_interfaces-0.0.0-py3.12.egg-info/SOURCES.txt
-- Up-to-date: /home/pepijn/ros2_ws/install/arduino_interfaces/lib/python3.12/site-packages/arduino_interfaces
-- Up-to-date: /home/pepijn/ros2_ws/install/arduino_interfaces/lib/python3.12/site-packages/arduino_interfaces/srv
-- Up-to-date: /home/pepijn/ros2_ws/install/arduino_interfaces/lib/python3.12/site-packages/arduino_interfaces/srv/_set_stepper_motor_positions_s.c
-- Up-to-date: /home/pepijn/ros2_ws/install/arduino_interfaces/lib/python3.12/site-packages/arduino_interfaces/srv/_set_stepper_motor_positions.py
-- Up-to-date: /home/pepijn/ros2_ws/install/arduino_interfaces/lib/python3.12/site-packages/arduino_interfaces/srv/__init__.py
-- Up-to-date: /home/pepijn/ros2_ws/install/arduino_interfaces/lib/python3.12/site-packages/arduino_interfaces/_arduino_interfaces_s.ep.rosidl_typesupport_fastrtps_c.c
-- Up-to-date: /home/pepijn/ros2_ws/install/arduino_interfaces/lib/python3.12/site-packages/arduino_interfaces/arduino_interfaces_s__rosidl_typesupport_fastrtps_c.so
-- Up-to-date: /home/pepijn/ros2_ws/install/arduino_interfaces/lib/python3.12/site-packages/arduino_interfaces/_arduino_interfaces_s.ep.rosidl_typesupport_introspection_c.c
-- Up-to-date: /home/pepijn/ros2_ws/install/arduino_interfaces/lib/python3.12/site-packages/arduino_interfaces/arduino_interfaces_s__rosidl_typesupport_c.so
-- Up-to-date: /home/pepijn/ros2_ws/install/arduino_interfaces/lib/python3.12/site-packages/arduino_interfaces/__init__.py
-- Up-to-date: /home/pepijn/ros2_ws/install/arduino_interfaces/lib/python3.12/site-packages/arduino_interfaces/msg
-- Up-to-date: /home/pepijn/ros2_ws/install/arduino_interfaces/lib/python3.12/site-packages/arduino_interfaces/msg/_num.py
-- Up-to-date: /home/pepijn/ros2_ws/install/arduino_interfaces/lib/python3.12/site-packages/arduino_interfaces/msg/_num_s.c
-- Up-to-date: /home/pepijn/ros2_ws/install/arduino_interfaces/lib/python3.12/site-packages/arduino_interfaces/msg/__init__.py
-- Up-to-date: /home/pepijn/ros2_ws/install/arduino_interfaces/lib/python3.12/site-packages/arduino_interfaces/_arduino_interfaces_s.ep.rosidl_typesupport_c.c
-- Up-to-date: /home/pepijn/ros2_ws/install/arduino_interfaces/lib/python3.12/site-packages/arduino_interfaces/arduino_interfaces_s__rosidl_typesupport_introspection_c.so
Listing '/home/pepijn/ros2_ws/install/arduino_interfaces/lib/python3.12/site-packages/arduino_interfaces'...
Listing '/home/pepijn/ros2_ws/install/arduino_interfaces/lib/python3.12/site-packages/arduino_interfaces/msg'...
Listing '/home/pepijn/ros2_ws/install/arduino_interfaces/lib/python3.12/site-packages/arduino_interfaces/srv'...
-- Up-to-date: /home/pepijn/ros2_ws/install/arduino_interfaces/lib/python3.12/site-packages/arduino_interfaces/arduino_interfaces_s__rosidl_typesupport_fastrtps_c.so
-- Up-to-date: /home/pepijn/ros2_ws/install/arduino_interfaces/lib/python3.12/site-packages/arduino_interfaces/arduino_interfaces_s__rosidl_typesupport_introspection_c.so
-- Up-to-date: /home/pepijn/ros2_ws/install/arduino_interfaces/lib/python3.12/site-packages/arduino_interfaces/arduino_interfaces_s__rosidl_typesupport_c.so
-- Up-to-date: /home/pepijn/ros2_ws/install/arduino_interfaces/lib/libarduino_interfaces__rosidl_generator_py.so
-- Up-to-date: /home/pepijn/ros2_ws/install/arduino_interfaces/share/arduino_interfaces/msg/Num.idl
-- Up-to-date: /home/pepijn/ros2_ws/install/arduino_interfaces/share/arduino_interfaces/srv/SetStepperMotorPositions.idl
-- Up-to-date: /home/pepijn/ros2_ws/install/arduino_interfaces/share/arduino_interfaces/msg/Num.msg
-- Up-to-date: /home/pepijn/ros2_ws/install/arduino_interfaces/share/arduino_interfaces/srv/SetStepperMotorPositions.srv
-- Up-to-date: /home/pepijn/ros2_ws/install/arduino_interfaces/share/ament_index/resource_index/package_run_dependencies/arduino_interfaces
-- Up-to-date: /home/pepijn/ros2_ws/install/arduino_interfaces/share/ament_index/resource_index/parent_prefix_path/arduino_interfaces
-- Up-to-date: /home/pepijn/ros2_ws/install/arduino_interfaces/share/arduino_interfaces/environment/ament_prefix_path.sh
-- Up-to-date: /home/pepijn/ros2_ws/install/arduino_interfaces/share/arduino_interfaces/environment/ament_prefix_path.dsv
-- Up-to-date: /home/pepijn/ros2_ws/install/arduino_interfaces/share/arduino_interfaces/environment/path.sh
-- Up-to-date: /home/pepijn/ros2_ws/install/arduino_interfaces/share/arduino_interfaces/environment/path.dsv
-- Up-to-date: /home/pepijn/ros2_ws/install/arduino_interfaces/share/arduino_interfaces/local_setup.bash
-- Up-to-date: /home/pepijn/ros2_ws/install/arduino_interfaces/share/arduino_interfaces/local_setup.sh
-- Up-to-date: /home/pepijn/ros2_ws/install/arduino_interfaces/share/arduino_interfaces/local_setup.zsh
-- Up-to-date: /home/pepijn/ros2_ws/install/arduino_interfaces/share/arduino_interfaces/local_setup.dsv
-- Up-to-date: /home/pepijn/ros2_ws/install/arduino_interfaces/share/arduino_interfaces/package.dsv
-- Up-to-date: /home/pepijn/ros2_ws/install/arduino_interfaces/share/ament_index/resource_index/packages/arduino_interfaces
-- Up-to-date: /home/pepijn/ros2_ws/install/arduino_interfaces/share/arduino_interfaces/cmake/export_arduino_interfaces__rosidl_generator_cExport.cmake
-- Up-to-date: /home/pepijn/ros2_ws/install/arduino_interfaces/share/arduino_interfaces/cmake/export_arduino_interfaces__rosidl_generator_cExport-noconfig.cmake
-- Up-to-date: /home/pepijn/ros2_ws/install/arduino_interfaces/share/arduino_interfaces/cmake/export_arduino_interfaces__rosidl_typesupport_fastrtps_cExport.cmake
-- Up-to-date: /home/pepijn/ros2_ws/install/arduino_interfaces/share/arduino_interfaces/cmake/export_arduino_interfaces__rosidl_typesupport_fastrtps_cExport-noconfig.cmake
-- Up-to-date: /home/pepijn/ros2_ws/install/arduino_interfaces/share/arduino_interfaces/cmake/arduino_interfaces__rosidl_typesupport_introspection_cExport.cmake
-- Up-to-date: /home/pepijn/ros2_ws/install/arduino_interfaces/share/arduino_interfaces/cmake/arduino_interfaces__rosidl_typesupport_introspection_cExport-noconfig.cmake
-- Up-to-date: /home/pepijn/ros2_ws/install/arduino_interfaces/share/arduino_interfaces/cmake/arduino_interfaces__rosidl_typesupport_cExport.cmake
-- Up-to-date: /home/pepijn/ros2_ws/install/arduino_interfaces/share/arduino_interfaces/cmake/arduino_interfaces__rosidl_typesupport_cExport-noconfig.cmake
-- Up-to-date: /home/pepijn/ros2_ws/install/arduino_interfaces/share/arduino_interfaces/cmake/export_arduino_interfaces__rosidl_generator_cppExport.cmake
-- Up-to-date: /home/pepijn/ros2_ws/install/arduino_interfaces/share/arduino_interfaces/cmake/export_arduino_interfaces__rosidl_typesupport_fastrtps_cppExport.cmake
-- Up-to-date: /home/pepijn/ros2_ws/install/arduino_interfaces/share/arduino_interfaces/cmake/export_arduino_interfaces__rosidl_typesupport_fastrtps_cppExport-noconfig.cmake
-- Up-to-date: /home/pepijn/ros2_ws/install/arduino_interfaces/share/arduino_interfaces/cmake/arduino_interfaces__rosidl_typesupport_introspection_cppExport.cmake
-- Up-to-date: /home/pepijn/ros2_ws/install/arduino_interfaces/share/arduino_interfaces/cmake/arduino_interfaces__rosidl_typesupport_introspection_cppExport-noconfig.cmake
-- Up-to-date: /home/pepijn/ros2_ws/install/arduino_interfaces/share/arduino_interfaces/cmake/arduino_interfaces__rosidl_typesupport_cppExport.cmake
-- Up-to-date: /home/pepijn/ros2_ws/install/arduino_interfaces/share/arduino_interfaces/cmake/arduino_interfaces__rosidl_typesupport_cppExport-noconfig.cmake
-- Up-to-date: /home/pepijn/ros2_ws/install/arduino_interfaces/share/arduino_interfaces/cmake/export_arduino_interfaces__rosidl_generator_pyExport.cmake
-- Up-to-date: /home/pepijn/ros2_ws/install/arduino_interfaces/share/arduino_interfaces/cmake/export_arduino_interfaces__rosidl_generator_pyExport-noconfig.cmake
-- Up-to-date: /home/pepijn/ros2_ws/install/arduino_interfaces/share/arduino_interfaces/cmake/rosidl_cmake-extras.cmake
-- Up-to-date: /home/pepijn/ros2_ws/install/arduino_interfaces/share/arduino_interfaces/cmake/ament_cmake_export_dependencies-extras.cmake
-- Up-to-date: /home/pepijn/ros2_ws/install/arduino_interfaces/share/arduino_interfaces/cmake/ament_cmake_export_include_directories-extras.cmake
-- Up-to-date: /home/pepijn/ros2_ws/install/arduino_interfaces/share/arduino_interfaces/cmake/ament_cmake_export_libraries-extras.cmake
-- Up-to-date: /home/pepijn/ros2_ws/install/arduino_interfaces/share/arduino_interfaces/cmake/ament_cmake_export_targets-extras.cmake
-- Up-to-date: /home/pepijn/ros2_ws/install/arduino_interfaces/share/arduino_interfaces/cmake/rosidl_cmake_export_typesupport_targets-extras.cmake
-- Up-to-date: /home/pepijn/ros2_ws/install/arduino_interfaces/share/arduino_interfaces/cmake/rosidl_cmake_export_typesupport_libraries-extras.cmake
-- Up-to-date: /home/pepijn/ros2_ws/install/arduino_interfaces/share/arduino_interfaces/cmake/arduino_interfacesConfig.cmake
-- Up-to-date: /home/pepijn/ros2_ws/install/arduino_interfaces/share/arduino_interfaces/cmake/arduino_interfacesConfig-version.cmake
-- Up-to-date: /home/pepijn/ros2_ws/install/arduino_interfaces/share/arduino_interfaces/package.xml
