[0.497s] Invoking command in '/home/pepijn/ros2_ws/src/py_srvcli': DEBUGINFOD_URLS=https://debuginfod.ubuntu.com PYTHONPATH=/home/pepijn/ros2_ws/build/py_srvcli/prefix_override:/usr/lib/python3/dist-packages/colcon_core/task/python/colcon_distutils_commands:/home/pepijn/ros2_ws/install/py_srvcli/lib/python3.12/site-packages: /usr/bin/python3 -W ignore:setup.py install is deprecated -W ignore:easy_install command is deprecated setup.py egg_info --egg-base ../../build/py_srvcli build --build-base /home/pepijn/ros2_ws/build/py_srvcli/build install --record /home/pepijn/ros2_ws/build/py_srvcli/install.log --single-version-externally-managed install_data
[0.658s] running egg_info
[0.667s] writing ../../build/py_srvcli/py_srvcli.egg-info/PKG-INFO
[0.668s] writing dependency_links to ../../build/py_srvcli/py_srvcli.egg-info/dependency_links.txt
[0.668s] writing entry points to ../../build/py_srvcli/py_srvcli.egg-info/entry_points.txt
[0.668s] writing requirements to ../../build/py_srvcli/py_srvcli.egg-info/requires.txt
[0.668s] writing top-level names to ../../build/py_srvcli/py_srvcli.egg-info/top_level.txt
[0.687s] reading manifest file '../../build/py_srvcli/py_srvcli.egg-info/SOURCES.txt'
[0.688s] adding license file 'LICENSE'
[0.688s] writing manifest file '../../build/py_srvcli/py_srvcli.egg-info/SOURCES.txt'
[0.688s] running build
[0.688s] running build_py
[0.688s] running install
[0.693s] running install_lib
[0.703s] running install_data
[0.703s] running install_egg_info
[0.714s] removing '/home/pepijn/ros2_ws/install/py_srvcli/lib/python3.12/site-packages/py_srvcli-0.0.0-py3.12.egg-info' (and everything under it)
[0.714s] Copying ../../build/py_srvcli/py_srvcli.egg-info to /home/pepijn/ros2_ws/install/py_srvcli/lib/python3.12/site-packages/py_srvcli-0.0.0-py3.12.egg-info
[0.715s] running install_scripts
[0.791s] Installing client script to /home/pepijn/ros2_ws/install/py_srvcli/lib/py_srvcli
[0.792s] Installing service script to /home/pepijn/ros2_ws/install/py_srvcli/lib/py_srvcli
[0.792s] writing list of installed files to '/home/pepijn/ros2_ws/build/py_srvcli/install.log'
[0.814s] Invoked command in '/home/pepijn/ros2_ws/src/py_srvcli' returned '0': DEBUGINFOD_URLS=https://debuginfod.ubuntu.com PYTHONPATH=/home/pepijn/ros2_ws/build/py_srvcli/prefix_override:/usr/lib/python3/dist-packages/colcon_core/task/python/colcon_distutils_commands:/home/pepijn/ros2_ws/install/py_srvcli/lib/python3.12/site-packages: /usr/bin/python3 -W ignore:setup.py install is deprecated -W ignore:easy_install command is deprecated setup.py egg_info --egg-base ../../build/py_srvcli build --build-base /home/pepijn/ros2_ws/build/py_srvcli/build install --record /home/pepijn/ros2_ws/build/py_srvcli/install.log --single-version-externally-managed install_data
