-- Found ament_cmake: 2.5.3 (/opt/ros/jazzy/share/ament_cmake/cmake)
-- Found rosidl_default_generators: 1.6.0 (/opt/ros/jazzy/share/rosidl_default_generators/cmake)
-- Using all available rosidl_typesupport_c: rosidl_typesupport_fastrtps_c;rosidl_typesupport_introspection_c
-- Using all available rosidl_typesupport_cpp: rosidl_typesupport_fastrtps_cpp;rosidl_typesupport_introspection_cpp
-- Found rosidl_adapter: 4.6.5 (/opt/ros/jazzy/share/rosidl_adapter/cmake)
-- Found ament_cmake_ros: 0.12.0 (/opt/ros/jazzy/share/ament_cmake_ros/cmake)
-- Using all available rosidl_typesupport_c: rosidl_typesupport_fastrtps_c;rosidl_typesupport_introspection_c
-- Using all available rosidl_typesupport_cpp: rosidl_typesupport_fastrtps_cpp;rosidl_typesupport_introspection_cpp
-- Found python_cmake_module: 0.11.1 (/opt/ros/jazzy/share/python_cmake_module/cmake)
-- Found PythonExtra: /usr/bin/python3  
-- Found Python3: /usr/bin/python3 (found version "3.12.3") found components: Interpreter Development NumPy Development.Module Development.Embed 
-- Found ament_lint_auto: 0.17.1 (/opt/ros/jazzy/share/ament_lint_auto/cmake)
-- Added test 'lint_cmake' to check CMake code style
-- Added test 'xmllint' to check XML markup files
-- Configuring done (2.0s)
-- Generating done (0.0s)
-- Build files have been written to: /home/pepijn/ros2_ws/build/arduino_interfaces
[  2%] [34m[1mGenerating type hashes for ROS interfaces[0m
[  2%] Built target ament_cmake_python_copy_arduino_interfaces
[  2%] Built target arduino_interfaces__rosidl_generator_type_description
[  4%] [34m[1mGenerating C code for ROS interfaces[0m
[  6%] [34m[1mGenerating C++ code for ROS interfaces[0m
running egg_info
creating arduino_interfaces.egg-info
writing arduino_interfaces.egg-info/PKG-INFO
writing dependency_links to arduino_interfaces.egg-info/dependency_links.txt
writing top-level names to arduino_interfaces.egg-info/top_level.txt
writing manifest file 'arduino_interfaces.egg-info/SOURCES.txt'
reading manifest file 'arduino_interfaces.egg-info/SOURCES.txt'
writing manifest file 'arduino_interfaces.egg-info/SOURCES.txt'
[  6%] Built target ament_cmake_python_build_arduino_interfaces_egg
[  6%] Built target arduino_interfaces__cpp
[ 20%] [32mBuilding C object CMakeFiles/arduino_interfaces__rosidl_generator_c.dir/rosidl_generator_c/arduino_interfaces/msg/detail/num__description.c.o[0m
[ 20%] [32mBuilding C object CMakeFiles/arduino_interfaces__rosidl_generator_c.dir/rosidl_generator_c/arduino_interfaces/srv/detail/set_stepper_motor_positions__functions.c.o[0m
[ 20%] [32mBuilding C object CMakeFiles/arduino_interfaces__rosidl_generator_c.dir/rosidl_generator_c/arduino_interfaces/srv/detail/set_stepper_motor_positions__description.c.o[0m
[ 20%] [32mBuilding C object CMakeFiles/arduino_interfaces__rosidl_generator_c.dir/rosidl_generator_c/arduino_interfaces/msg/detail/num__functions.c.o[0m
[ 20%] [32mBuilding C object CMakeFiles/arduino_interfaces__rosidl_generator_c.dir/rosidl_generator_c/arduino_interfaces/srv/detail/set_stepper_motor_positions__type_support.c.o[0m
[ 20%] [32mBuilding C object CMakeFiles/arduino_interfaces__rosidl_generator_c.dir/rosidl_generator_c/arduino_interfaces/msg/detail/num__type_support.c.o[0m
[ 22%] [32m[1mLinking C shared library libarduino_interfaces__rosidl_generator_c.so[0m
[ 22%] Built target arduino_interfaces__rosidl_generator_c
[ 36%] [34m[1mGenerating C++ type support dispatch for ROS interfaces[0m
[ 36%] [34m[1mGenerating C type support dispatch for ROS interfaces[0m
[ 36%] [34m[1mGenerating C type support for eProsima Fast-RTPS[0m
[ 36%] [34m[1mGenerating C introspection for ROS interfaces[0m
[ 36%] [34m[1mGenerating C++ introspection for ROS interfaces[0m
[ 36%] [34m[1mGenerating C++ type support for eProsima Fast-RTPS[0m
[ 40%] [32mBuilding CXX object CMakeFiles/arduino_interfaces__rosidl_typesupport_c.dir/rosidl_typesupport_c/arduino_interfaces/msg/num__type_support.cpp.o[0m
[ 40%] [32mBuilding CXX object CMakeFiles/arduino_interfaces__rosidl_typesupport_c.dir/rosidl_typesupport_c/arduino_interfaces/srv/set_stepper_motor_positions__type_support.cpp.o[0m
[ 45%] [32mBuilding CXX object CMakeFiles/arduino_interfaces__rosidl_typesupport_cpp.dir/rosidl_typesupport_cpp/arduino_interfaces/msg/num__type_support.cpp.o[0m
[ 45%] [32mBuilding CXX object CMakeFiles/arduino_interfaces__rosidl_typesupport_cpp.dir/rosidl_typesupport_cpp/arduino_interfaces/srv/set_stepper_motor_positions__type_support.cpp.o[0m
[ 47%] [32mBuilding CXX object CMakeFiles/arduino_interfaces__rosidl_typesupport_introspection_cpp.dir/rosidl_typesupport_introspection_cpp/arduino_interfaces/srv/detail/set_stepper_motor_positions__type_support.cpp.o[0m
[ 50%] [32mBuilding CXX object CMakeFiles/arduino_interfaces__rosidl_typesupport_introspection_cpp.dir/rosidl_typesupport_introspection_cpp/arduino_interfaces/msg/detail/num__type_support.cpp.o[0m
[ 52%] [32mBuilding C object CMakeFiles/arduino_interfaces__rosidl_typesupport_introspection_c.dir/rosidl_typesupport_introspection_c/arduino_interfaces/msg/detail/num__type_support.c.o[0m
[ 54%] [32mBuilding C object CMakeFiles/arduino_interfaces__rosidl_typesupport_introspection_c.dir/rosidl_typesupport_introspection_c/arduino_interfaces/srv/detail/set_stepper_motor_positions__type_support.c.o[0m
[ 56%] [32m[1mLinking CXX shared library libarduino_interfaces__rosidl_typesupport_c.so[0m
[ 59%] [32mBuilding CXX object CMakeFiles/arduino_interfaces__rosidl_typesupport_fastrtps_cpp.dir/rosidl_typesupport_fastrtps_cpp/arduino_interfaces/srv/detail/dds_fastrtps/set_stepper_motor_positions__type_support.cpp.o[0m
[ 61%] [32mBuilding CXX object CMakeFiles/arduino_interfaces__rosidl_typesupport_fastrtps_cpp.dir/rosidl_typesupport_fastrtps_cpp/arduino_interfaces/msg/detail/dds_fastrtps/num__type_support.cpp.o[0m
[ 63%] [32m[1mLinking C shared library libarduino_interfaces__rosidl_typesupport_introspection_c.so[0m
[ 68%] [32mBuilding CXX object CMakeFiles/arduino_interfaces__rosidl_typesupport_fastrtps_c.dir/rosidl_typesupport_fastrtps_c/arduino_interfaces/srv/detail/set_stepper_motor_positions__type_support_c.cpp.o[0m
[ 68%] [32mBuilding CXX object CMakeFiles/arduino_interfaces__rosidl_typesupport_fastrtps_c.dir/rosidl_typesupport_fastrtps_c/arduino_interfaces/msg/detail/num__type_support_c.cpp.o[0m
[ 68%] Built target arduino_interfaces__rosidl_typesupport_c
[ 68%] Built target arduino_interfaces__rosidl_typesupport_introspection_c
[ 70%] [32m[1mLinking CXX shared library libarduino_interfaces__rosidl_typesupport_cpp.so[0m
[ 72%] [32m[1mLinking CXX shared library libarduino_interfaces__rosidl_typesupport_introspection_cpp.so[0m
[ 72%] Built target arduino_interfaces__rosidl_typesupport_cpp
[ 72%] Built target arduino_interfaces__rosidl_typesupport_introspection_cpp
[ 75%] [32m[1mLinking CXX shared library libarduino_interfaces__rosidl_typesupport_fastrtps_c.so[0m
[ 75%] Built target arduino_interfaces__rosidl_typesupport_fastrtps_c
[ 77%] [32m[1mLinking CXX shared library libarduino_interfaces__rosidl_typesupport_fastrtps_cpp.so[0m
[ 77%] Built target arduino_interfaces__rosidl_typesupport_fastrtps_cpp
[ 77%] Built target arduino_interfaces
[ 79%] [34m[1mGenerating Python code for ROS interfaces[0m
[ 79%] Built target arduino_interfaces__py
[ 84%] [32mBuilding C object CMakeFiles/arduino_interfaces__rosidl_generator_py.dir/rosidl_generator_py/arduino_interfaces/msg/_num_s.c.o[0m
[ 84%] [32mBuilding C object CMakeFiles/arduino_interfaces__rosidl_generator_py.dir/rosidl_generator_py/arduino_interfaces/srv/_set_stepper_motor_positions_s.c.o[0m
[ 86%] [32m[1mLinking C shared library libarduino_interfaces__rosidl_generator_py.so[0m
[ 86%] Built target arduino_interfaces__rosidl_generator_py
[ 93%] [32mBuilding C object CMakeFiles/arduino_interfaces_s__rosidl_typesupport_c.dir/rosidl_generator_py/arduino_interfaces/_arduino_interfaces_s.ep.rosidl_typesupport_c.c.o[0m
[ 93%] [32mBuilding C object CMakeFiles/arduino_interfaces_s__rosidl_typesupport_introspection_c.dir/rosidl_generator_py/arduino_interfaces/_arduino_interfaces_s.ep.rosidl_typesupport_introspection_c.c.o[0m
[ 93%] [32mBuilding C object CMakeFiles/arduino_interfaces_s__rosidl_typesupport_fastrtps_c.dir/rosidl_generator_py/arduino_interfaces/_arduino_interfaces_s.ep.rosidl_typesupport_fastrtps_c.c.o[0m
[ 95%] [32m[1mLinking C shared module rosidl_generator_py/arduino_interfaces/arduino_interfaces_s__rosidl_typesupport_c.so[0m
[ 97%] [32m[1mLinking C shared module rosidl_generator_py/arduino_interfaces/arduino_interfaces_s__rosidl_typesupport_introspection_c.so[0m
[100%] [32m[1mLinking C shared module rosidl_generator_py/arduino_interfaces/arduino_interfaces_s__rosidl_typesupport_fastrtps_c.so[0m
[100%] Built target arduino_interfaces_s__rosidl_typesupport_c
[100%] Built target arduino_interfaces_s__rosidl_typesupport_introspection_c
[100%] Built target arduino_interfaces_s__rosidl_typesupport_fastrtps_c
-- Install configuration: ""
-- Installing: /home/pepijn/ros2_ws/install/arduino_interfaces/share/ament_index/resource_index/rosidl_interfaces/arduino_interfaces
-- Installing: /home/pepijn/ros2_ws/install/arduino_interfaces/share/arduino_interfaces/msg/Num.json
-- Installing: /home/pepijn/ros2_ws/install/arduino_interfaces/share/arduino_interfaces/srv/SetStepperMotorPositions.json
-- Installing: /home/pepijn/ros2_ws/install/arduino_interfaces/include/arduino_interfaces/arduino_interfaces
-- Installing: /home/pepijn/ros2_ws/install/arduino_interfaces/include/arduino_interfaces/arduino_interfaces/srv
-- Installing: /home/pepijn/ros2_ws/install/arduino_interfaces/include/arduino_interfaces/arduino_interfaces/srv/set_stepper_motor_positions.h
-- Installing: /home/pepijn/ros2_ws/install/arduino_interfaces/include/arduino_interfaces/arduino_interfaces/srv/detail
-- Installing: /home/pepijn/ros2_ws/install/arduino_interfaces/include/arduino_interfaces/arduino_interfaces/srv/detail/set_stepper_motor_positions__functions.h
-- Installing: /home/pepijn/ros2_ws/install/arduino_interfaces/include/arduino_interfaces/arduino_interfaces/srv/detail/set_stepper_motor_positions__type_support.h
-- Installing: /home/pepijn/ros2_ws/install/arduino_interfaces/include/arduino_interfaces/arduino_interfaces/srv/detail/set_stepper_motor_positions__functions.c
-- Installing: /home/pepijn/ros2_ws/install/arduino_interfaces/include/arduino_interfaces/arduino_interfaces/srv/detail/set_stepper_motor_positions__type_support.c
-- Installing: /home/pepijn/ros2_ws/install/arduino_interfaces/include/arduino_interfaces/arduino_interfaces/srv/detail/set_stepper_motor_positions__struct.h
-- Installing: /home/pepijn/ros2_ws/install/arduino_interfaces/include/arduino_interfaces/arduino_interfaces/srv/detail/set_stepper_motor_positions__description.c
-- Installing: /home/pepijn/ros2_ws/install/arduino_interfaces/include/arduino_interfaces/arduino_interfaces/msg
-- Installing: /home/pepijn/ros2_ws/install/arduino_interfaces/include/arduino_interfaces/arduino_interfaces/msg/rosidl_generator_c__visibility_control.h
-- Installing: /home/pepijn/ros2_ws/install/arduino_interfaces/include/arduino_interfaces/arduino_interfaces/msg/num.h
-- Installing: /home/pepijn/ros2_ws/install/arduino_interfaces/include/arduino_interfaces/arduino_interfaces/msg/detail
-- Installing: /home/pepijn/ros2_ws/install/arduino_interfaces/include/arduino_interfaces/arduino_interfaces/msg/detail/num__type_support.c
-- Installing: /home/pepijn/ros2_ws/install/arduino_interfaces/include/arduino_interfaces/arduino_interfaces/msg/detail/num__functions.h
-- Installing: /home/pepijn/ros2_ws/install/arduino_interfaces/include/arduino_interfaces/arduino_interfaces/msg/detail/num__type_support.h
-- Installing: /home/pepijn/ros2_ws/install/arduino_interfaces/include/arduino_interfaces/arduino_interfaces/msg/detail/num__description.c
-- Installing: /home/pepijn/ros2_ws/install/arduino_interfaces/include/arduino_interfaces/arduino_interfaces/msg/detail/num__struct.h
-- Installing: /home/pepijn/ros2_ws/install/arduino_interfaces/include/arduino_interfaces/arduino_interfaces/msg/detail/num__functions.c
-- Installing: /home/pepijn/ros2_ws/install/arduino_interfaces/share/arduino_interfaces/environment/library_path.sh
-- Installing: /home/pepijn/ros2_ws/install/arduino_interfaces/share/arduino_interfaces/environment/library_path.dsv
-- Installing: /home/pepijn/ros2_ws/install/arduino_interfaces/lib/libarduino_interfaces__rosidl_generator_c.so
-- Set non-toolchain portion of runtime path of "/home/pepijn/ros2_ws/install/arduino_interfaces/lib/libarduino_interfaces__rosidl_generator_c.so" to ""
-- Up-to-date: /home/pepijn/ros2_ws/install/arduino_interfaces/include/arduino_interfaces/arduino_interfaces
-- Up-to-date: /home/pepijn/ros2_ws/install/arduino_interfaces/include/arduino_interfaces/arduino_interfaces/srv
-- Up-to-date: /home/pepijn/ros2_ws/install/arduino_interfaces/include/arduino_interfaces/arduino_interfaces/srv/detail
-- Installing: /home/pepijn/ros2_ws/install/arduino_interfaces/include/arduino_interfaces/arduino_interfaces/srv/detail/set_stepper_motor_positions__rosidl_typesupport_fastrtps_c.h
-- Up-to-date: /home/pepijn/ros2_ws/install/arduino_interfaces/include/arduino_interfaces/arduino_interfaces/msg
-- Installing: /home/pepijn/ros2_ws/install/arduino_interfaces/include/arduino_interfaces/arduino_interfaces/msg/rosidl_typesupport_fastrtps_c__visibility_control.h
-- Up-to-date: /home/pepijn/ros2_ws/install/arduino_interfaces/include/arduino_interfaces/arduino_interfaces/msg/detail
-- Installing: /home/pepijn/ros2_ws/install/arduino_interfaces/include/arduino_interfaces/arduino_interfaces/msg/detail/num__rosidl_typesupport_fastrtps_c.h
-- Installing: /home/pepijn/ros2_ws/install/arduino_interfaces/lib/libarduino_interfaces__rosidl_typesupport_fastrtps_c.so
-- Set non-toolchain portion of runtime path of "/home/pepijn/ros2_ws/install/arduino_interfaces/lib/libarduino_interfaces__rosidl_typesupport_fastrtps_c.so" to ""
-- Up-to-date: /home/pepijn/ros2_ws/install/arduino_interfaces/include/arduino_interfaces/arduino_interfaces
-- Up-to-date: /home/pepijn/ros2_ws/install/arduino_interfaces/include/arduino_interfaces/arduino_interfaces/srv
-- Up-to-date: /home/pepijn/ros2_ws/install/arduino_interfaces/include/arduino_interfaces/arduino_interfaces/srv/detail
-- Installing: /home/pepijn/ros2_ws/install/arduino_interfaces/include/arduino_interfaces/arduino_interfaces/srv/detail/set_stepper_motor_positions__rosidl_typesupport_introspection_c.h
-- Installing: /home/pepijn/ros2_ws/install/arduino_interfaces/include/arduino_interfaces/arduino_interfaces/srv/detail/set_stepper_motor_positions__type_support.c
-- Up-to-date: /home/pepijn/ros2_ws/install/arduino_interfaces/include/arduino_interfaces/arduino_interfaces/msg
-- Installing: /home/pepijn/ros2_ws/install/arduino_interfaces/include/arduino_interfaces/arduino_interfaces/msg/rosidl_typesupport_introspection_c__visibility_control.h
-- Up-to-date: /home/pepijn/ros2_ws/install/arduino_interfaces/include/arduino_interfaces/arduino_interfaces/msg/detail
-- Installing: /home/pepijn/ros2_ws/install/arduino_interfaces/include/arduino_interfaces/arduino_interfaces/msg/detail/num__type_support.c
-- Installing: /home/pepijn/ros2_ws/install/arduino_interfaces/include/arduino_interfaces/arduino_interfaces/msg/detail/num__rosidl_typesupport_introspection_c.h
-- Installing: /home/pepijn/ros2_ws/install/arduino_interfaces/lib/libarduino_interfaces__rosidl_typesupport_introspection_c.so
-- Set non-toolchain portion of runtime path of "/home/pepijn/ros2_ws/install/arduino_interfaces/lib/libarduino_interfaces__rosidl_typesupport_introspection_c.so" to ""
-- Installing: /home/pepijn/ros2_ws/install/arduino_interfaces/lib/libarduino_interfaces__rosidl_typesupport_c.so
-- Set non-toolchain portion of runtime path of "/home/pepijn/ros2_ws/install/arduino_interfaces/lib/libarduino_interfaces__rosidl_typesupport_c.so" to ""
-- Up-to-date: /home/pepijn/ros2_ws/install/arduino_interfaces/include/arduino_interfaces/arduino_interfaces
-- Up-to-date: /home/pepijn/ros2_ws/install/arduino_interfaces/include/arduino_interfaces/arduino_interfaces/srv
-- Up-to-date: /home/pepijn/ros2_ws/install/arduino_interfaces/include/arduino_interfaces/arduino_interfaces/srv/detail
-- Installing: /home/pepijn/ros2_ws/install/arduino_interfaces/include/arduino_interfaces/arduino_interfaces/srv/detail/set_stepper_motor_positions__struct.hpp
-- Installing: /home/pepijn/ros2_ws/install/arduino_interfaces/include/arduino_interfaces/arduino_interfaces/srv/detail/set_stepper_motor_positions__builder.hpp
-- Installing: /home/pepijn/ros2_ws/install/arduino_interfaces/include/arduino_interfaces/arduino_interfaces/srv/detail/set_stepper_motor_positions__type_support.hpp
-- Installing: /home/pepijn/ros2_ws/install/arduino_interfaces/include/arduino_interfaces/arduino_interfaces/srv/detail/set_stepper_motor_positions__traits.hpp
-- Installing: /home/pepijn/ros2_ws/install/arduino_interfaces/include/arduino_interfaces/arduino_interfaces/srv/set_stepper_motor_positions.hpp
-- Up-to-date: /home/pepijn/ros2_ws/install/arduino_interfaces/include/arduino_interfaces/arduino_interfaces/msg
-- Installing: /home/pepijn/ros2_ws/install/arduino_interfaces/include/arduino_interfaces/arduino_interfaces/msg/num.hpp
-- Installing: /home/pepijn/ros2_ws/install/arduino_interfaces/include/arduino_interfaces/arduino_interfaces/msg/rosidl_generator_cpp__visibility_control.hpp
-- Up-to-date: /home/pepijn/ros2_ws/install/arduino_interfaces/include/arduino_interfaces/arduino_interfaces/msg/detail
-- Installing: /home/pepijn/ros2_ws/install/arduino_interfaces/include/arduino_interfaces/arduino_interfaces/msg/detail/num__builder.hpp
-- Installing: /home/pepijn/ros2_ws/install/arduino_interfaces/include/arduino_interfaces/arduino_interfaces/msg/detail/num__type_support.hpp
-- Installing: /home/pepijn/ros2_ws/install/arduino_interfaces/include/arduino_interfaces/arduino_interfaces/msg/detail/num__traits.hpp
-- Installing: /home/pepijn/ros2_ws/install/arduino_interfaces/include/arduino_interfaces/arduino_interfaces/msg/detail/num__struct.hpp
-- Up-to-date: /home/pepijn/ros2_ws/install/arduino_interfaces/include/arduino_interfaces/arduino_interfaces
-- Up-to-date: /home/pepijn/ros2_ws/install/arduino_interfaces/include/arduino_interfaces/arduino_interfaces/srv
-- Up-to-date: /home/pepijn/ros2_ws/install/arduino_interfaces/include/arduino_interfaces/arduino_interfaces/srv/detail
-- Installing: /home/pepijn/ros2_ws/install/arduino_interfaces/include/arduino_interfaces/arduino_interfaces/srv/detail/dds_fastrtps
-- Installing: /home/pepijn/ros2_ws/install/arduino_interfaces/include/arduino_interfaces/arduino_interfaces/srv/detail/set_stepper_motor_positions__rosidl_typesupport_fastrtps_cpp.hpp
-- Up-to-date: /home/pepijn/ros2_ws/install/arduino_interfaces/include/arduino_interfaces/arduino_interfaces/msg
-- Up-to-date: /home/pepijn/ros2_ws/install/arduino_interfaces/include/arduino_interfaces/arduino_interfaces/msg/detail
-- Installing: /home/pepijn/ros2_ws/install/arduino_interfaces/include/arduino_interfaces/arduino_interfaces/msg/detail/dds_fastrtps
-- Installing: /home/pepijn/ros2_ws/install/arduino_interfaces/include/arduino_interfaces/arduino_interfaces/msg/detail/num__rosidl_typesupport_fastrtps_cpp.hpp
-- Installing: /home/pepijn/ros2_ws/install/arduino_interfaces/include/arduino_interfaces/arduino_interfaces/msg/rosidl_typesupport_fastrtps_cpp__visibility_control.h
-- Installing: /home/pepijn/ros2_ws/install/arduino_interfaces/lib/libarduino_interfaces__rosidl_typesupport_fastrtps_cpp.so
-- Set non-toolchain portion of runtime path of "/home/pepijn/ros2_ws/install/arduino_interfaces/lib/libarduino_interfaces__rosidl_typesupport_fastrtps_cpp.so" to ""
-- Up-to-date: /home/pepijn/ros2_ws/install/arduino_interfaces/include/arduino_interfaces/arduino_interfaces
-- Up-to-date: /home/pepijn/ros2_ws/install/arduino_interfaces/include/arduino_interfaces/arduino_interfaces/srv
-- Up-to-date: /home/pepijn/ros2_ws/install/arduino_interfaces/include/arduino_interfaces/arduino_interfaces/srv/detail
-- Installing: /home/pepijn/ros2_ws/install/arduino_interfaces/include/arduino_interfaces/arduino_interfaces/srv/detail/set_stepper_motor_positions__rosidl_typesupport_introspection_cpp.hpp
-- Installing: /home/pepijn/ros2_ws/install/arduino_interfaces/include/arduino_interfaces/arduino_interfaces/srv/detail/set_stepper_motor_positions__type_support.cpp
-- Up-to-date: /home/pepijn/ros2_ws/install/arduino_interfaces/include/arduino_interfaces/arduino_interfaces/msg
-- Up-to-date: /home/pepijn/ros2_ws/install/arduino_interfaces/include/arduino_interfaces/arduino_interfaces/msg/detail
-- Installing: /home/pepijn/ros2_ws/install/arduino_interfaces/include/arduino_interfaces/arduino_interfaces/msg/detail/num__type_support.cpp
-- Installing: /home/pepijn/ros2_ws/install/arduino_interfaces/include/arduino_interfaces/arduino_interfaces/msg/detail/num__rosidl_typesupport_introspection_cpp.hpp
-- Installing: /home/pepijn/ros2_ws/install/arduino_interfaces/lib/libarduino_interfaces__rosidl_typesupport_introspection_cpp.so
-- Set non-toolchain portion of runtime path of "/home/pepijn/ros2_ws/install/arduino_interfaces/lib/libarduino_interfaces__rosidl_typesupport_introspection_cpp.so" to ""
-- Installing: /home/pepijn/ros2_ws/install/arduino_interfaces/lib/libarduino_interfaces__rosidl_typesupport_cpp.so
-- Set non-toolchain portion of runtime path of "/home/pepijn/ros2_ws/install/arduino_interfaces/lib/libarduino_interfaces__rosidl_typesupport_cpp.so" to ""
-- Installing: /home/pepijn/ros2_ws/install/arduino_interfaces/share/arduino_interfaces/environment/pythonpath.sh
-- Installing: /home/pepijn/ros2_ws/install/arduino_interfaces/share/arduino_interfaces/environment/pythonpath.dsv
-- Installing: /home/pepijn/ros2_ws/install/arduino_interfaces/lib/python3.12/site-packages/arduino_interfaces-0.0.0-py3.12.egg-info
-- Installing: /home/pepijn/ros2_ws/install/arduino_interfaces/lib/python3.12/site-packages/arduino_interfaces-0.0.0-py3.12.egg-info/top_level.txt
-- Installing: /home/pepijn/ros2_ws/install/arduino_interfaces/lib/python3.12/site-packages/arduino_interfaces-0.0.0-py3.12.egg-info/PKG-INFO
-- Installing: /home/pepijn/ros2_ws/install/arduino_interfaces/lib/python3.12/site-packages/arduino_interfaces-0.0.0-py3.12.egg-info/dependency_links.txt
-- Installing: /home/pepijn/ros2_ws/install/arduino_interfaces/lib/python3.12/site-packages/arduino_interfaces-0.0.0-py3.12.egg-info/SOURCES.txt
-- Installing: /home/pepijn/ros2_ws/install/arduino_interfaces/lib/python3.12/site-packages/arduino_interfaces
-- Installing: /home/pepijn/ros2_ws/install/arduino_interfaces/lib/python3.12/site-packages/arduino_interfaces/srv
-- Installing: /home/pepijn/ros2_ws/install/arduino_interfaces/lib/python3.12/site-packages/arduino_interfaces/srv/_set_stepper_motor_positions_s.c
-- Installing: /home/pepijn/ros2_ws/install/arduino_interfaces/lib/python3.12/site-packages/arduino_interfaces/srv/_set_stepper_motor_positions.py
-- Installing: /home/pepijn/ros2_ws/install/arduino_interfaces/lib/python3.12/site-packages/arduino_interfaces/srv/__init__.py
-- Installing: /home/pepijn/ros2_ws/install/arduino_interfaces/lib/python3.12/site-packages/arduino_interfaces/_arduino_interfaces_s.ep.rosidl_typesupport_fastrtps_c.c
-- Installing: /home/pepijn/ros2_ws/install/arduino_interfaces/lib/python3.12/site-packages/arduino_interfaces/arduino_interfaces_s__rosidl_typesupport_fastrtps_c.so
-- Installing: /home/pepijn/ros2_ws/install/arduino_interfaces/lib/python3.12/site-packages/arduino_interfaces/_arduino_interfaces_s.ep.rosidl_typesupport_introspection_c.c
-- Installing: /home/pepijn/ros2_ws/install/arduino_interfaces/lib/python3.12/site-packages/arduino_interfaces/arduino_interfaces_s__rosidl_typesupport_c.so
-- Installing: /home/pepijn/ros2_ws/install/arduino_interfaces/lib/python3.12/site-packages/arduino_interfaces/__init__.py
-- Installing: /home/pepijn/ros2_ws/install/arduino_interfaces/lib/python3.12/site-packages/arduino_interfaces/msg
-- Installing: /home/pepijn/ros2_ws/install/arduino_interfaces/lib/python3.12/site-packages/arduino_interfaces/msg/_num.py
-- Installing: /home/pepijn/ros2_ws/install/arduino_interfaces/lib/python3.12/site-packages/arduino_interfaces/msg/_num_s.c
-- Installing: /home/pepijn/ros2_ws/install/arduino_interfaces/lib/python3.12/site-packages/arduino_interfaces/msg/__init__.py
-- Installing: /home/pepijn/ros2_ws/install/arduino_interfaces/lib/python3.12/site-packages/arduino_interfaces/_arduino_interfaces_s.ep.rosidl_typesupport_c.c
-- Installing: /home/pepijn/ros2_ws/install/arduino_interfaces/lib/python3.12/site-packages/arduino_interfaces/arduino_interfaces_s__rosidl_typesupport_introspection_c.so
Listing '/home/pepijn/ros2_ws/install/arduino_interfaces/lib/python3.12/site-packages/arduino_interfaces'...
Compiling '/home/pepijn/ros2_ws/install/arduino_interfaces/lib/python3.12/site-packages/arduino_interfaces/__init__.py'...
Listing '/home/pepijn/ros2_ws/install/arduino_interfaces/lib/python3.12/site-packages/arduino_interfaces/msg'...
Compiling '/home/pepijn/ros2_ws/install/arduino_interfaces/lib/python3.12/site-packages/arduino_interfaces/msg/__init__.py'...
Compiling '/home/pepijn/ros2_ws/install/arduino_interfaces/lib/python3.12/site-packages/arduino_interfaces/msg/_num.py'...
Listing '/home/pepijn/ros2_ws/install/arduino_interfaces/lib/python3.12/site-packages/arduino_interfaces/srv'...
Compiling '/home/pepijn/ros2_ws/install/arduino_interfaces/lib/python3.12/site-packages/arduino_interfaces/srv/__init__.py'...
Compiling '/home/pepijn/ros2_ws/install/arduino_interfaces/lib/python3.12/site-packages/arduino_interfaces/srv/_set_stepper_motor_positions.py'...
-- Installing: /home/pepijn/ros2_ws/install/arduino_interfaces/lib/python3.12/site-packages/arduino_interfaces/arduino_interfaces_s__rosidl_typesupport_fastrtps_c.so
-- Set non-toolchain portion of runtime path of "/home/pepijn/ros2_ws/install/arduino_interfaces/lib/python3.12/site-packages/arduino_interfaces/arduino_interfaces_s__rosidl_typesupport_fastrtps_c.so" to ""
-- Installing: /home/pepijn/ros2_ws/install/arduino_interfaces/lib/python3.12/site-packages/arduino_interfaces/arduino_interfaces_s__rosidl_typesupport_introspection_c.so
-- Set non-toolchain portion of runtime path of "/home/pepijn/ros2_ws/install/arduino_interfaces/lib/python3.12/site-packages/arduino_interfaces/arduino_interfaces_s__rosidl_typesupport_introspection_c.so" to ""
-- Installing: /home/pepijn/ros2_ws/install/arduino_interfaces/lib/python3.12/site-packages/arduino_interfaces/arduino_interfaces_s__rosidl_typesupport_c.so
-- Set non-toolchain portion of runtime path of "/home/pepijn/ros2_ws/install/arduino_interfaces/lib/python3.12/site-packages/arduino_interfaces/arduino_interfaces_s__rosidl_typesupport_c.so" to ""
-- Installing: /home/pepijn/ros2_ws/install/arduino_interfaces/lib/libarduino_interfaces__rosidl_generator_py.so
-- Set non-toolchain portion of runtime path of "/home/pepijn/ros2_ws/install/arduino_interfaces/lib/libarduino_interfaces__rosidl_generator_py.so" to ""
-- Installing: /home/pepijn/ros2_ws/install/arduino_interfaces/share/arduino_interfaces/msg/Num.idl
-- Installing: /home/pepijn/ros2_ws/install/arduino_interfaces/share/arduino_interfaces/srv/SetStepperMotorPositions.idl
-- Installing: /home/pepijn/ros2_ws/install/arduino_interfaces/share/arduino_interfaces/msg/Num.msg
-- Installing: /home/pepijn/ros2_ws/install/arduino_interfaces/share/arduino_interfaces/srv/SetStepperMotorPositions.srv
-- Installing: /home/pepijn/ros2_ws/install/arduino_interfaces/share/ament_index/resource_index/package_run_dependencies/arduino_interfaces
-- Installing: /home/pepijn/ros2_ws/install/arduino_interfaces/share/ament_index/resource_index/parent_prefix_path/arduino_interfaces
-- Installing: /home/pepijn/ros2_ws/install/arduino_interfaces/share/arduino_interfaces/environment/ament_prefix_path.sh
-- Installing: /home/pepijn/ros2_ws/install/arduino_interfaces/share/arduino_interfaces/environment/ament_prefix_path.dsv
-- Installing: /home/pepijn/ros2_ws/install/arduino_interfaces/share/arduino_interfaces/environment/path.sh
-- Installing: /home/pepijn/ros2_ws/install/arduino_interfaces/share/arduino_interfaces/environment/path.dsv
-- Installing: /home/pepijn/ros2_ws/install/arduino_interfaces/share/arduino_interfaces/local_setup.bash
-- Installing: /home/pepijn/ros2_ws/install/arduino_interfaces/share/arduino_interfaces/local_setup.sh
-- Installing: /home/pepijn/ros2_ws/install/arduino_interfaces/share/arduino_interfaces/local_setup.zsh
-- Installing: /home/pepijn/ros2_ws/install/arduino_interfaces/share/arduino_interfaces/local_setup.dsv
-- Installing: /home/pepijn/ros2_ws/install/arduino_interfaces/share/arduino_interfaces/package.dsv
-- Installing: /home/pepijn/ros2_ws/install/arduino_interfaces/share/ament_index/resource_index/packages/arduino_interfaces
-- Installing: /home/pepijn/ros2_ws/install/arduino_interfaces/share/arduino_interfaces/cmake/export_arduino_interfaces__rosidl_generator_cExport.cmake
-- Installing: /home/pepijn/ros2_ws/install/arduino_interfaces/share/arduino_interfaces/cmake/export_arduino_interfaces__rosidl_generator_cExport-noconfig.cmake
-- Installing: /home/pepijn/ros2_ws/install/arduino_interfaces/share/arduino_interfaces/cmake/export_arduino_interfaces__rosidl_typesupport_fastrtps_cExport.cmake
-- Installing: /home/pepijn/ros2_ws/install/arduino_interfaces/share/arduino_interfaces/cmake/export_arduino_interfaces__rosidl_typesupport_fastrtps_cExport-noconfig.cmake
-- Installing: /home/pepijn/ros2_ws/install/arduino_interfaces/share/arduino_interfaces/cmake/arduino_interfaces__rosidl_typesupport_introspection_cExport.cmake
-- Installing: /home/pepijn/ros2_ws/install/arduino_interfaces/share/arduino_interfaces/cmake/arduino_interfaces__rosidl_typesupport_introspection_cExport-noconfig.cmake
-- Installing: /home/pepijn/ros2_ws/install/arduino_interfaces/share/arduino_interfaces/cmake/arduino_interfaces__rosidl_typesupport_cExport.cmake
-- Installing: /home/pepijn/ros2_ws/install/arduino_interfaces/share/arduino_interfaces/cmake/arduino_interfaces__rosidl_typesupport_cExport-noconfig.cmake
-- Installing: /home/pepijn/ros2_ws/install/arduino_interfaces/share/arduino_interfaces/cmake/export_arduino_interfaces__rosidl_generator_cppExport.cmake
-- Installing: /home/pepijn/ros2_ws/install/arduino_interfaces/share/arduino_interfaces/cmake/export_arduino_interfaces__rosidl_typesupport_fastrtps_cppExport.cmake
-- Installing: /home/pepijn/ros2_ws/install/arduino_interfaces/share/arduino_interfaces/cmake/export_arduino_interfaces__rosidl_typesupport_fastrtps_cppExport-noconfig.cmake
-- Installing: /home/pepijn/ros2_ws/install/arduino_interfaces/share/arduino_interfaces/cmake/arduino_interfaces__rosidl_typesupport_introspection_cppExport.cmake
-- Installing: /home/pepijn/ros2_ws/install/arduino_interfaces/share/arduino_interfaces/cmake/arduino_interfaces__rosidl_typesupport_introspection_cppExport-noconfig.cmake
-- Installing: /home/pepijn/ros2_ws/install/arduino_interfaces/share/arduino_interfaces/cmake/arduino_interfaces__rosidl_typesupport_cppExport.cmake
-- Installing: /home/pepijn/ros2_ws/install/arduino_interfaces/share/arduino_interfaces/cmake/arduino_interfaces__rosidl_typesupport_cppExport-noconfig.cmake
-- Installing: /home/pepijn/ros2_ws/install/arduino_interfaces/share/arduino_interfaces/cmake/export_arduino_interfaces__rosidl_generator_pyExport.cmake
-- Installing: /home/pepijn/ros2_ws/install/arduino_interfaces/share/arduino_interfaces/cmake/export_arduino_interfaces__rosidl_generator_pyExport-noconfig.cmake
-- Installing: /home/pepijn/ros2_ws/install/arduino_interfaces/share/arduino_interfaces/cmake/rosidl_cmake-extras.cmake
-- Installing: /home/pepijn/ros2_ws/install/arduino_interfaces/share/arduino_interfaces/cmake/ament_cmake_export_dependencies-extras.cmake
-- Installing: /home/pepijn/ros2_ws/install/arduino_interfaces/share/arduino_interfaces/cmake/ament_cmake_export_include_directories-extras.cmake
-- Installing: /home/pepijn/ros2_ws/install/arduino_interfaces/share/arduino_interfaces/cmake/ament_cmake_export_libraries-extras.cmake
-- Installing: /home/pepijn/ros2_ws/install/arduino_interfaces/share/arduino_interfaces/cmake/ament_cmake_export_targets-extras.cmake
-- Installing: /home/pepijn/ros2_ws/install/arduino_interfaces/share/arduino_interfaces/cmake/rosidl_cmake_export_typesupport_targets-extras.cmake
-- Installing: /home/pepijn/ros2_ws/install/arduino_interfaces/share/arduino_interfaces/cmake/rosidl_cmake_export_typesupport_libraries-extras.cmake
-- Installing: /home/pepijn/ros2_ws/install/arduino_interfaces/share/arduino_interfaces/cmake/arduino_interfacesConfig.cmake
-- Installing: /home/pepijn/ros2_ws/install/arduino_interfaces/share/arduino_interfaces/cmake/arduino_interfacesConfig-version.cmake
-- Installing: /home/pepijn/ros2_ws/install/arduino_interfaces/share/arduino_interfaces/package.xml
