[0.008s] Invoking command in '/home/pepijn/ros2_ws/build/arduino_interfaces': CMAKE_PREFIX_PATH=${CMAKE_PREFIX_PATH}:/home/pepijn/ros2_ws/install/py_srvcli:/home/pepijn/ros2_ws/install/my_package:/opt/ros/jazzy DEBUGINFOD_URLS=https://debuginfod.ubuntu.com /usr/bin/cmake /home/pepijn/ros2_ws/src/arduino_interfaces -DCMAKE_INSTALL_PREFIX=/home/pepijn/ros2_ws/install/arduino_interfaces
[0.020s] -- Found ament_cmake: 2.5.3 (/opt/ros/jazzy/share/ament_cmake/cmake)
[0.186s] -- Found rosidl_default_generators: 1.6.0 (/opt/ros/jazzy/share/rosidl_default_generators/cmake)
[0.188s] -- Using all available rosidl_typesupport_c: rosidl_typesupport_fastrtps_c;rosidl_typesupport_introspection_c
[0.216s] -- Using all available rosidl_typesupport_cpp: rosidl_typesupport_fastrtps_cpp;rosidl_typesupport_introspection_cpp
[0.238s] -- Found rosidl_adapter: 4.6.5 (/opt/ros/jazzy/share/rosidl_adapter/cmake)
[0.720s] -- Found ament_cmake_ros: 0.12.0 (/opt/ros/jazzy/share/ament_cmake_ros/cmake)
[1.064s] -- Using all available rosidl_typesupport_c: rosidl_typesupport_fastrtps_c;rosidl_typesupport_introspection_c
[1.512s] -- Using all available rosidl_typesupport_cpp: rosidl_typesupport_fastrtps_cpp;rosidl_typesupport_introspection_cpp
[1.514s] -- Found python_cmake_module: 0.11.1 (/opt/ros/jazzy/share/python_cmake_module/cmake)
[1.623s] -- Found PythonExtra: /usr/bin/python3  
[1.965s] -- Found Python3: /usr/bin/python3 (found version "3.12.3") found components: Interpreter Development NumPy Development.Module Development.Embed 
[1.993s] -- Found ament_lint_auto: 0.17.1 (/opt/ros/jazzy/share/ament_lint_auto/cmake)
[2.011s] -- Added test 'lint_cmake' to check CMake code style
[2.012s] -- Added test 'xmllint' to check XML markup files
[2.015s] -- Configuring done (2.0s)
[2.045s] -- Generating done (0.0s)
[2.054s] -- Build files have been written to: /home/pepijn/ros2_ws/build/arduino_interfaces
[2.060s] Invoked command in '/home/pepijn/ros2_ws/build/arduino_interfaces' returned '0': CMAKE_PREFIX_PATH=${CMAKE_PREFIX_PATH}:/home/pepijn/ros2_ws/install/py_srvcli:/home/pepijn/ros2_ws/install/my_package:/opt/ros/jazzy DEBUGINFOD_URLS=https://debuginfod.ubuntu.com /usr/bin/cmake /home/pepijn/ros2_ws/src/arduino_interfaces -DCMAKE_INSTALL_PREFIX=/home/pepijn/ros2_ws/install/arduino_interfaces
[2.061s] Invoking command in '/home/pepijn/ros2_ws/build/arduino_interfaces': CMAKE_PREFIX_PATH=${CMAKE_PREFIX_PATH}:/home/pepijn/ros2_ws/install/py_srvcli:/home/pepijn/ros2_ws/install/my_package:/opt/ros/jazzy DEBUGINFOD_URLS=https://debuginfod.ubuntu.com /usr/bin/cmake --build /home/pepijn/ros2_ws/build/arduino_interfaces -- -j12 -l12
[2.105s] [  2%] [34m[1mGenerating type hashes for ROS interfaces[0m
[2.112s] [  2%] Built target ament_cmake_python_copy_arduino_interfaces
[2.265s] [  2%] Built target arduino_interfaces__rosidl_generator_type_description
[2.274s] [  4%] [34m[1mGenerating C code for ROS interfaces[0m
[2.283s] [  6%] [34m[1mGenerating C++ code for ROS interfaces[0m
[2.290s] running egg_info
[2.291s] creating arduino_interfaces.egg-info
[2.308s] writing arduino_interfaces.egg-info/PKG-INFO
[2.308s] writing dependency_links to arduino_interfaces.egg-info/dependency_links.txt
[2.308s] writing top-level names to arduino_interfaces.egg-info/top_level.txt
[2.309s] writing manifest file 'arduino_interfaces.egg-info/SOURCES.txt'
[2.358s] reading manifest file 'arduino_interfaces.egg-info/SOURCES.txt'
[2.359s] writing manifest file 'arduino_interfaces.egg-info/SOURCES.txt'
[2.384s] [  6%] Built target ament_cmake_python_build_arduino_interfaces_egg
[2.518s] [  6%] Built target arduino_interfaces__cpp
[2.555s] [ 20%] [32mBuilding C object CMakeFiles/arduino_interfaces__rosidl_generator_c.dir/rosidl_generator_c/arduino_interfaces/msg/detail/num__description.c.o[0m
[2.556s] [ 20%] [32mBuilding C object CMakeFiles/arduino_interfaces__rosidl_generator_c.dir/rosidl_generator_c/arduino_interfaces/srv/detail/set_stepper_motor_positions__functions.c.o[0m
[2.556s] [ 20%] [32mBuilding C object CMakeFiles/arduino_interfaces__rosidl_generator_c.dir/rosidl_generator_c/arduino_interfaces/srv/detail/set_stepper_motor_positions__description.c.o[0m
[2.556s] [ 20%] [32mBuilding C object CMakeFiles/arduino_interfaces__rosidl_generator_c.dir/rosidl_generator_c/arduino_interfaces/msg/detail/num__functions.c.o[0m
[2.556s] [ 20%] [32mBuilding C object CMakeFiles/arduino_interfaces__rosidl_generator_c.dir/rosidl_generator_c/arduino_interfaces/srv/detail/set_stepper_motor_positions__type_support.c.o[0m
[2.556s] [ 20%] [32mBuilding C object CMakeFiles/arduino_interfaces__rosidl_generator_c.dir/rosidl_generator_c/arduino_interfaces/msg/detail/num__type_support.c.o[0m
[2.612s] [ 22%] [32m[1mLinking C shared library libarduino_interfaces__rosidl_generator_c.so[0m
[2.645s] [ 22%] Built target arduino_interfaces__rosidl_generator_c
[2.654s] [ 36%] [34m[1mGenerating C++ type support dispatch for ROS interfaces[0m
[2.654s] [ 36%] [34m[1mGenerating C type support dispatch for ROS interfaces[0m
[2.654s] [ 36%] [34m[1mGenerating C type support for eProsima Fast-RTPS[0m
[2.654s] [ 36%] [34m[1mGenerating C introspection for ROS interfaces[0m
[2.654s] [ 36%] [34m[1mGenerating C++ introspection for ROS interfaces[0m
[2.655s] [ 36%] [34m[1mGenerating C++ type support for eProsima Fast-RTPS[0m
[2.861s] [ 40%] [32mBuilding CXX object CMakeFiles/arduino_interfaces__rosidl_typesupport_c.dir/rosidl_typesupport_c/arduino_interfaces/msg/num__type_support.cpp.o[0m
[2.861s] [ 40%] [32mBuilding CXX object CMakeFiles/arduino_interfaces__rosidl_typesupport_c.dir/rosidl_typesupport_c/arduino_interfaces/srv/set_stepper_motor_positions__type_support.cpp.o[0m
[2.870s] [ 45%] [32mBuilding CXX object CMakeFiles/arduino_interfaces__rosidl_typesupport_cpp.dir/rosidl_typesupport_cpp/arduino_interfaces/msg/num__type_support.cpp.o[0m
[2.870s] [ 45%] [32mBuilding CXX object CMakeFiles/arduino_interfaces__rosidl_typesupport_cpp.dir/rosidl_typesupport_cpp/arduino_interfaces/srv/set_stepper_motor_positions__type_support.cpp.o[0m
[2.887s] [ 47%] [32mBuilding CXX object CMakeFiles/arduino_interfaces__rosidl_typesupport_introspection_cpp.dir/rosidl_typesupport_introspection_cpp/arduino_interfaces/srv/detail/set_stepper_motor_positions__type_support.cpp.o[0m
[2.888s] [ 50%] [32mBuilding CXX object CMakeFiles/arduino_interfaces__rosidl_typesupport_introspection_cpp.dir/rosidl_typesupport_introspection_cpp/arduino_interfaces/msg/detail/num__type_support.cpp.o[0m
[2.901s] [ 52%] [32mBuilding C object CMakeFiles/arduino_interfaces__rosidl_typesupport_introspection_c.dir/rosidl_typesupport_introspection_c/arduino_interfaces/msg/detail/num__type_support.c.o[0m
[2.902s] [ 54%] [32mBuilding C object CMakeFiles/arduino_interfaces__rosidl_typesupport_introspection_c.dir/rosidl_typesupport_introspection_c/arduino_interfaces/srv/detail/set_stepper_motor_positions__type_support.c.o[0m
[2.919s] [ 56%] [32m[1mLinking CXX shared library libarduino_interfaces__rosidl_typesupport_c.so[0m
[2.950s] [ 59%] [32mBuilding CXX object CMakeFiles/arduino_interfaces__rosidl_typesupport_fastrtps_cpp.dir/rosidl_typesupport_fastrtps_cpp/arduino_interfaces/srv/detail/dds_fastrtps/set_stepper_motor_positions__type_support.cpp.o[0m
[2.951s] [ 61%] [32mBuilding CXX object CMakeFiles/arduino_interfaces__rosidl_typesupport_fastrtps_cpp.dir/rosidl_typesupport_fastrtps_cpp/arduino_interfaces/msg/detail/dds_fastrtps/num__type_support.cpp.o[0m
[2.955s] [ 63%] [32m[1mLinking C shared library libarduino_interfaces__rosidl_typesupport_introspection_c.so[0m
[2.964s] [ 68%] [32mBuilding CXX object CMakeFiles/arduino_interfaces__rosidl_typesupport_fastrtps_c.dir/rosidl_typesupport_fastrtps_c/arduino_interfaces/srv/detail/set_stepper_motor_positions__type_support_c.cpp.o[0m
[2.964s] [ 68%] [32mBuilding CXX object CMakeFiles/arduino_interfaces__rosidl_typesupport_fastrtps_c.dir/rosidl_typesupport_fastrtps_c/arduino_interfaces/msg/detail/num__type_support_c.cpp.o[0m
[2.973s] [ 68%] Built target arduino_interfaces__rosidl_typesupport_c
[2.998s] [ 68%] Built target arduino_interfaces__rosidl_typesupport_introspection_c
[3.234s] [ 70%] [32m[1mLinking CXX shared library libarduino_interfaces__rosidl_typesupport_cpp.so[0m
[3.273s] [ 72%] [32m[1mLinking CXX shared library libarduino_interfaces__rosidl_typesupport_introspection_cpp.so[0m
[3.317s] [ 72%] Built target arduino_interfaces__rosidl_typesupport_cpp
[3.351s] [ 72%] Built target arduino_interfaces__rosidl_typesupport_introspection_cpp
[3.471s] [ 75%] [32m[1mLinking CXX shared library libarduino_interfaces__rosidl_typesupport_fastrtps_c.so[0m
[3.515s] [ 75%] Built target arduino_interfaces__rosidl_typesupport_fastrtps_c
[3.529s] [ 77%] [32m[1mLinking CXX shared library libarduino_interfaces__rosidl_typesupport_fastrtps_cpp.so[0m
[3.591s] [ 77%] Built target arduino_interfaces__rosidl_typesupport_fastrtps_cpp
[3.609s] [ 77%] Built target arduino_interfaces
[3.625s] [ 79%] [34m[1mGenerating Python code for ROS interfaces[0m
[3.925s] [ 79%] Built target arduino_interfaces__py
[3.943s] [ 84%] [32mBuilding C object CMakeFiles/arduino_interfaces__rosidl_generator_py.dir/rosidl_generator_py/arduino_interfaces/msg/_num_s.c.o[0m
[3.943s] [ 84%] [32mBuilding C object CMakeFiles/arduino_interfaces__rosidl_generator_py.dir/rosidl_generator_py/arduino_interfaces/srv/_set_stepper_motor_positions_s.c.o[0m
[4.060s] [ 86%] [32m[1mLinking C shared library libarduino_interfaces__rosidl_generator_py.so[0m
[4.096s] [ 86%] Built target arduino_interfaces__rosidl_generator_py
[4.114s] [ 93%] [32mBuilding C object CMakeFiles/arduino_interfaces_s__rosidl_typesupport_c.dir/rosidl_generator_py/arduino_interfaces/_arduino_interfaces_s.ep.rosidl_typesupport_c.c.o[0m
[4.114s] [ 93%] [32mBuilding C object CMakeFiles/arduino_interfaces_s__rosidl_typesupport_introspection_c.dir/rosidl_generator_py/arduino_interfaces/_arduino_interfaces_s.ep.rosidl_typesupport_introspection_c.c.o[0m
[4.115s] [ 93%] [32mBuilding C object CMakeFiles/arduino_interfaces_s__rosidl_typesupport_fastrtps_c.dir/rosidl_generator_py/arduino_interfaces/_arduino_interfaces_s.ep.rosidl_typesupport_fastrtps_c.c.o[0m
[4.202s] [ 95%] [32m[1mLinking C shared module rosidl_generator_py/arduino_interfaces/arduino_interfaces_s__rosidl_typesupport_c.so[0m
[4.203s] [ 97%] [32m[1mLinking C shared module rosidl_generator_py/arduino_interfaces/arduino_interfaces_s__rosidl_typesupport_introspection_c.so[0m
[4.207s] [100%] [32m[1mLinking C shared module rosidl_generator_py/arduino_interfaces/arduino_interfaces_s__rosidl_typesupport_fastrtps_c.so[0m
[4.230s] [100%] Built target arduino_interfaces_s__rosidl_typesupport_c
[4.230s] [100%] Built target arduino_interfaces_s__rosidl_typesupport_introspection_c
[4.235s] [100%] Built target arduino_interfaces_s__rosidl_typesupport_fastrtps_c
[4.246s] Invoked command in '/home/pepijn/ros2_ws/build/arduino_interfaces' returned '0': CMAKE_PREFIX_PATH=${CMAKE_PREFIX_PATH}:/home/pepijn/ros2_ws/install/py_srvcli:/home/pepijn/ros2_ws/install/my_package:/opt/ros/jazzy DEBUGINFOD_URLS=https://debuginfod.ubuntu.com /usr/bin/cmake --build /home/pepijn/ros2_ws/build/arduino_interfaces -- -j12 -l12
[4.254s] Invoking command in '/home/pepijn/ros2_ws/build/arduino_interfaces': CMAKE_PREFIX_PATH=${CMAKE_PREFIX_PATH}:/home/pepijn/ros2_ws/install/py_srvcli:/home/pepijn/ros2_ws/install/my_package:/opt/ros/jazzy DEBUGINFOD_URLS=https://debuginfod.ubuntu.com /usr/bin/cmake --install /home/pepijn/ros2_ws/build/arduino_interfaces
[4.262s] -- Install configuration: ""
[4.262s] -- Installing: /home/pepijn/ros2_ws/install/arduino_interfaces/share/ament_index/resource_index/rosidl_interfaces/arduino_interfaces
[4.262s] -- Installing: /home/pepijn/ros2_ws/install/arduino_interfaces/share/arduino_interfaces/msg/Num.json
[4.262s] -- Installing: /home/pepijn/ros2_ws/install/arduino_interfaces/share/arduino_interfaces/srv/SetStepperMotorPositions.json
[4.262s] -- Installing: /home/pepijn/ros2_ws/install/arduino_interfaces/include/arduino_interfaces/arduino_interfaces
[4.262s] -- Installing: /home/pepijn/ros2_ws/install/arduino_interfaces/include/arduino_interfaces/arduino_interfaces/srv
[4.262s] -- Installing: /home/pepijn/ros2_ws/install/arduino_interfaces/include/arduino_interfaces/arduino_interfaces/srv/set_stepper_motor_positions.h
[4.263s] -- Installing: /home/pepijn/ros2_ws/install/arduino_interfaces/include/arduino_interfaces/arduino_interfaces/srv/detail
[4.263s] -- Installing: /home/pepijn/ros2_ws/install/arduino_interfaces/include/arduino_interfaces/arduino_interfaces/srv/detail/set_stepper_motor_positions__functions.h
[4.263s] -- Installing: /home/pepijn/ros2_ws/install/arduino_interfaces/include/arduino_interfaces/arduino_interfaces/srv/detail/set_stepper_motor_positions__type_support.h
[4.263s] -- Installing: /home/pepijn/ros2_ws/install/arduino_interfaces/include/arduino_interfaces/arduino_interfaces/srv/detail/set_stepper_motor_positions__functions.c
[4.263s] -- Installing: /home/pepijn/ros2_ws/install/arduino_interfaces/include/arduino_interfaces/arduino_interfaces/srv/detail/set_stepper_motor_positions__type_support.c
[4.263s] -- Installing: /home/pepijn/ros2_ws/install/arduino_interfaces/include/arduino_interfaces/arduino_interfaces/srv/detail/set_stepper_motor_positions__struct.h
[4.263s] -- Installing: /home/pepijn/ros2_ws/install/arduino_interfaces/include/arduino_interfaces/arduino_interfaces/srv/detail/set_stepper_motor_positions__description.c
[4.263s] -- Installing: /home/pepijn/ros2_ws/install/arduino_interfaces/include/arduino_interfaces/arduino_interfaces/msg
[4.263s] -- Installing: /home/pepijn/ros2_ws/install/arduino_interfaces/include/arduino_interfaces/arduino_interfaces/msg/rosidl_generator_c__visibility_control.h
[4.264s] -- Installing: /home/pepijn/ros2_ws/install/arduino_interfaces/include/arduino_interfaces/arduino_interfaces/msg/num.h
[4.264s] -- Installing: /home/pepijn/ros2_ws/install/arduino_interfaces/include/arduino_interfaces/arduino_interfaces/msg/detail
[4.264s] -- Installing: /home/pepijn/ros2_ws/install/arduino_interfaces/include/arduino_interfaces/arduino_interfaces/msg/detail/num__type_support.c
[4.264s] -- Installing: /home/pepijn/ros2_ws/install/arduino_interfaces/include/arduino_interfaces/arduino_interfaces/msg/detail/num__functions.h
[4.264s] -- Installing: /home/pepijn/ros2_ws/install/arduino_interfaces/include/arduino_interfaces/arduino_interfaces/msg/detail/num__type_support.h
[4.264s] -- Installing: /home/pepijn/ros2_ws/install/arduino_interfaces/include/arduino_interfaces/arduino_interfaces/msg/detail/num__description.c
[4.264s] -- Installing: /home/pepijn/ros2_ws/install/arduino_interfaces/include/arduino_interfaces/arduino_interfaces/msg/detail/num__struct.h
[4.264s] -- Installing: /home/pepijn/ros2_ws/install/arduino_interfaces/include/arduino_interfaces/arduino_interfaces/msg/detail/num__functions.c
[4.265s] -- Installing: /home/pepijn/ros2_ws/install/arduino_interfaces/share/arduino_interfaces/environment/library_path.sh
[4.265s] -- Installing: /home/pepijn/ros2_ws/install/arduino_interfaces/share/arduino_interfaces/environment/library_path.dsv
[4.265s] -- Installing: /home/pepijn/ros2_ws/install/arduino_interfaces/lib/libarduino_interfaces__rosidl_generator_c.so
[4.265s] -- Set non-toolchain portion of runtime path of "/home/pepijn/ros2_ws/install/arduino_interfaces/lib/libarduino_interfaces__rosidl_generator_c.so" to ""
[4.265s] -- Up-to-date: /home/pepijn/ros2_ws/install/arduino_interfaces/include/arduino_interfaces/arduino_interfaces
[4.265s] -- Up-to-date: /home/pepijn/ros2_ws/install/arduino_interfaces/include/arduino_interfaces/arduino_interfaces/srv
[4.266s] -- Up-to-date: /home/pepijn/ros2_ws/install/arduino_interfaces/include/arduino_interfaces/arduino_interfaces/srv/detail
[4.266s] -- Installing: /home/pepijn/ros2_ws/install/arduino_interfaces/include/arduino_interfaces/arduino_interfaces/srv/detail/set_stepper_motor_positions__rosidl_typesupport_fastrtps_c.h
[4.266s] -- Up-to-date: /home/pepijn/ros2_ws/install/arduino_interfaces/include/arduino_interfaces/arduino_interfaces/msg
[4.266s] -- Installing: /home/pepijn/ros2_ws/install/arduino_interfaces/include/arduino_interfaces/arduino_interfaces/msg/rosidl_typesupport_fastrtps_c__visibility_control.h
[4.266s] -- Up-to-date: /home/pepijn/ros2_ws/install/arduino_interfaces/include/arduino_interfaces/arduino_interfaces/msg/detail
[4.266s] -- Installing: /home/pepijn/ros2_ws/install/arduino_interfaces/include/arduino_interfaces/arduino_interfaces/msg/detail/num__rosidl_typesupport_fastrtps_c.h
[4.266s] -- Installing: /home/pepijn/ros2_ws/install/arduino_interfaces/lib/libarduino_interfaces__rosidl_typesupport_fastrtps_c.so
[4.266s] -- Set non-toolchain portion of runtime path of "/home/pepijn/ros2_ws/install/arduino_interfaces/lib/libarduino_interfaces__rosidl_typesupport_fastrtps_c.so" to ""
[4.266s] -- Up-to-date: /home/pepijn/ros2_ws/install/arduino_interfaces/include/arduino_interfaces/arduino_interfaces
[4.266s] -- Up-to-date: /home/pepijn/ros2_ws/install/arduino_interfaces/include/arduino_interfaces/arduino_interfaces/srv
[4.266s] -- Up-to-date: /home/pepijn/ros2_ws/install/arduino_interfaces/include/arduino_interfaces/arduino_interfaces/srv/detail
[4.266s] -- Installing: /home/pepijn/ros2_ws/install/arduino_interfaces/include/arduino_interfaces/arduino_interfaces/srv/detail/set_stepper_motor_positions__rosidl_typesupport_introspection_c.h
[4.267s] -- Installing: /home/pepijn/ros2_ws/install/arduino_interfaces/include/arduino_interfaces/arduino_interfaces/srv/detail/set_stepper_motor_positions__type_support.c
[4.267s] -- Up-to-date: /home/pepijn/ros2_ws/install/arduino_interfaces/include/arduino_interfaces/arduino_interfaces/msg
[4.267s] -- Installing: /home/pepijn/ros2_ws/install/arduino_interfaces/include/arduino_interfaces/arduino_interfaces/msg/rosidl_typesupport_introspection_c__visibility_control.h
[4.267s] -- Up-to-date: /home/pepijn/ros2_ws/install/arduino_interfaces/include/arduino_interfaces/arduino_interfaces/msg/detail
[4.267s] -- Installing: /home/pepijn/ros2_ws/install/arduino_interfaces/include/arduino_interfaces/arduino_interfaces/msg/detail/num__type_support.c
[4.267s] -- Installing: /home/pepijn/ros2_ws/install/arduino_interfaces/include/arduino_interfaces/arduino_interfaces/msg/detail/num__rosidl_typesupport_introspection_c.h
[4.267s] -- Installing: /home/pepijn/ros2_ws/install/arduino_interfaces/lib/libarduino_interfaces__rosidl_typesupport_introspection_c.so
[4.267s] -- Set non-toolchain portion of runtime path of "/home/pepijn/ros2_ws/install/arduino_interfaces/lib/libarduino_interfaces__rosidl_typesupport_introspection_c.so" to ""
[4.267s] -- Installing: /home/pepijn/ros2_ws/install/arduino_interfaces/lib/libarduino_interfaces__rosidl_typesupport_c.so
[4.268s] -- Set non-toolchain portion of runtime path of "/home/pepijn/ros2_ws/install/arduino_interfaces/lib/libarduino_interfaces__rosidl_typesupport_c.so" to ""
[4.268s] -- Up-to-date: /home/pepijn/ros2_ws/install/arduino_interfaces/include/arduino_interfaces/arduino_interfaces
[4.268s] -- Up-to-date: /home/pepijn/ros2_ws/install/arduino_interfaces/include/arduino_interfaces/arduino_interfaces/srv
[4.268s] -- Up-to-date: /home/pepijn/ros2_ws/install/arduino_interfaces/include/arduino_interfaces/arduino_interfaces/srv/detail
[4.268s] -- Installing: /home/pepijn/ros2_ws/install/arduino_interfaces/include/arduino_interfaces/arduino_interfaces/srv/detail/set_stepper_motor_positions__struct.hpp
[4.268s] -- Installing: /home/pepijn/ros2_ws/install/arduino_interfaces/include/arduino_interfaces/arduino_interfaces/srv/detail/set_stepper_motor_positions__builder.hpp
[4.268s] -- Installing: /home/pepijn/ros2_ws/install/arduino_interfaces/include/arduino_interfaces/arduino_interfaces/srv/detail/set_stepper_motor_positions__type_support.hpp
[4.268s] -- Installing: /home/pepijn/ros2_ws/install/arduino_interfaces/include/arduino_interfaces/arduino_interfaces/srv/detail/set_stepper_motor_positions__traits.hpp
[4.268s] -- Installing: /home/pepijn/ros2_ws/install/arduino_interfaces/include/arduino_interfaces/arduino_interfaces/srv/set_stepper_motor_positions.hpp
[4.268s] -- Up-to-date: /home/pepijn/ros2_ws/install/arduino_interfaces/include/arduino_interfaces/arduino_interfaces/msg
[4.268s] -- Installing: /home/pepijn/ros2_ws/install/arduino_interfaces/include/arduino_interfaces/arduino_interfaces/msg/num.hpp
[4.268s] -- Installing: /home/pepijn/ros2_ws/install/arduino_interfaces/include/arduino_interfaces/arduino_interfaces/msg/rosidl_generator_cpp__visibility_control.hpp
[4.269s] -- Up-to-date: /home/pepijn/ros2_ws/install/arduino_interfaces/include/arduino_interfaces/arduino_interfaces/msg/detail
[4.269s] -- Installing: /home/pepijn/ros2_ws/install/arduino_interfaces/include/arduino_interfaces/arduino_interfaces/msg/detail/num__builder.hpp
[4.269s] -- Installing: /home/pepijn/ros2_ws/install/arduino_interfaces/include/arduino_interfaces/arduino_interfaces/msg/detail/num__type_support.hpp
[4.269s] -- Installing: /home/pepijn/ros2_ws/install/arduino_interfaces/include/arduino_interfaces/arduino_interfaces/msg/detail/num__traits.hpp
[4.269s] -- Installing: /home/pepijn/ros2_ws/install/arduino_interfaces/include/arduino_interfaces/arduino_interfaces/msg/detail/num__struct.hpp
[4.269s] -- Up-to-date: /home/pepijn/ros2_ws/install/arduino_interfaces/include/arduino_interfaces/arduino_interfaces
[4.269s] -- Up-to-date: /home/pepijn/ros2_ws/install/arduino_interfaces/include/arduino_interfaces/arduino_interfaces/srv
[4.269s] -- Up-to-date: /home/pepijn/ros2_ws/install/arduino_interfaces/include/arduino_interfaces/arduino_interfaces/srv/detail
[4.269s] -- Installing: /home/pepijn/ros2_ws/install/arduino_interfaces/include/arduino_interfaces/arduino_interfaces/srv/detail/dds_fastrtps
[4.269s] -- Installing: /home/pepijn/ros2_ws/install/arduino_interfaces/include/arduino_interfaces/arduino_interfaces/srv/detail/set_stepper_motor_positions__rosidl_typesupport_fastrtps_cpp.hpp
[4.269s] -- Up-to-date: /home/pepijn/ros2_ws/install/arduino_interfaces/include/arduino_interfaces/arduino_interfaces/msg
[4.269s] -- Up-to-date: /home/pepijn/ros2_ws/install/arduino_interfaces/include/arduino_interfaces/arduino_interfaces/msg/detail
[4.270s] -- Installing: /home/pepijn/ros2_ws/install/arduino_interfaces/include/arduino_interfaces/arduino_interfaces/msg/detail/dds_fastrtps
[4.270s] -- Installing: /home/pepijn/ros2_ws/install/arduino_interfaces/include/arduino_interfaces/arduino_interfaces/msg/detail/num__rosidl_typesupport_fastrtps_cpp.hpp
[4.270s] -- Installing: /home/pepijn/ros2_ws/install/arduino_interfaces/include/arduino_interfaces/arduino_interfaces/msg/rosidl_typesupport_fastrtps_cpp__visibility_control.h
[4.270s] -- Installing: /home/pepijn/ros2_ws/install/arduino_interfaces/lib/libarduino_interfaces__rosidl_typesupport_fastrtps_cpp.so
[4.270s] -- Set non-toolchain portion of runtime path of "/home/pepijn/ros2_ws/install/arduino_interfaces/lib/libarduino_interfaces__rosidl_typesupport_fastrtps_cpp.so" to ""
[4.270s] -- Up-to-date: /home/pepijn/ros2_ws/install/arduino_interfaces/include/arduino_interfaces/arduino_interfaces
[4.270s] -- Up-to-date: /home/pepijn/ros2_ws/install/arduino_interfaces/include/arduino_interfaces/arduino_interfaces/srv
[4.270s] -- Up-to-date: /home/pepijn/ros2_ws/install/arduino_interfaces/include/arduino_interfaces/arduino_interfaces/srv/detail
[4.270s] -- Installing: /home/pepijn/ros2_ws/install/arduino_interfaces/include/arduino_interfaces/arduino_interfaces/srv/detail/set_stepper_motor_positions__rosidl_typesupport_introspection_cpp.hpp
[4.271s] -- Installing: /home/pepijn/ros2_ws/install/arduino_interfaces/include/arduino_interfaces/arduino_interfaces/srv/detail/set_stepper_motor_positions__type_support.cpp
[4.271s] -- Up-to-date: /home/pepijn/ros2_ws/install/arduino_interfaces/include/arduino_interfaces/arduino_interfaces/msg
[4.271s] -- Up-to-date: /home/pepijn/ros2_ws/install/arduino_interfaces/include/arduino_interfaces/arduino_interfaces/msg/detail
[4.271s] -- Installing: /home/pepijn/ros2_ws/install/arduino_interfaces/include/arduino_interfaces/arduino_interfaces/msg/detail/num__type_support.cpp
[4.271s] -- Installing: /home/pepijn/ros2_ws/install/arduino_interfaces/include/arduino_interfaces/arduino_interfaces/msg/detail/num__rosidl_typesupport_introspection_cpp.hpp
[4.271s] -- Installing: /home/pepijn/ros2_ws/install/arduino_interfaces/lib/libarduino_interfaces__rosidl_typesupport_introspection_cpp.so
[4.271s] -- Set non-toolchain portion of runtime path of "/home/pepijn/ros2_ws/install/arduino_interfaces/lib/libarduino_interfaces__rosidl_typesupport_introspection_cpp.so" to ""
[4.271s] -- Installing: /home/pepijn/ros2_ws/install/arduino_interfaces/lib/libarduino_interfaces__rosidl_typesupport_cpp.so
[4.272s] -- Set non-toolchain portion of runtime path of "/home/pepijn/ros2_ws/install/arduino_interfaces/lib/libarduino_interfaces__rosidl_typesupport_cpp.so" to ""
[4.272s] -- Installing: /home/pepijn/ros2_ws/install/arduino_interfaces/share/arduino_interfaces/environment/pythonpath.sh
[4.272s] -- Installing: /home/pepijn/ros2_ws/install/arduino_interfaces/share/arduino_interfaces/environment/pythonpath.dsv
[4.272s] -- Installing: /home/pepijn/ros2_ws/install/arduino_interfaces/lib/python3.12/site-packages/arduino_interfaces-0.0.0-py3.12.egg-info
[4.272s] -- Installing: /home/pepijn/ros2_ws/install/arduino_interfaces/lib/python3.12/site-packages/arduino_interfaces-0.0.0-py3.12.egg-info/top_level.txt
[4.272s] -- Installing: /home/pepijn/ros2_ws/install/arduino_interfaces/lib/python3.12/site-packages/arduino_interfaces-0.0.0-py3.12.egg-info/PKG-INFO
[4.272s] -- Installing: /home/pepijn/ros2_ws/install/arduino_interfaces/lib/python3.12/site-packages/arduino_interfaces-0.0.0-py3.12.egg-info/dependency_links.txt
[4.272s] -- Installing: /home/pepijn/ros2_ws/install/arduino_interfaces/lib/python3.12/site-packages/arduino_interfaces-0.0.0-py3.12.egg-info/SOURCES.txt
[4.272s] -- Installing: /home/pepijn/ros2_ws/install/arduino_interfaces/lib/python3.12/site-packages/arduino_interfaces
[4.272s] -- Installing: /home/pepijn/ros2_ws/install/arduino_interfaces/lib/python3.12/site-packages/arduino_interfaces/srv
[4.273s] -- Installing: /home/pepijn/ros2_ws/install/arduino_interfaces/lib/python3.12/site-packages/arduino_interfaces/srv/_set_stepper_motor_positions_s.c
[4.273s] -- Installing: /home/pepijn/ros2_ws/install/arduino_interfaces/lib/python3.12/site-packages/arduino_interfaces/srv/_set_stepper_motor_positions.py
[4.273s] -- Installing: /home/pepijn/ros2_ws/install/arduino_interfaces/lib/python3.12/site-packages/arduino_interfaces/srv/__init__.py
[4.273s] -- Installing: /home/pepijn/ros2_ws/install/arduino_interfaces/lib/python3.12/site-packages/arduino_interfaces/_arduino_interfaces_s.ep.rosidl_typesupport_fastrtps_c.c
[4.273s] -- Installing: /home/pepijn/ros2_ws/install/arduino_interfaces/lib/python3.12/site-packages/arduino_interfaces/arduino_interfaces_s__rosidl_typesupport_fastrtps_c.so
[4.273s] -- Installing: /home/pepijn/ros2_ws/install/arduino_interfaces/lib/python3.12/site-packages/arduino_interfaces/_arduino_interfaces_s.ep.rosidl_typesupport_introspection_c.c
[4.273s] -- Installing: /home/pepijn/ros2_ws/install/arduino_interfaces/lib/python3.12/site-packages/arduino_interfaces/arduino_interfaces_s__rosidl_typesupport_c.so
[4.273s] -- Installing: /home/pepijn/ros2_ws/install/arduino_interfaces/lib/python3.12/site-packages/arduino_interfaces/__init__.py
[4.273s] -- Installing: /home/pepijn/ros2_ws/install/arduino_interfaces/lib/python3.12/site-packages/arduino_interfaces/msg
[4.274s] -- Installing: /home/pepijn/ros2_ws/install/arduino_interfaces/lib/python3.12/site-packages/arduino_interfaces/msg/_num.py
[4.274s] -- Installing: /home/pepijn/ros2_ws/install/arduino_interfaces/lib/python3.12/site-packages/arduino_interfaces/msg/_num_s.c
[4.274s] -- Installing: /home/pepijn/ros2_ws/install/arduino_interfaces/lib/python3.12/site-packages/arduino_interfaces/msg/__init__.py
[4.274s] -- Installing: /home/pepijn/ros2_ws/install/arduino_interfaces/lib/python3.12/site-packages/arduino_interfaces/_arduino_interfaces_s.ep.rosidl_typesupport_c.c
[4.274s] -- Installing: /home/pepijn/ros2_ws/install/arduino_interfaces/lib/python3.12/site-packages/arduino_interfaces/arduino_interfaces_s__rosidl_typesupport_introspection_c.so
[4.307s] Listing '/home/pepijn/ros2_ws/install/arduino_interfaces/lib/python3.12/site-packages/arduino_interfaces'...
[4.307s] Compiling '/home/pepijn/ros2_ws/install/arduino_interfaces/lib/python3.12/site-packages/arduino_interfaces/__init__.py'...
[4.307s] Listing '/home/pepijn/ros2_ws/install/arduino_interfaces/lib/python3.12/site-packages/arduino_interfaces/msg'...
[4.307s] Compiling '/home/pepijn/ros2_ws/install/arduino_interfaces/lib/python3.12/site-packages/arduino_interfaces/msg/__init__.py'...
[4.307s] Compiling '/home/pepijn/ros2_ws/install/arduino_interfaces/lib/python3.12/site-packages/arduino_interfaces/msg/_num.py'...
[4.307s] Listing '/home/pepijn/ros2_ws/install/arduino_interfaces/lib/python3.12/site-packages/arduino_interfaces/srv'...
[4.307s] Compiling '/home/pepijn/ros2_ws/install/arduino_interfaces/lib/python3.12/site-packages/arduino_interfaces/srv/__init__.py'...
[4.307s] Compiling '/home/pepijn/ros2_ws/install/arduino_interfaces/lib/python3.12/site-packages/arduino_interfaces/srv/_set_stepper_motor_positions.py'...
[4.312s] -- Installing: /home/pepijn/ros2_ws/install/arduino_interfaces/lib/python3.12/site-packages/arduino_interfaces/arduino_interfaces_s__rosidl_typesupport_fastrtps_c.so
[4.312s] -- Set non-toolchain portion of runtime path of "/home/pepijn/ros2_ws/install/arduino_interfaces/lib/python3.12/site-packages/arduino_interfaces/arduino_interfaces_s__rosidl_typesupport_fastrtps_c.so" to ""
[4.312s] -- Installing: /home/pepijn/ros2_ws/install/arduino_interfaces/lib/python3.12/site-packages/arduino_interfaces/arduino_interfaces_s__rosidl_typesupport_introspection_c.so
[4.312s] -- Set non-toolchain portion of runtime path of "/home/pepijn/ros2_ws/install/arduino_interfaces/lib/python3.12/site-packages/arduino_interfaces/arduino_interfaces_s__rosidl_typesupport_introspection_c.so" to ""
[4.312s] -- Installing: /home/pepijn/ros2_ws/install/arduino_interfaces/lib/python3.12/site-packages/arduino_interfaces/arduino_interfaces_s__rosidl_typesupport_c.so
[4.313s] -- Set non-toolchain portion of runtime path of "/home/pepijn/ros2_ws/install/arduino_interfaces/lib/python3.12/site-packages/arduino_interfaces/arduino_interfaces_s__rosidl_typesupport_c.so" to ""
[4.313s] -- Installing: /home/pepijn/ros2_ws/install/arduino_interfaces/lib/libarduino_interfaces__rosidl_generator_py.so
[4.313s] -- Set non-toolchain portion of runtime path of "/home/pepijn/ros2_ws/install/arduino_interfaces/lib/libarduino_interfaces__rosidl_generator_py.so" to ""
[4.313s] -- Installing: /home/pepijn/ros2_ws/install/arduino_interfaces/share/arduino_interfaces/msg/Num.idl
[4.313s] -- Installing: /home/pepijn/ros2_ws/install/arduino_interfaces/share/arduino_interfaces/srv/SetStepperMotorPositions.idl
[4.313s] -- Installing: /home/pepijn/ros2_ws/install/arduino_interfaces/share/arduino_interfaces/msg/Num.msg
[4.314s] -- Installing: /home/pepijn/ros2_ws/install/arduino_interfaces/share/arduino_interfaces/srv/SetStepperMotorPositions.srv
[4.314s] -- Installing: /home/pepijn/ros2_ws/install/arduino_interfaces/share/ament_index/resource_index/package_run_dependencies/arduino_interfaces
[4.314s] -- Installing: /home/pepijn/ros2_ws/install/arduino_interfaces/share/ament_index/resource_index/parent_prefix_path/arduino_interfaces
[4.314s] -- Installing: /home/pepijn/ros2_ws/install/arduino_interfaces/share/arduino_interfaces/environment/ament_prefix_path.sh
[4.314s] -- Installing: /home/pepijn/ros2_ws/install/arduino_interfaces/share/arduino_interfaces/environment/ament_prefix_path.dsv
[4.314s] -- Installing: /home/pepijn/ros2_ws/install/arduino_interfaces/share/arduino_interfaces/environment/path.sh
[4.314s] -- Installing: /home/pepijn/ros2_ws/install/arduino_interfaces/share/arduino_interfaces/environment/path.dsv
[4.315s] -- Installing: /home/pepijn/ros2_ws/install/arduino_interfaces/share/arduino_interfaces/local_setup.bash
[4.315s] -- Installing: /home/pepijn/ros2_ws/install/arduino_interfaces/share/arduino_interfaces/local_setup.sh
[4.315s] -- Installing: /home/pepijn/ros2_ws/install/arduino_interfaces/share/arduino_interfaces/local_setup.zsh
[4.315s] -- Installing: /home/pepijn/ros2_ws/install/arduino_interfaces/share/arduino_interfaces/local_setup.dsv
[4.315s] -- Installing: /home/pepijn/ros2_ws/install/arduino_interfaces/share/arduino_interfaces/package.dsv
[4.315s] -- Installing: /home/pepijn/ros2_ws/install/arduino_interfaces/share/ament_index/resource_index/packages/arduino_interfaces
[4.315s] -- Installing: /home/pepijn/ros2_ws/install/arduino_interfaces/share/arduino_interfaces/cmake/export_arduino_interfaces__rosidl_generator_cExport.cmake
[4.316s] -- Installing: /home/pepijn/ros2_ws/install/arduino_interfaces/share/arduino_interfaces/cmake/export_arduino_interfaces__rosidl_generator_cExport-noconfig.cmake
[4.316s] -- Installing: /home/pepijn/ros2_ws/install/arduino_interfaces/share/arduino_interfaces/cmake/export_arduino_interfaces__rosidl_typesupport_fastrtps_cExport.cmake
[4.316s] -- Installing: /home/pepijn/ros2_ws/install/arduino_interfaces/share/arduino_interfaces/cmake/export_arduino_interfaces__rosidl_typesupport_fastrtps_cExport-noconfig.cmake
[4.316s] -- Installing: /home/pepijn/ros2_ws/install/arduino_interfaces/share/arduino_interfaces/cmake/arduino_interfaces__rosidl_typesupport_introspection_cExport.cmake
[4.316s] -- Installing: /home/pepijn/ros2_ws/install/arduino_interfaces/share/arduino_interfaces/cmake/arduino_interfaces__rosidl_typesupport_introspection_cExport-noconfig.cmake
[4.316s] -- Installing: /home/pepijn/ros2_ws/install/arduino_interfaces/share/arduino_interfaces/cmake/arduino_interfaces__rosidl_typesupport_cExport.cmake
[4.316s] -- Installing: /home/pepijn/ros2_ws/install/arduino_interfaces/share/arduino_interfaces/cmake/arduino_interfaces__rosidl_typesupport_cExport-noconfig.cmake
[4.317s] -- Installing: /home/pepijn/ros2_ws/install/arduino_interfaces/share/arduino_interfaces/cmake/export_arduino_interfaces__rosidl_generator_cppExport.cmake
[4.317s] -- Installing: /home/pepijn/ros2_ws/install/arduino_interfaces/share/arduino_interfaces/cmake/export_arduino_interfaces__rosidl_typesupport_fastrtps_cppExport.cmake
[4.317s] -- Installing: /home/pepijn/ros2_ws/install/arduino_interfaces/share/arduino_interfaces/cmake/export_arduino_interfaces__rosidl_typesupport_fastrtps_cppExport-noconfig.cmake
[4.317s] -- Installing: /home/pepijn/ros2_ws/install/arduino_interfaces/share/arduino_interfaces/cmake/arduino_interfaces__rosidl_typesupport_introspection_cppExport.cmake
[4.317s] -- Installing: /home/pepijn/ros2_ws/install/arduino_interfaces/share/arduino_interfaces/cmake/arduino_interfaces__rosidl_typesupport_introspection_cppExport-noconfig.cmake
[4.317s] -- Installing: /home/pepijn/ros2_ws/install/arduino_interfaces/share/arduino_interfaces/cmake/arduino_interfaces__rosidl_typesupport_cppExport.cmake
[4.317s] -- Installing: /home/pepijn/ros2_ws/install/arduino_interfaces/share/arduino_interfaces/cmake/arduino_interfaces__rosidl_typesupport_cppExport-noconfig.cmake
[4.318s] -- Installing: /home/pepijn/ros2_ws/install/arduino_interfaces/share/arduino_interfaces/cmake/export_arduino_interfaces__rosidl_generator_pyExport.cmake
[4.318s] -- Installing: /home/pepijn/ros2_ws/install/arduino_interfaces/share/arduino_interfaces/cmake/export_arduino_interfaces__rosidl_generator_pyExport-noconfig.cmake
[4.318s] -- Installing: /home/pepijn/ros2_ws/install/arduino_interfaces/share/arduino_interfaces/cmake/rosidl_cmake-extras.cmake
[4.318s] -- Installing: /home/pepijn/ros2_ws/install/arduino_interfaces/share/arduino_interfaces/cmake/ament_cmake_export_dependencies-extras.cmake
[4.318s] -- Installing: /home/pepijn/ros2_ws/install/arduino_interfaces/share/arduino_interfaces/cmake/ament_cmake_export_include_directories-extras.cmake
[4.318s] -- Installing: /home/pepijn/ros2_ws/install/arduino_interfaces/share/arduino_interfaces/cmake/ament_cmake_export_libraries-extras.cmake
[4.318s] -- Installing: /home/pepijn/ros2_ws/install/arduino_interfaces/share/arduino_interfaces/cmake/ament_cmake_export_targets-extras.cmake
[4.319s] -- Installing: /home/pepijn/ros2_ws/install/arduino_interfaces/share/arduino_interfaces/cmake/rosidl_cmake_export_typesupport_targets-extras.cmake
[4.319s] -- Installing: /home/pepijn/ros2_ws/install/arduino_interfaces/share/arduino_interfaces/cmake/rosidl_cmake_export_typesupport_libraries-extras.cmake
[4.319s] -- Installing: /home/pepijn/ros2_ws/install/arduino_interfaces/share/arduino_interfaces/cmake/arduino_interfacesConfig.cmake
[4.319s] -- Installing: /home/pepijn/ros2_ws/install/arduino_interfaces/share/arduino_interfaces/cmake/arduino_interfacesConfig-version.cmake
[4.319s] -- Installing: /home/pepijn/ros2_ws/install/arduino_interfaces/share/arduino_interfaces/package.xml
[4.321s] Invoked command in '/home/pepijn/ros2_ws/build/arduino_interfaces' returned '0': CMAKE_PREFIX_PATH=${CMAKE_PREFIX_PATH}:/home/pepijn/ros2_ws/install/py_srvcli:/home/pepijn/ros2_ws/install/my_package:/opt/ros/jazzy DEBUGINFOD_URLS=https://debuginfod.ubuntu.com /usr/bin/cmake --install /home/pepijn/ros2_ws/build/arduino_interfaces
