[0.838s] Invoking command in '/home/pepijn/ros2_ws/src/my_package': DEBUGINFOD_URLS=https://debuginfod.ubuntu.com PYTHONPATH=/home/pepijn/ros2_ws/build/my_package/prefix_override:/usr/lib/python3/dist-packages/colcon_core/task/python/colcon_distutils_commands:/home/pepijn/ros2_ws/install/my_package/lib/python3.12/site-packages:${PYTHONPATH} /usr/bin/python3 -W ignore:setup.py install is deprecated -W ignore:easy_install command is deprecated setup.py egg_info --egg-base ../../build/my_package build --build-base /home/pepijn/ros2_ws/build/my_package/build install --record /home/pepijn/ros2_ws/build/my_package/install.log --single-version-externally-managed install_data
[1.054s] running egg_info
[1.070s] writing ../../build/my_package/my_package.egg-info/PKG-INFO
[1.070s] writing dependency_links to ../../build/my_package/my_package.egg-info/dependency_links.txt
[1.070s] writing entry points to ../../build/my_package/my_package.egg-info/entry_points.txt
[1.070s] writing requirements to ../../build/my_package/my_package.egg-info/requires.txt
[1.070s] writing top-level names to ../../build/my_package/my_package.egg-info/top_level.txt
[1.104s] reading manifest file '../../build/my_package/my_package.egg-info/SOURCES.txt'
[1.105s] adding license file 'LICENSE'
[1.105s] writing manifest file '../../build/my_package/my_package.egg-info/SOURCES.txt'
[1.105s] running build
[1.105s] running build_py
[1.106s] running install
[1.112s] running install_lib
[1.131s] running install_data
[1.132s] running install_egg_info
[1.152s] removing '/home/pepijn/ros2_ws/install/my_package/lib/python3.12/site-packages/my_package-0.0.0-py3.12.egg-info' (and everything under it)
[1.153s] Copying ../../build/my_package/my_package.egg-info to /home/pepijn/ros2_ws/install/my_package/lib/python3.12/site-packages/my_package-0.0.0-py3.12.egg-info
[1.154s] running install_scripts
[1.269s] Installing my_node script to /home/pepijn/ros2_ws/install/my_package/lib/my_package
[1.269s] writing list of installed files to '/home/pepijn/ros2_ws/build/my_package/install.log'
[1.293s] Invoked command in '/home/pepijn/ros2_ws/src/my_package' returned '0': DEBUGINFOD_URLS=https://debuginfod.ubuntu.com PYTHONPATH=/home/pepijn/ros2_ws/build/my_package/prefix_override:/usr/lib/python3/dist-packages/colcon_core/task/python/colcon_distutils_commands:/home/pepijn/ros2_ws/install/my_package/lib/python3.12/site-packages:${PYTHONPATH} /usr/bin/python3 -W ignore:setup.py install is deprecated -W ignore:easy_install command is deprecated setup.py egg_info --egg-base ../../build/my_package build --build-base /home/pepijn/ros2_ws/build/my_package/build install --record /home/pepijn/ros2_ws/build/my_package/install.log --single-version-externally-managed install_data
