[0.977s] Invoking command in '/home/pepijn/ros2_ws/src/my_package': DEBUGINFOD_URLS=https://debuginfod.ubuntu.com PYTHONPATH=/home/pepijn/ros2_ws/build/my_package/prefix_override:/usr/lib/python3/dist-packages/colcon_core/task/python/colcon_distutils_commands:/home/pepijn/ros2_ws/install/my_package/lib/python3.12/site-packages:${PYTHONPATH} /usr/bin/python3 -W ignore:setup.py install is deprecated -W ignore:easy_install command is deprecated setup.py egg_info --egg-base ../../build/my_package build --build-base /home/pepijn/ros2_ws/build/my_package/build install --record /home/pepijn/ros2_ws/build/my_package/install.log --single-version-externally-managed install_data
[1.188s] running egg_info
[1.189s] creating ../../build/my_package/my_package.egg-info
[1.205s] writing ../../build/my_package/my_package.egg-info/PKG-INFO
[1.205s] writing dependency_links to ../../build/my_package/my_package.egg-info/dependency_links.txt
[1.205s] writing entry points to ../../build/my_package/my_package.egg-info/entry_points.txt
[1.205s] writing requirements to ../../build/my_package/my_package.egg-info/requires.txt
[1.205s] writing top-level names to ../../build/my_package/my_package.egg-info/top_level.txt
[1.205s] writing manifest file '../../build/my_package/my_package.egg-info/SOURCES.txt'
[1.237s] reading manifest file '../../build/my_package/my_package.egg-info/SOURCES.txt'
[1.238s] adding license file 'LICENSE'
[1.238s] writing manifest file '../../build/my_package/my_package.egg-info/SOURCES.txt'
[1.238s] running build
[1.238s] running build_py
[1.238s] creating /home/pepijn/ros2_ws/build/my_package/build
[1.238s] creating /home/pepijn/ros2_ws/build/my_package/build/lib
[1.238s] creating /home/pepijn/ros2_ws/build/my_package/build/lib/my_package
[1.238s] copying my_package/my_node.py -> /home/pepijn/ros2_ws/build/my_package/build/lib/my_package
[1.239s] copying my_package/__init__.py -> /home/pepijn/ros2_ws/build/my_package/build/lib/my_package
[1.239s] running install
[1.243s] running install_lib
[1.260s] creating /home/pepijn/ros2_ws/install/my_package/lib/python3.12/site-packages/my_package
[1.260s] copying /home/pepijn/ros2_ws/build/my_package/build/lib/my_package/my_node.py -> /home/pepijn/ros2_ws/install/my_package/lib/python3.12/site-packages/my_package
[1.260s] copying /home/pepijn/ros2_ws/build/my_package/build/lib/my_package/__init__.py -> /home/pepijn/ros2_ws/install/my_package/lib/python3.12/site-packages/my_package
[1.260s] byte-compiling /home/pepijn/ros2_ws/install/my_package/lib/python3.12/site-packages/my_package/my_node.py to my_node.cpython-312.pyc
[1.261s] byte-compiling /home/pepijn/ros2_ws/install/my_package/lib/python3.12/site-packages/my_package/__init__.py to __init__.cpython-312.pyc
[1.261s] running install_data
[1.261s] creating /home/pepijn/ros2_ws/install/my_package/share/ament_index
[1.261s] creating /home/pepijn/ros2_ws/install/my_package/share/ament_index/resource_index
[1.261s] creating /home/pepijn/ros2_ws/install/my_package/share/ament_index/resource_index/packages
[1.261s] copying resource/my_package -> /home/pepijn/ros2_ws/install/my_package/share/ament_index/resource_index/packages
[1.261s] copying package.xml -> /home/pepijn/ros2_ws/install/my_package/share/my_package
[1.261s] running install_egg_info
[1.278s] Copying ../../build/my_package/my_package.egg-info to /home/pepijn/ros2_ws/install/my_package/lib/python3.12/site-packages/my_package-0.0.0-py3.12.egg-info
[1.279s] running install_scripts
[1.389s] Installing my_node script to /home/pepijn/ros2_ws/install/my_package/lib/my_package
[1.389s] writing list of installed files to '/home/pepijn/ros2_ws/build/my_package/install.log'
[1.415s] Invoked command in '/home/pepijn/ros2_ws/src/my_package' returned '0': DEBUGINFOD_URLS=https://debuginfod.ubuntu.com PYTHONPATH=/home/pepijn/ros2_ws/build/my_package/prefix_override:/usr/lib/python3/dist-packages/colcon_core/task/python/colcon_distutils_commands:/home/pepijn/ros2_ws/install/my_package/lib/python3.12/site-packages:${PYTHONPATH} /usr/bin/python3 -W ignore:setup.py install is deprecated -W ignore:easy_install command is deprecated setup.py egg_info --egg-base ../../build/my_package build --build-base /home/pepijn/ros2_ws/build/my_package/build install --record /home/pepijn/ros2_ws/build/my_package/install.log --single-version-externally-managed install_data
