[0.497s] Invoking command in '/home/pepijn/ros2_ws/src/py_srvcli': DEBUGINFOD_URLS=https://debuginfod.ubuntu.com PYTHONPATH=/home/pepijn/ros2_ws/build/py_srvcli/prefix_override:/usr/lib/python3/dist-packages/colcon_core/task/python/colcon_distutils_commands:/home/pepijn/ros2_ws/install/py_srvcli/lib/python3.12/site-packages: /usr/bin/python3 -W ignore:setup.py install is deprecated -W ignore:easy_install command is deprecated setup.py egg_info --egg-base ../../build/py_srvcli build --build-base /home/pepijn/ros2_ws/build/py_srvcli/build install --record /home/pepijn/ros2_ws/build/py_srvcli/install.log --single-version-externally-managed install_data
[0.655s] running egg_info
[0.665s] writing ../../build/py_srvcli/py_srvcli.egg-info/PKG-INFO
[0.665s] writing dependency_links to ../../build/py_srvcli/py_srvcli.egg-info/dependency_links.txt
[0.665s] writing entry points to ../../build/py_srvcli/py_srvcli.egg-info/entry_points.txt
[0.665s] writing requirements to ../../build/py_srvcli/py_srvcli.egg-info/requires.txt
[0.665s] writing top-level names to ../../build/py_srvcli/py_srvcli.egg-info/top_level.txt
[0.684s] reading manifest file '../../build/py_srvcli/py_srvcli.egg-info/SOURCES.txt'
[0.684s] adding license file 'LICENSE'
[0.685s] writing manifest file '../../build/py_srvcli/py_srvcli.egg-info/SOURCES.txt'
[0.685s] running build
[0.685s] running build_py
[0.685s] running install
[0.691s] running install_lib
[0.701s] running install_data
[0.701s] running install_egg_info
[0.712s] removing '/home/pepijn/ros2_ws/install/py_srvcli/lib/python3.12/site-packages/py_srvcli-0.0.0-py3.12.egg-info' (and everything under it)
[0.712s] Copying ../../build/py_srvcli/py_srvcli.egg-info to /home/pepijn/ros2_ws/install/py_srvcli/lib/python3.12/site-packages/py_srvcli-0.0.0-py3.12.egg-info
[0.713s] running install_scripts
[0.789s] Installing client script to /home/pepijn/ros2_ws/install/py_srvcli/lib/py_srvcli
[0.789s] Installing service script to /home/pepijn/ros2_ws/install/py_srvcli/lib/py_srvcli
[0.789s] writing list of installed files to '/home/pepijn/ros2_ws/build/py_srvcli/install.log'
[0.811s] Invoked command in '/home/pepijn/ros2_ws/src/py_srvcli' returned '0': DEBUGINFOD_URLS=https://debuginfod.ubuntu.com PYTHONPATH=/home/pepijn/ros2_ws/build/py_srvcli/prefix_override:/usr/lib/python3/dist-packages/colcon_core/task/python/colcon_distutils_commands:/home/pepijn/ros2_ws/install/py_srvcli/lib/python3.12/site-packages: /usr/bin/python3 -W ignore:setup.py install is deprecated -W ignore:easy_install command is deprecated setup.py egg_info --egg-base ../../build/py_srvcli build --build-base /home/pepijn/ros2_ws/build/py_srvcli/build install --record /home/pepijn/ros2_ws/build/py_srvcli/install.log --single-version-externally-managed install_data
