[0mCMake Error: The current CMakeCache.txt directory /home/pepijn/Desktop/git/DUM-E_ROSCode/ros2_ws/build/arduino_interfaces/CMakeCache.txt is different than the directory /home/pepijn/ros2_ws/build/arduino_interfaces where CMakeCache.txt was created. This may result in binaries being created in the wrong place. If you are not sure, reedit the CMakeCache.txt[0m
[  2%] Built target arduino_interfaces__rosidl_generator_type_description
[  2%] Built target ament_cmake_python_copy_arduino_interfaces
[  4%] Built target arduino_interfaces__cpp
[ 22%] Built target arduino_interfaces__rosidl_generator_c
[ 31%] Built target arduino_interfaces__rosidl_typesupport_c
[ 40%] Built target arduino_interfaces__rosidl_typesupport_introspection_c
[ 50%] Built target arduino_interfaces__rosidl_typesupport_fastrtps_c
[ 59%] Built target arduino_interfaces__rosidl_typesupport_fastrtps_cpp
[ 77%] Built target arduino_interfaces__rosidl_typesupport_cpp
[ 77%] Built target arduino_interfaces__rosidl_typesupport_introspection_cpp
[ 77%] Built target arduino_interfaces
[ 79%] Built target arduino_interfaces__py
[ 86%] Built target arduino_interfaces__rosidl_generator_py
[ 97%] Built target arduino_interfaces_s__rosidl_typesupport_introspection_c
[ 97%] Built target arduino_interfaces_s__rosidl_typesupport_fastrtps_c
[100%] Built target arduino_interfaces_s__rosidl_typesupport_c
running egg_info
writing arduino_interfaces.egg-info/PKG-INFO
writing dependency_links to arduino_interfaces.egg-info/dependency_links.txt
writing top-level names to arduino_interfaces.egg-info/top_level.txt
reading manifest file 'arduino_interfaces.egg-info/SOURCES.txt'
writing manifest file 'arduino_interfaces.egg-info/SOURCES.txt'
[100%] Built target ament_cmake_python_build_arduino_interfaces_egg
