[0.730s] Invoking command in '/home/pepijn/ros2_ws/src/my_package': DEBUGINFOD_URLS=https://debuginfod.ubuntu.com PYTHONPATH=/home/pepijn/ros2_ws/build/my_package/prefix_override:/usr/lib/python3/dist-packages/colcon_core/task/python/colcon_distutils_commands:/home/pepijn/ros2_ws/install/my_package/lib/python3.12/site-packages:${PYTHONPATH} /usr/bin/python3 -W ignore:setup.py install is deprecated -W ignore:easy_install command is deprecated setup.py egg_info --egg-base ../../build/my_package build --build-base /home/pepijn/ros2_ws/build/my_package/build install --record /home/pepijn/ros2_ws/build/my_package/install.log --single-version-externally-managed install_data
[0.949s] running egg_info
[0.966s] writing ../../build/my_package/my_package.egg-info/PKG-INFO
[0.966s] writing dependency_links to ../../build/my_package/my_package.egg-info/dependency_links.txt
[0.966s] writing entry points to ../../build/my_package/my_package.egg-info/entry_points.txt
[0.966s] writing requirements to ../../build/my_package/my_package.egg-info/requires.txt
[0.966s] writing top-level names to ../../build/my_package/my_package.egg-info/top_level.txt
[0.999s] reading manifest file '../../build/my_package/my_package.egg-info/SOURCES.txt'
[1.000s] adding license file 'LICENSE'
[1.000s] writing manifest file '../../build/my_package/my_package.egg-info/SOURCES.txt'
[1.000s] running build
[1.000s] running build_py
[1.000s] running install
[1.005s] running install_lib
[1.022s] running install_data
[1.023s] running install_egg_info
[1.040s] removing '/home/pepijn/ros2_ws/install/my_package/lib/python3.12/site-packages/my_package-0.0.0-py3.12.egg-info' (and everything under it)
[1.040s] Copying ../../build/my_package/my_package.egg-info to /home/pepijn/ros2_ws/install/my_package/lib/python3.12/site-packages/my_package-0.0.0-py3.12.egg-info
[1.041s] running install_scripts
[1.153s] Installing my_node script to /home/pepijn/ros2_ws/install/my_package/lib/my_package
[1.154s] writing list of installed files to '/home/pepijn/ros2_ws/build/my_package/install.log'
[1.181s] Invoked command in '/home/pepijn/ros2_ws/src/my_package' returned '0': DEBUGINFOD_URLS=https://debuginfod.ubuntu.com PYTHONPATH=/home/pepijn/ros2_ws/build/my_package/prefix_override:/usr/lib/python3/dist-packages/colcon_core/task/python/colcon_distutils_commands:/home/pepijn/ros2_ws/install/my_package/lib/python3.12/site-packages:${PYTHONPATH} /usr/bin/python3 -W ignore:setup.py install is deprecated -W ignore:easy_install command is deprecated setup.py egg_info --egg-base ../../build/my_package build --build-base /home/pepijn/ros2_ws/build/my_package/build install --record /home/pepijn/ros2_ws/build/my_package/install.log --single-version-externally-managed install_data
