running egg_info
writing ../../build/py_srvcli/py_srvcli.egg-info/PKG-INFO
writing dependency_links to ../../build/py_srvcli/py_srvcli.egg-info/dependency_links.txt
writing entry points to ../../build/py_srvcli/py_srvcli.egg-info/entry_points.txt
writing requirements to ../../build/py_srvcli/py_srvcli.egg-info/requires.txt
writing top-level names to ../../build/py_srvcli/py_srvcli.egg-info/top_level.txt
reading manifest file '../../build/py_srvcli/py_srvcli.egg-info/SOURCES.txt'
adding license file 'LICENSE'
writing manifest file '../../build/py_srvcli/py_srvcli.egg-info/SOURCES.txt'
running build
running build_py
copying py_srvcli/arduino_uart_class.py -> /home/pepijn/ros2_ws/build/py_srvcli/build/lib/py_srvcli
copying py_srvcli/service_member_function.py -> /home/pepijn/ros2_ws/build/py_srvcli/build/lib/py_srvcli
running install
running install_lib
copying /home/pepijn/ros2_ws/build/py_srvcli/build/lib/py_srvcli/arduino_uart_class.py -> /home/pepijn/ros2_ws/install/py_srvcli/lib/python3.12/site-packages/py_srvcli
copying /home/pepijn/ros2_ws/build/py_srvcli/build/lib/py_srvcli/service_member_function.py -> /home/pepijn/ros2_ws/install/py_srvcli/lib/python3.12/site-packages/py_srvcli
byte-compiling /home/pepijn/ros2_ws/install/py_srvcli/lib/python3.12/site-packages/py_srvcli/arduino_uart_class.py to arduino_uart_class.cpython-312.pyc
byte-compiling /home/pepijn/ros2_ws/install/py_srvcli/lib/python3.12/site-packages/py_srvcli/service_member_function.py to service_member_function.cpython-312.pyc
/home/pepijn/ros2_ws/install/py_srvcli/lib/python3.12/site-packages/py_srvcli/service_member_function.py:16: SyntaxWarning: 'str' object is not callable; perhaps you missed a comma?
  self.get_logger().info('Incoming request\nbr:%d r:%d er:%d ea:%d' (request.base_rotation,request.rotation, request.end_rotation, request.end_angle ))
running install_data
copying package.xml -> /home/pepijn/ros2_ws/install/py_srvcli/share/py_srvcli
running install_egg_info
removing '/home/pepijn/ros2_ws/install/py_srvcli/lib/python3.12/site-packages/py_srvcli-0.0.0-py3.12.egg-info' (and everything under it)
Copying ../../build/py_srvcli/py_srvcli.egg-info to /home/pepijn/ros2_ws/install/py_srvcli/lib/python3.12/site-packages/py_srvcli-0.0.0-py3.12.egg-info
running install_scripts
Installing client script to /home/pepijn/ros2_ws/install/py_srvcli/lib/py_srvcli
Installing service script to /home/pepijn/ros2_ws/install/py_srvcli/lib/py_srvcli
writing list of installed files to '/home/pepijn/ros2_ws/build/py_srvcli/install.log'
